[ 2017-09-21T14:29:24+08:00 ] ::1 /Angelababy/
INFO: [ app_init ] --START--
INFO: Run Behavior\BuildLiteBehavior [ RunTime:0.000010s ]
INFO: [ app_init ] --END-- [ RunTime:0.001593s ]
INFO: [ app_begin ] --START--
INFO: Run Behavior\ReadHtmlCacheBehavior [ RunTime:0.001609s ]
INFO: [ app_begin ] --END-- [ RunTime:0.001661s ]
NOTIC: [8] Undefined index: uname D:\WWW\Angelababy\Application\Home\Controller\BaseController.class.php 第 7 行.
INFO: [ view_parse ] --START--
INFO: [ template_filter ] --START--
INFO: Run Behavior\ContentReplaceBehavior [ RunTime:0.035280s ]
INFO: [ template_filter ] --END-- [ RunTime:0.035342s ]
NOTIC: [8] Undefined variable: uname D:\WWW\Angelababy\Application\Runtime\Cache\Home\2a94b8bda04ff446dcedd42276fc99ee.php 第 49 行.
NOTIC: [8] Undefined variable: arr D:\WWW\Angelababy\Application\Runtime\Cache\Home\2a94b8bda04ff446dcedd42276fc99ee.php 第 68 行.
NOTIC: [8] Undefined variable: arr D:\WWW\Angelababy\Application\Runtime\Cache\Home\2a94b8bda04ff446dcedd42276fc99ee.php 第 74 行.
INFO: Run Behavior\ParseTemplateBehavior [ RunTime:0.344397s ]
INFO: [ view_parse ] --END-- [ RunTime:0.344473s ]
INFO: [ view_filter ] --START--
INFO: Run Behavior\WriteHtmlCacheBehavior [ RunTime:0.002229s ]
INFO: [ view_filter ] --END-- [ RunTime:0.002284s ]
INFO: [ app_end ] --START--
INFO: Run Behavior\ShowPageTraceBehavior [ RunTime:0.028643s ]
INFO: [ app_end ] --END-- [ RunTime:0.028719s ]

[ 2017-09-21T14:30:38+08:00 ] ::1 /Angelababy/index.php/index/index
INFO: [ app_init ] --START--
INFO: Run Behavior\BuildLiteBehavior [ RunTime:0.000007s ]
INFO: [ app_init ] --END-- [ RunTime:0.000380s ]
INFO: [ app_begin ] --START--
INFO: Run Behavior\ReadHtmlCacheBehavior [ RunTime:0.000508s ]
INFO: [ app_begin ] --END-- [ RunTime:0.000547s ]
NOTIC: [8] Undefined index: uname D:\WWW\Angelababy\Application\Home\Controller\BaseController.class.php 第 7 行.
INFO: [ view_parse ] --START--
INFO: [ template_filter ] --START--
INFO: Run Behavior\ContentReplaceBehavior [ RunTime:0.000200s ]
INFO: [ template_filter ] --END-- [ RunTime:0.000234s ]
NOTIC: [8] Undefined variable: uname D:\WWW\Angelababy\Application\Runtime\Cache\Home\2a94b8bda04ff446dcedd42276fc99ee.php 第 49 行.
NOTIC: [8] Undefined variable: arr D:\WWW\Angelababy\Application\Runtime\Cache\Home\2a94b8bda04ff446dcedd42276fc99ee.php 第 68 行.
NOTIC: [8] Undefined variable: arr D:\WWW\Angelababy\Application\Runtime\Cache\Home\2a94b8bda04ff446dcedd42276fc99ee.php 第 74 行.
INFO: Run Behavior\ParseTemplateBehavior [ RunTime:0.031857s ]
INFO: [ view_parse ] --END-- [ RunTime:0.031889s ]
INFO: [ view_filter ] --START--
INFO: Run Behavior\WriteHtmlCacheBehavior [ RunTime:0.000547s ]
INFO: [ view_filter ] --END-- [ RunTime:0.000578s ]
INFO: [ app_end ] --START--
INFO: Run Behavior\ShowPageTraceBehavior [ RunTime:0.000965s ]
INFO: [ app_end ] --END-- [ RunTime:0.001022s ]

[ 2017-09-21T14:31:02+08:00 ] ::1 /Angelababy/register/register
INFO: [ app_init ] --START--
INFO: Run Behavior\BuildLiteBehavior [ RunTime:0.000008s ]
INFO: [ app_init ] --END-- [ RunTime:0.000377s ]
INFO: [ app_begin ] --START--
INFO: Run Behavior\ReadHtmlCacheBehavior [ RunTime:0.001516s ]
INFO: [ app_begin ] --END-- [ RunTime:0.001644s ]
NOTIC: [2] Missing argument 1 for Think\Controller::show(), called in D:\WWW\Angelababy\Application\Home\Controller\RegisterController.class.php on line 6 and defined D:\WWW\Angelababy\ThinkPHP\Library\Think\Controller.class.php 第 68 行.
NOTIC: [8] Undefined variable: content D:\WWW\Angelababy\ThinkPHP\Library\Think\Controller.class.php 第 69 行.
INFO: [ view_parse ] --START--
INFO: [ template_filter ] --START--
INFO: Run Behavior\ContentReplaceBehavior [ RunTime:0.000035s ]
INFO: [ template_filter ] --END-- [ RunTime:0.000073s ]
INFO: Run Behavior\ParseTemplateBehavior [ RunTime:0.027480s ]
INFO: [ view_parse ] --END-- [ RunTime:0.027528s ]
INFO: [ view_filter ] --START--
INFO: Run Behavior\WriteHtmlCacheBehavior [ RunTime:0.000421s ]
INFO: [ view_filter ] --END-- [ RunTime:0.000450s ]
INFO: [ app_end ] --START--
INFO: Run Behavior\ShowPageTraceBehavior [ RunTime:0.000624s ]
INFO: [ app_end ] --END-- [ RunTime:0.000653s ]

[ 2017-09-21T14:43:58+08:00 ] ::1 /Angelababy/register/register
INFO: [ app_init ] --START--
INFO: Run Behavior\BuildLiteBehavior [ RunTime:0.000012s ]
INFO: [ app_init ] --END-- [ RunTime:0.000647s ]
INFO: [ app_begin ] --START--
INFO: Run Behavior\ReadHtmlCacheBehavior [ RunTime:0.000551s ]
INFO: [ app_begin ] --END-- [ RunTime:0.000599s ]
NOTIC: [2] Missing argument 1 for Think\Controller::show(), called in D:\WWW\Angelababy\Application\Home\Controller\RegisterController.class.php on line 6 and defined D:\WWW\Angelababy\ThinkPHP\Library\Think\Controller.class.php 第 68 行.
NOTIC: [8] Undefined variable: content D:\WWW\Angelababy\ThinkPHP\Library\Think\Controller.class.php 第 69 行.
INFO: [ view_parse ] --START--
INFO: [ template_filter ] --START--
INFO: Run Behavior\ContentReplaceBehavior [ RunTime:0.000055s ]
INFO: [ template_filter ] --END-- [ RunTime:0.000108s ]
INFO: Run Behavior\ParseTemplateBehavior [ RunTime:0.017679s ]
INFO: [ view_parse ] --END-- [ RunTime:0.017746s ]
INFO: [ view_filter ] --START--
INFO: Run Behavior\WriteHtmlCacheBehavior [ RunTime:0.000393s ]
INFO: [ view_filter ] --END-- [ RunTime:0.000428s ]
INFO: [ app_end ] --START--
INFO: Run Behavior\ShowPageTraceBehavior [ RunTime:0.000556s ]
INFO: [ app_end ] --END-- [ RunTime:0.000586s ]

[ 2017-09-21T14:46:00+08:00 ] ::1 /Angelababy/register/register
INFO: [ app_init ] --START--
INFO: Run Behavior\BuildLiteBehavior [ RunTime:0.000013s ]
INFO: [ app_init ] --END-- [ RunTime:0.000713s ]
INFO: [ app_begin ] --START--
INFO: Run Behavior\ReadHtmlCacheBehavior [ RunTime:0.000789s ]
INFO: [ app_begin ] --END-- [ RunTime:0.000853s ]
NOTIC: [2] Missing argument 1 for Think\Controller::show(), called in D:\WWW\Angelababy\Application\Home\Controller\RegisterController.class.php on line 6 and defined D:\WWW\Angelababy\ThinkPHP\Library\Think\Controller.class.php 第 68 行.
NOTIC: [8] Undefined variable: content D:\WWW\Angelababy\ThinkPHP\Library\Think\Controller.class.php 第 69 行.
INFO: [ view_parse ] --START--
INFO: [ template_filter ] --START--
INFO: Run Behavior\ContentReplaceBehavior [ RunTime:0.000050s ]
INFO: [ template_filter ] --END-- [ RunTime:0.000111s ]
INFO: Run Behavior\ParseTemplateBehavior [ RunTime:0.008957s ]
INFO: [ view_parse ] --END-- [ RunTime:0.009036s ]
INFO: [ view_filter ] --START--
INFO: Run Behavior\WriteHtmlCacheBehavior [ RunTime:0.000498s ]
INFO: [ view_filter ] --END-- [ RunTime:0.000550s ]
INFO: [ app_end ] --START--
INFO: Run Behavior\ShowPageTraceBehavior [ RunTime:0.000790s ]
INFO: [ app_end ] --END-- [ RunTime:0.000836s ]

[ 2017-09-21T14:46:55+08:00 ] ::1 /Angelababy/register/register
INFO: [ app_init ] --START--
INFO: Run Behavior\BuildLiteBehavior [ RunTime:0.000079s ]
INFO: [ app_init ] --END-- [ RunTime:0.002479s ]
INFO: [ app_begin ] --START--
INFO: Run Behavior\ReadHtmlCacheBehavior [ RunTime:0.000800s ]
INFO: [ app_begin ] --END-- [ RunTime:0.000869s ]
NOTIC: [2] Missing argument 1 for Think\Controller::show(), called in D:\WWW\Angelababy\Application\Home\Controller\RegisterController.class.php on line 6 and defined D:\WWW\Angelababy\ThinkPHP\Library\Think\Controller.class.php 第 68 行.
NOTIC: [8] Undefined variable: content D:\WWW\Angelababy\ThinkPHP\Library\Think\Controller.class.php 第 69 行.
INFO: [ view_parse ] --START--
INFO: [ template_filter ] --START--
INFO: Run Behavior\ContentReplaceBehavior [ RunTime:0.000041s ]
INFO: [ template_filter ] --END-- [ RunTime:0.000078s ]
INFO: Run Behavior\ParseTemplateBehavior [ RunTime:0.013713s ]
INFO: [ view_parse ] --END-- [ RunTime:0.013800s ]
INFO: [ view_filter ] --START--
INFO: Run Behavior\WriteHtmlCacheBehavior [ RunTime:0.000567s ]
INFO: [ view_filter ] --END-- [ RunTime:0.000612s ]
INFO: [ app_end ] --START--
INFO: Run Behavior\ShowPageTraceBehavior [ RunTime:0.000493s ]
INFO: [ app_end ] --END-- [ RunTime:0.000523s ]

[ 2017-09-21T14:47:31+08:00 ] ::1 /Angelababy/register/register
INFO: [ app_init ] --START--
INFO: Run Behavior\BuildLiteBehavior [ RunTime:0.000013s ]
INFO: [ app_init ] --END-- [ RunTime:0.000567s ]
INFO: [ app_begin ] --START--
INFO: Run Behavior\ReadHtmlCacheBehavior [ RunTime:0.000671s ]
INFO: [ app_begin ] --END-- [ RunTime:0.000724s ]
NOTIC: [2] Missing argument 1 for Think\Controller::show(), called in D:\WWW\Angelababy\Application\Home\Controller\RegisterController.class.php on line 6 and defined D:\WWW\Angelababy\ThinkPHP\Library\Think\Controller.class.php 第 68 行.
NOTIC: [8] Undefined variable: content D:\WWW\Angelababy\ThinkPHP\Library\Think\Controller.class.php 第 69 行.
INFO: [ view_parse ] --START--
INFO: [ template_filter ] --START--
INFO: Run Behavior\ContentReplaceBehavior [ RunTime:0.000117s ]
INFO: [ template_filter ] --END-- [ RunTime:0.000488s ]
INFO: Run Behavior\ParseTemplateBehavior [ RunTime:0.013831s ]
INFO: [ view_parse ] --END-- [ RunTime:0.013899s ]
INFO: [ view_filter ] --START--
INFO: Run Behavior\WriteHtmlCacheBehavior [ RunTime:0.000488s ]
INFO: [ view_filter ] --END-- [ RunTime:0.000542s ]
INFO: [ app_end ] --START--
INFO: Run Behavior\ShowPageTraceBehavior [ RunTime:0.000719s ]
INFO: [ app_end ] --END-- [ RunTime:0.000766s ]

[ 2017-09-21T14:47:49+08:00 ] ::1 /Angelababy/register/checked
INFO: [ app_init ] --START--
INFO: Run Behavior\BuildLiteBehavior [ RunTime:0.000012s ]
INFO: [ app_init ] --END-- [ RunTime:0.000561s ]
INFO: [ app_begin ] --START--
INFO: Run Behavior\ReadHtmlCacheBehavior [ RunTime:0.000746s ]
INFO: [ app_begin ] --END-- [ RunTime:0.000856s ]
INFO: [ app_end ] --START--
INFO: Run Behavior\ShowPageTraceBehavior [ RunTime:0.002498s ]
INFO: [ app_end ] --END-- [ RunTime:0.002765s ]

[ 2017-09-21T14:49:29+08:00 ] ::1 /Angelababy/register/checked
INFO: [ app_init ] --START--
INFO: Run Behavior\BuildLiteBehavior [ RunTime:0.000014s ]
INFO: [ app_init ] --END-- [ RunTime:0.000659s ]
INFO: [ app_begin ] --START--
INFO: Run Behavior\ReadHtmlCacheBehavior [ RunTime:0.000788s ]
INFO: [ app_begin ] --END-- [ RunTime:0.000859s ]
SQL: SHOW COLUMNS FROM `meitu_user` [ RunTime:0.0268s ]
SQL: INSERT INTO `meitu_user` (`upwd`) VALUES ('123456aa') [ RunTime:0.0237s ]
INFO: [ app_end ] --START--
INFO: Run Behavior\ShowPageTraceBehavior [ RunTime:0.000860s ]
INFO: [ app_end ] --END-- [ RunTime:0.000915s ]

[ 2017-09-21T14:49:37+08:00 ] ::1 /Angelababy/register/checked
INFO: [ app_init ] --START--
INFO: Run Behavior\BuildLiteBehavior [ RunTime:0.000011s ]
INFO: [ app_init ] --END-- [ RunTime:0.000575s ]
INFO: [ app_begin ] --START--
INFO: Run Behavior\ReadHtmlCacheBehavior [ RunTime:0.000699s ]
INFO: [ app_begin ] --END-- [ RunTime:0.000754s ]
SQL: SHOW COLUMNS FROM `meitu_user` [ RunTime:0.0313s ]
SQL: INSERT INTO `meitu_user` (`upwd`) VALUES ('123456aa') [ RunTime:0.0296s ]
INFO: [ app_end ] --START--
INFO: Run Behavior\ShowPageTraceBehavior [ RunTime:0.001258s ]
INFO: [ app_end ] --END-- [ RunTime:0.001341s ]

[ 2017-09-21T14:50:12+08:00 ] ::1 /Angelababy/register/checked
INFO: [ app_init ] --START--
INFO: Run Behavior\BuildLiteBehavior [ RunTime:0.000017s ]
INFO: [ app_init ] --END-- [ RunTime:0.000829s ]
INFO: [ app_begin ] --START--
INFO: Run Behavior\ReadHtmlCacheBehavior [ RunTime:0.000835s ]
INFO: [ app_begin ] --END-- [ RunTime:0.000935s ]
SQL: SHOW COLUMNS FROM `meitu_user` [ RunTime:0.0247s ]
SQL: INSERT INTO `meitu_user` (`upwd`) VALUES ('123456aa') [ RunTime:0.0236s ]
ERR: Think\Controller:result方法不存在！

[ 2017-09-21T14:50:28+08:00 ] ::1 /Angelababy/register/checked
INFO: [ app_init ] --START--
INFO: Run Behavior\BuildLiteBehavior [ RunTime:0.000015s ]
INFO: [ app_init ] --END-- [ RunTime:0.000870s ]
INFO: [ app_begin ] --START--
INFO: Run Behavior\ReadHtmlCacheBehavior [ RunTime:0.000804s ]
INFO: [ app_begin ] --END-- [ RunTime:0.000853s ]

[ 2017-09-21T14:50:37+08:00 ] ::1 /Angelababy/register/checked
INFO: [ app_init ] --START--
INFO: Run Behavior\BuildLiteBehavior [ RunTime:0.000013s ]
INFO: [ app_init ] --END-- [ RunTime:0.000635s ]
INFO: [ app_begin ] --START--
INFO: Run Behavior\ReadHtmlCacheBehavior [ RunTime:0.000797s ]
INFO: [ app_begin ] --END-- [ RunTime:0.000858s ]
NOTIC: [8] Undefined index: uname D:\WWW\Angelababy\Application\Home\Controller\BaseController.class.php 第 7 行.
SQL: SHOW COLUMNS FROM `meitu_user` [ RunTime:0.0264s ]
SQL: INSERT INTO `meitu_user` (`upwd`) VALUES ('123456aa') [ RunTime:0.0255s ]
INFO: [ app_end ] --START--
INFO: Run Behavior\ShowPageTraceBehavior [ RunTime:0.000717s ]
INFO: [ app_end ] --END-- [ RunTime:0.000754s ]

[ 2017-09-21T14:51:21+08:00 ] ::1 /Angelababy/register/checked
INFO: [ app_init ] --START--
INFO: Run Behavior\BuildLiteBehavior [ RunTime:0.000017s ]
INFO: [ app_init ] --END-- [ RunTime:0.000802s ]
INFO: [ app_begin ] --START--
INFO: Run Behavior\ReadHtmlCacheBehavior [ RunTime:0.000835s ]
INFO: [ app_begin ] --END-- [ RunTime:0.000914s ]
NOTIC: [8] Undefined index: uname D:\WWW\Angelababy\Application\Home\Controller\BaseController.class.php 第 7 行.
SQL: SHOW COLUMNS FROM `meitu_user` [ RunTime:0.0249s ]
SQL: INSERT INTO `meitu_user` (`upwd`) VALUES ('123456aa') [ RunTime:0.0322s ]
INFO: [ app_end ] --START--
INFO: Run Behavior\ShowPageTraceBehavior [ RunTime:0.002739s ]
INFO: [ app_end ] --END-- [ RunTime:0.003036s ]

[ 2017-09-21T14:51:26+08:00 ] ::1 /Angelababy/register/register
INFO: [ app_init ] --START--
INFO: Run Behavior\BuildLiteBehavior [ RunTime:0.000012s ]
INFO: [ app_init ] --END-- [ RunTime:0.000430s ]
INFO: [ app_begin ] --START--
INFO: Run Behavior\ReadHtmlCacheBehavior [ RunTime:0.001269s ]
INFO: [ app_begin ] --END-- [ RunTime:0.001474s ]
NOTIC: [8] Undefined index: uname D:\WWW\Angelababy\Application\Home\Controller\BaseController.class.php 第 7 行.
NOTIC: [2] Missing argument 1 for Think\Controller::show(), called in D:\WWW\Angelababy\Application\Home\Controller\RegisterController.class.php on line 6 and defined D:\WWW\Angelababy\ThinkPHP\Library\Think\Controller.class.php 第 68 行.
NOTIC: [8] Undefined variable: content D:\WWW\Angelababy\ThinkPHP\Library\Think\Controller.class.php 第 69 行.
INFO: [ view_parse ] --START--
INFO: [ template_filter ] --START--
INFO: Run Behavior\ContentReplaceBehavior [ RunTime:0.000067s ]
INFO: [ template_filter ] --END-- [ RunTime:0.000128s ]
INFO: Run Behavior\ParseTemplateBehavior [ RunTime:0.045361s ]
INFO: [ view_parse ] --END-- [ RunTime:0.045531s ]
INFO: [ view_filter ] --START--
INFO: Run Behavior\WriteHtmlCacheBehavior [ RunTime:0.000926s ]
INFO: [ view_filter ] --END-- [ RunTime:0.000975s ]
INFO: [ app_end ] --START--
INFO: Run Behavior\ShowPageTraceBehavior [ RunTime:0.000721s ]
INFO: [ app_end ] --END-- [ RunTime:0.000774s ]

[ 2017-09-21T14:51:40+08:00 ] ::1 /Angelababy/register/checked
INFO: [ app_init ] --START--
INFO: Run Behavior\BuildLiteBehavior [ RunTime:0.000013s ]
INFO: [ app_init ] --END-- [ RunTime:0.000634s ]
INFO: [ app_begin ] --START--
INFO: Run Behavior\ReadHtmlCacheBehavior [ RunTime:0.000829s ]
INFO: [ app_begin ] --END-- [ RunTime:0.000903s ]
NOTIC: [8] Undefined index: uname D:\WWW\Angelababy\Application\Home\Controller\BaseController.class.php 第 7 行.
SQL: SHOW COLUMNS FROM `meitu_user` [ RunTime:0.0333s ]
SQL: INSERT INTO `meitu_user` (`uname`,`upwd`) VALUES ('14444444444','123456aa') [ RunTime:0.0314s ]
INFO: [ app_end ] --START--
INFO: Run Behavior\ShowPageTraceBehavior [ RunTime:0.002158s ]
INFO: [ app_end ] --END-- [ RunTime:0.002331s ]

[ 2017-09-21T14:51:42+08:00 ] ::1 /Angelababy/index/index
INFO: [ app_init ] --START--
INFO: Run Behavior\BuildLiteBehavior [ RunTime:0.000010s ]
INFO: [ app_init ] --END-- [ RunTime:0.000531s ]
INFO: [ app_begin ] --START--
INFO: Run Behavior\ReadHtmlCacheBehavior [ RunTime:0.002496s ]
INFO: [ app_begin ] --END-- [ RunTime:0.002598s ]
NOTIC: [8] Undefined index: uname D:\WWW\Angelababy\Application\Home\Controller\BaseController.class.php 第 7 行.
INFO: [ view_parse ] --START--
INFO: [ template_filter ] --START--
INFO: Run Behavior\ContentReplaceBehavior [ RunTime:0.000229s ]
INFO: [ template_filter ] --END-- [ RunTime:0.000300s ]
NOTIC: [8] Undefined variable: uname D:\WWW\Angelababy\Application\Runtime\Cache\Home\2a94b8bda04ff446dcedd42276fc99ee.php 第 49 行.
NOTIC: [8] Undefined variable: arr D:\WWW\Angelababy\Application\Runtime\Cache\Home\2a94b8bda04ff446dcedd42276fc99ee.php 第 68 行.
NOTIC: [8] Undefined variable: arr D:\WWW\Angelababy\Application\Runtime\Cache\Home\2a94b8bda04ff446dcedd42276fc99ee.php 第 74 行.
INFO: Run Behavior\ParseTemplateBehavior [ RunTime:0.064021s ]
INFO: [ view_parse ] --END-- [ RunTime:0.064402s ]
INFO: [ view_filter ] --START--
INFO: Run Behavior\WriteHtmlCacheBehavior [ RunTime:0.002156s ]
INFO: [ view_filter ] --END-- [ RunTime:0.002249s ]
INFO: [ app_end ] --START--
INFO: Run Behavior\ShowPageTraceBehavior [ RunTime:0.001512s ]
INFO: [ app_end ] --END-- [ RunTime:0.001589s ]

[ 2017-09-21T14:51:54+08:00 ] ::1 /Angelababy/register/register
INFO: [ app_init ] --START--
INFO: Run Behavior\BuildLiteBehavior [ RunTime:0.000010s ]
INFO: [ app_init ] --END-- [ RunTime:0.000394s ]
INFO: [ app_begin ] --START--
INFO: Run Behavior\ReadHtmlCacheBehavior [ RunTime:0.000568s ]
INFO: [ app_begin ] --END-- [ RunTime:0.000611s ]
NOTIC: [8] Undefined index: uname D:\WWW\Angelababy\Application\Home\Controller\BaseController.class.php 第 7 行.
NOTIC: [2] Missing argument 1 for Think\Controller::show(), called in D:\WWW\Angelababy\Application\Home\Controller\RegisterController.class.php on line 6 and defined D:\WWW\Angelababy\ThinkPHP\Library\Think\Controller.class.php 第 68 行.
NOTIC: [8] Undefined variable: content D:\WWW\Angelababy\ThinkPHP\Library\Think\Controller.class.php 第 69 行.
INFO: [ view_parse ] --START--
INFO: [ template_filter ] --START--
INFO: Run Behavior\ContentReplaceBehavior [ RunTime:0.000046s ]
INFO: [ template_filter ] --END-- [ RunTime:0.000093s ]
INFO: Run Behavior\ParseTemplateBehavior [ RunTime:0.008089s ]
INFO: [ view_parse ] --END-- [ RunTime:0.008156s ]
INFO: [ view_filter ] --START--
INFO: Run Behavior\WriteHtmlCacheBehavior [ RunTime:0.000402s ]
INFO: [ view_filter ] --END-- [ RunTime:0.000444s ]
INFO: [ app_end ] --START--
INFO: Run Behavior\ShowPageTraceBehavior [ RunTime:0.000615s ]
INFO: [ app_end ] --END-- [ RunTime:0.000654s ]

[ 2017-09-21T14:52:07+08:00 ] ::1 /Angelababy/register/checked
INFO: [ app_init ] --START--
INFO: Run Behavior\BuildLiteBehavior [ RunTime:0.000014s ]
INFO: [ app_init ] --END-- [ RunTime:0.000546s ]
INFO: [ app_begin ] --START--
INFO: Run Behavior\ReadHtmlCacheBehavior [ RunTime:0.000726s ]
INFO: [ app_begin ] --END-- [ RunTime:0.000788s ]
NOTIC: [8] Undefined index: uname D:\WWW\Angelababy\Application\Home\Controller\BaseController.class.php 第 7 行.
SQL: SHOW COLUMNS FROM `meitu_user` [ RunTime:0.0228s ]
SQL: INSERT INTO `meitu_user` (`uname`,`upwd`) VALUES ('13333333333','123456aa') [ RunTime:0.0222s ]
INFO: [ app_end ] --START--
INFO: Run Behavior\ShowPageTraceBehavior [ RunTime:0.000594s ]
INFO: [ app_end ] --END-- [ RunTime:0.000626s ]

[ 2017-09-21T14:52:08+08:00 ] ::1 /Angelababy/login/login
INFO: [ app_init ] --START--
INFO: Run Behavior\BuildLiteBehavior [ RunTime:0.000019s ]
INFO: [ app_init ] --END-- [ RunTime:0.000632s ]
INFO: [ app_begin ] --START--
INFO: Run Behavior\ReadHtmlCacheBehavior [ RunTime:0.000509s ]
INFO: [ app_begin ] --END-- [ RunTime:0.000554s ]
NOTIC: [8] Undefined index: uname D:\WWW\Angelababy\Application\Home\Controller\BaseController.class.php 第 7 行.
NOTIC: [2] Missing argument 1 for Think\Controller::show(), called in D:\WWW\Angelababy\Application\Home\Controller\LoginController.class.php on line 6 and defined D:\WWW\Angelababy\ThinkPHP\Library\Think\Controller.class.php 第 68 行.
NOTIC: [8] Undefined variable: content D:\WWW\Angelababy\ThinkPHP\Library\Think\Controller.class.php 第 69 行.
INFO: [ view_parse ] --START--
INFO: [ template_filter ] --START--
INFO: Run Behavior\ContentReplaceBehavior [ RunTime:0.000040s ]
INFO: [ template_filter ] --END-- [ RunTime:0.000093s ]
INFO: Run Behavior\ParseTemplateBehavior [ RunTime:0.110677s ]
INFO: [ view_parse ] --END-- [ RunTime:0.110826s ]
INFO: [ view_filter ] --START--
INFO: Run Behavior\WriteHtmlCacheBehavior [ RunTime:0.000325s ]
INFO: [ view_filter ] --END-- [ RunTime:0.000352s ]
INFO: [ app_end ] --START--
INFO: Run Behavior\ShowPageTraceBehavior [ RunTime:0.000503s ]
INFO: [ app_end ] --END-- [ RunTime:0.000532s ]

[ 2017-09-21T14:53:43+08:00 ] ::1 /Angelababy/login/login
INFO: [ app_init ] --START--
INFO: Run Behavior\BuildLiteBehavior [ RunTime:0.000018s ]
INFO: [ app_init ] --END-- [ RunTime:0.000852s ]
INFO: [ app_begin ] --START--
INFO: Run Behavior\ReadHtmlCacheBehavior [ RunTime:0.001550s ]
INFO: [ app_begin ] --END-- [ RunTime:0.001628s ]
NOTIC: [8] Undefined index: uname D:\WWW\Angelababy\Application\Home\Controller\BaseController.class.php 第 7 行.
NOTIC: [2] Missing argument 1 for Think\Controller::show(), called in D:\WWW\Angelababy\Application\Home\Controller\LoginController.class.php on line 6 and defined D:\WWW\Angelababy\ThinkPHP\Library\Think\Controller.class.php 第 68 行.
NOTIC: [8] Undefined variable: content D:\WWW\Angelababy\ThinkPHP\Library\Think\Controller.class.php 第 69 行.
INFO: [ view_parse ] --START--
INFO: [ template_filter ] --START--
INFO: Run Behavior\ContentReplaceBehavior [ RunTime:0.000042s ]
INFO: [ template_filter ] --END-- [ RunTime:0.000102s ]
INFO: Run Behavior\ParseTemplateBehavior [ RunTime:0.024617s ]
INFO: [ view_parse ] --END-- [ RunTime:0.024703s ]
INFO: [ view_filter ] --START--
INFO: Run Behavior\WriteHtmlCacheBehavior [ RunTime:0.002901s ]
INFO: [ view_filter ] --END-- [ RunTime:0.002971s ]
INFO: [ app_end ] --START--
INFO: Run Behavior\ShowPageTraceBehavior [ RunTime:0.001018s ]
INFO: [ app_end ] --END-- [ RunTime:0.001073s ]

[ 2017-09-21T14:53:45+08:00 ] ::1 /Angelababy/register/register
INFO: [ app_init ] --START--
INFO: Run Behavior\BuildLiteBehavior [ RunTime:0.000016s ]
INFO: [ app_init ] --END-- [ RunTime:0.000646s ]
INFO: [ app_begin ] --START--
INFO: Run Behavior\ReadHtmlCacheBehavior [ RunTime:0.000695s ]
INFO: [ app_begin ] --END-- [ RunTime:0.000753s ]
NOTIC: [8] Undefined index: uname D:\WWW\Angelababy\Application\Home\Controller\BaseController.class.php 第 7 行.
NOTIC: [2] Missing argument 1 for Think\Controller::show(), called in D:\WWW\Angelababy\Application\Home\Controller\RegisterController.class.php on line 6 and defined D:\WWW\Angelababy\ThinkPHP\Library\Think\Controller.class.php 第 68 行.
NOTIC: [8] Undefined variable: content D:\WWW\Angelababy\ThinkPHP\Library\Think\Controller.class.php 第 69 行.
INFO: [ view_parse ] --START--
INFO: [ template_filter ] --START--
INFO: Run Behavior\ContentReplaceBehavior [ RunTime:0.000049s ]
INFO: [ template_filter ] --END-- [ RunTime:0.000114s ]
INFO: Run Behavior\ParseTemplateBehavior [ RunTime:0.010188s ]
INFO: [ view_parse ] --END-- [ RunTime:0.010291s ]
INFO: [ view_filter ] --START--
INFO: Run Behavior\WriteHtmlCacheBehavior [ RunTime:0.000384s ]
INFO: [ view_filter ] --END-- [ RunTime:0.000431s ]
INFO: [ app_end ] --START--
INFO: Run Behavior\ShowPageTraceBehavior [ RunTime:0.000896s ]
INFO: [ app_end ] --END-- [ RunTime:0.000963s ]

[ 2017-09-21T14:53:58+08:00 ] ::1 /Angelababy/register/checked
INFO: [ app_init ] --START--
INFO: Run Behavior\BuildLiteBehavior [ RunTime:0.000014s ]
INFO: [ app_init ] --END-- [ RunTime:0.000656s ]
INFO: [ app_begin ] --START--
INFO: Run Behavior\ReadHtmlCacheBehavior [ RunTime:0.000791s ]
INFO: [ app_begin ] --END-- [ RunTime:0.000853s ]
NOTIC: [8] Undefined index: uname D:\WWW\Angelababy\Application\Home\Controller\BaseController.class.php 第 7 行.
SQL: SHOW COLUMNS FROM `meitu_user` [ RunTime:0.0526s ]
SQL: INSERT INTO `meitu_user` (`uname`,`upwd`) VALUES ('13333333333','123456aa') [ RunTime:0.0481s ]
INFO: [ app_end ] --START--
INFO: Run Behavior\ShowPageTraceBehavior [ RunTime:0.000889s ]
INFO: [ app_end ] --END-- [ RunTime:0.000945s ]

[ 2017-09-21T14:54:00+08:00 ] ::1 /Angelababy/login/login
INFO: [ app_init ] --START--
INFO: Run Behavior\BuildLiteBehavior [ RunTime:0.000024s ]
INFO: [ app_init ] --END-- [ RunTime:0.002490s ]
INFO: [ app_begin ] --START--
INFO: Run Behavior\ReadHtmlCacheBehavior [ RunTime:0.000888s ]
INFO: [ app_begin ] --END-- [ RunTime:0.000968s ]
NOTIC: [8] Undefined index: uname D:\WWW\Angelababy\Application\Home\Controller\BaseController.class.php 第 7 行.
NOTIC: [2] Missing argument 1 for Think\Controller::show(), called in D:\WWW\Angelababy\Application\Home\Controller\LoginController.class.php on line 6 and defined D:\WWW\Angelababy\ThinkPHP\Library\Think\Controller.class.php 第 68 行.
NOTIC: [8] Undefined variable: content D:\WWW\Angelababy\ThinkPHP\Library\Think\Controller.class.php 第 69 行.
INFO: [ view_parse ] --START--
INFO: [ template_filter ] --START--
INFO: Run Behavior\ContentReplaceBehavior [ RunTime:0.000032s ]
INFO: [ template_filter ] --END-- [ RunTime:0.000068s ]
INFO: Run Behavior\ParseTemplateBehavior [ RunTime:0.005550s ]
INFO: [ view_parse ] --END-- [ RunTime:0.005603s ]
INFO: [ view_filter ] --START--
INFO: Run Behavior\WriteHtmlCacheBehavior [ RunTime:0.000304s ]
INFO: [ view_filter ] --END-- [ RunTime:0.000335s ]
INFO: [ app_end ] --START--
INFO: Run Behavior\ShowPageTraceBehavior [ RunTime:0.000464s ]
INFO: [ app_end ] --END-- [ RunTime:0.000491s ]

[ 2017-09-21T14:55:31+08:00 ] ::1 /Angelababy/register/register
INFO: [ app_init ] --START--
INFO: Run Behavior\BuildLiteBehavior [ RunTime:0.000012s ]
INFO: [ app_init ] --END-- [ RunTime:0.000549s ]
INFO: [ app_begin ] --START--
INFO: Run Behavior\ReadHtmlCacheBehavior [ RunTime:0.000541s ]
INFO: [ app_begin ] --END-- [ RunTime:0.000584s ]
NOTIC: [8] Undefined index: uname D:\WWW\Angelababy\Application\Home\Controller\BaseController.class.php 第 7 行.
NOTIC: [2] Missing argument 1 for Think\Controller::show(), called in D:\WWW\Angelababy\Application\Home\Controller\RegisterController.class.php on line 6 and defined D:\WWW\Angelababy\ThinkPHP\Library\Think\Controller.class.php 第 68 行.
NOTIC: [8] Undefined variable: content D:\WWW\Angelababy\ThinkPHP\Library\Think\Controller.class.php 第 69 行.
INFO: [ view_parse ] --START--
INFO: [ template_filter ] --START--
INFO: Run Behavior\ContentReplaceBehavior [ RunTime:0.000051s ]
INFO: [ template_filter ] --END-- [ RunTime:0.000117s ]
INFO: Run Behavior\ParseTemplateBehavior [ RunTime:0.008969s ]
INFO: [ view_parse ] --END-- [ RunTime:0.009064s ]
INFO: [ view_filter ] --START--
INFO: Run Behavior\WriteHtmlCacheBehavior [ RunTime:0.000526s ]
INFO: [ view_filter ] --END-- [ RunTime:0.000584s ]
INFO: [ app_end ] --START--
INFO: Run Behavior\ShowPageTraceBehavior [ RunTime:0.000732s ]
INFO: [ app_end ] --END-- [ RunTime:0.000808s ]

[ 2017-09-21T14:55:45+08:00 ] ::1 /Angelababy/register/checked
INFO: [ app_init ] --START--
INFO: Run Behavior\BuildLiteBehavior [ RunTime:0.000045s ]
INFO: [ app_init ] --END-- [ RunTime:0.000911s ]
INFO: [ app_begin ] --START--
INFO: Run Behavior\ReadHtmlCacheBehavior [ RunTime:0.000830s ]
INFO: [ app_begin ] --END-- [ RunTime:0.000897s ]
NOTIC: [8] Undefined index: uname D:\WWW\Angelababy\Application\Home\Controller\BaseController.class.php 第 7 行.
SQL: SHOW COLUMNS FROM `meitu_user` [ RunTime:0.0342s ]
ERR: 1062:Duplicate entry '13333333333' for key 'uname'
 [ SQL语句 ] : INSERT INTO `meitu_user` (`uname`,`upwd`) VALUES ('13333333333','123456aa')
ERR: 1062:Duplicate entry '13333333333' for key 'uname'
 [ SQL语句 ] : INSERT INTO `meitu_user` (`uname`,`upwd`) VALUES ('13333333333','123456aa')

[ 2017-09-21T14:59:18+08:00 ] ::1 /Angelababy/register/register
INFO: [ app_init ] --START--
INFO: Run Behavior\BuildLiteBehavior [ RunTime:0.000091s ]
INFO: [ app_init ] --END-- [ RunTime:0.003347s ]
INFO: [ app_begin ] --START--
INFO: Run Behavior\ReadHtmlCacheBehavior [ RunTime:0.001302s ]
INFO: [ app_begin ] --END-- [ RunTime:0.001397s ]
NOTIC: [8] Undefined index: uname D:\WWW\Angelababy\Application\Home\Controller\BaseController.class.php 第 7 行.
NOTIC: [2] Missing argument 1 for Think\Controller::show(), called in D:\WWW\Angelababy\Application\Home\Controller\RegisterController.class.php on line 6 and defined D:\WWW\Angelababy\ThinkPHP\Library\Think\Controller.class.php 第 68 行.
NOTIC: [8] Undefined variable: content D:\WWW\Angelababy\ThinkPHP\Library\Think\Controller.class.php 第 69 行.
INFO: [ view_parse ] --START--
INFO: [ template_filter ] --START--
INFO: Run Behavior\ContentReplaceBehavior [ RunTime:0.000074s ]
INFO: [ template_filter ] --END-- [ RunTime:0.000136s ]
INFO: Run Behavior\ParseTemplateBehavior [ RunTime:0.023107s ]
INFO: [ view_parse ] --END-- [ RunTime:0.023179s ]
INFO: [ view_filter ] --START--
INFO: Run Behavior\WriteHtmlCacheBehavior [ RunTime:0.000659s ]
INFO: [ view_filter ] --END-- [ RunTime:0.000713s ]
INFO: [ app_end ] --START--
INFO: Run Behavior\ShowPageTraceBehavior [ RunTime:0.000703s ]
INFO: [ app_end ] --END-- [ RunTime:0.000743s ]

[ 2017-09-21T14:59:23+08:00 ] ::1 /Angelababy/register/checked
INFO: [ app_init ] --START--
INFO: Run Behavior\BuildLiteBehavior [ RunTime:0.000020s ]
INFO: [ app_init ] --END-- [ RunTime:0.000943s ]
INFO: [ app_begin ] --START--
INFO: Run Behavior\ReadHtmlCacheBehavior [ RunTime:0.001323s ]
INFO: [ app_begin ] --END-- [ RunTime:0.001468s ]
NOTIC: [8] Undefined index: uname D:\WWW\Angelababy\Application\Home\Controller\BaseController.class.php 第 7 行.
SQL: SHOW COLUMNS FROM `meitu_user` [ RunTime:0.0274s ]
SQL: SELECT * FROM `meitu_user` LIMIT 1   [ RunTime:0.0004s ]
INFO: [ app_end ] --START--
INFO: Run Behavior\ShowPageTraceBehavior [ RunTime:0.000642s ]
INFO: [ app_end ] --END-- [ RunTime:0.000734s ]

[ 2017-09-21T15:00:12+08:00 ] ::1 /Angelababy/register/checked
INFO: [ app_init ] --START--
INFO: Run Behavior\BuildLiteBehavior [ RunTime:0.000015s ]
INFO: [ app_init ] --END-- [ RunTime:0.000794s ]
INFO: [ app_begin ] --START--
INFO: Run Behavior\ReadHtmlCacheBehavior [ RunTime:0.000862s ]
INFO: [ app_begin ] --END-- [ RunTime:0.000939s ]
NOTIC: [8] Undefined index: uname D:\WWW\Angelababy\Application\Home\Controller\BaseController.class.php 第 7 行.
SQL: SHOW COLUMNS FROM `meitu_user` [ RunTime:0.0310s ]
SQL: SELECT * FROM `meitu_user` LIMIT 1   [ RunTime:0.0003s ]
INFO: [ app_end ] --START--
INFO: Run Behavior\ShowPageTraceBehavior [ RunTime:0.000616s ]
INFO: [ app_end ] --END-- [ RunTime:0.000647s ]

[ 2017-09-21T15:00:34+08:00 ] ::1 /Angelababy/register/checked
INFO: [ app_init ] --START--
INFO: Run Behavior\BuildLiteBehavior [ RunTime:0.000009s ]
INFO: [ app_init ] --END-- [ RunTime:0.000632s ]
INFO: [ app_begin ] --START--
INFO: Run Behavior\ReadHtmlCacheBehavior [ RunTime:0.000711s ]
INFO: [ app_begin ] --END-- [ RunTime:0.000764s ]
NOTIC: [8] Undefined index: uname D:\WWW\Angelababy\Application\Home\Controller\BaseController.class.php 第 7 行.
SQL: SHOW COLUMNS FROM `meitu_user` [ RunTime:0.0344s ]
SQL: SELECT * FROM `meitu_user` LIMIT 1   [ RunTime:0.0004s ]
INFO: [ app_end ] --START--
INFO: Run Behavior\ShowPageTraceBehavior [ RunTime:0.000840s ]
INFO: [ app_end ] --END-- [ RunTime:0.000894s ]

[ 2017-09-21T15:00:58+08:00 ] ::1 /Angelababy/register/checked
INFO: [ app_init ] --START--
INFO: Run Behavior\BuildLiteBehavior [ RunTime:0.000016s ]
INFO: [ app_init ] --END-- [ RunTime:0.000666s ]
INFO: [ app_begin ] --START--
INFO: Run Behavior\ReadHtmlCacheBehavior [ RunTime:0.001671s ]
INFO: [ app_begin ] --END-- [ RunTime:0.001794s ]
NOTIC: [8] Undefined index: uname D:\WWW\Angelababy\Application\Home\Controller\BaseController.class.php 第 7 行.
SQL: SHOW COLUMNS FROM `meitu_user` [ RunTime:0.0312s ]
SQL: SELECT * FROM `meitu_user` LIMIT 1   [ RunTime:0.0003s ]
INFO: [ app_end ] --START--
INFO: Run Behavior\ShowPageTraceBehavior [ RunTime:0.000580s ]
INFO: [ app_end ] --END-- [ RunTime:0.000614s ]

[ 2017-09-21T15:01:04+08:00 ] ::1 /Angelababy/register/checked
INFO: [ app_init ] --START--
INFO: Run Behavior\BuildLiteBehavior [ RunTime:0.000027s ]
INFO: [ app_init ] --END-- [ RunTime:0.000711s ]
INFO: [ app_begin ] --START--
INFO: Run Behavior\ReadHtmlCacheBehavior [ RunTime:0.000766s ]
INFO: [ app_begin ] --END-- [ RunTime:0.000830s ]
NOTIC: [8] Undefined index: uname D:\WWW\Angelababy\Application\Home\Controller\BaseController.class.php 第 7 行.
SQL: SHOW COLUMNS FROM `meitu_user` [ RunTime:0.0573s ]
SQL: SELECT * FROM `meitu_user` LIMIT 1   [ RunTime:0.0016s ]
INFO: [ app_end ] --START--
INFO: Run Behavior\ShowPageTraceBehavior [ RunTime:0.000936s ]
INFO: [ app_end ] --END-- [ RunTime:0.000989s ]

[ 2017-09-21T15:01:08+08:00 ] ::1 /Angelababy/register/checked
INFO: [ app_init ] --START--
INFO: Run Behavior\BuildLiteBehavior [ RunTime:0.000017s ]
INFO: [ app_init ] --END-- [ RunTime:0.000713s ]
INFO: [ app_begin ] --START--
INFO: Run Behavior\ReadHtmlCacheBehavior [ RunTime:0.000852s ]
INFO: [ app_begin ] --END-- [ RunTime:0.000918s ]
NOTIC: [8] Undefined index: uname D:\WWW\Angelababy\Application\Home\Controller\BaseController.class.php 第 7 行.
SQL: SHOW COLUMNS FROM `meitu_user` [ RunTime:0.0241s ]
SQL: SELECT * FROM `meitu_user` LIMIT 1   [ RunTime:0.0003s ]
INFO: [ app_end ] --START--
INFO: Run Behavior\ShowPageTraceBehavior [ RunTime:0.000629s ]
INFO: [ app_end ] --END-- [ RunTime:0.000666s ]

[ 2017-09-21T15:01:09+08:00 ] ::1 /Angelababy/register/checked
INFO: [ app_init ] --START--
INFO: Run Behavior\BuildLiteBehavior [ RunTime:0.000013s ]
INFO: [ app_init ] --END-- [ RunTime:0.000562s ]
INFO: [ app_begin ] --START--
INFO: Run Behavior\ReadHtmlCacheBehavior [ RunTime:0.000508s ]
INFO: [ app_begin ] --END-- [ RunTime:0.000545s ]
NOTIC: [8] Undefined index: uname D:\WWW\Angelababy\Application\Home\Controller\BaseController.class.php 第 7 行.
SQL: SHOW COLUMNS FROM `meitu_user` [ RunTime:0.0290s ]
SQL: SELECT * FROM `meitu_user` LIMIT 1   [ RunTime:0.0004s ]
INFO: [ app_end ] --START--
INFO: Run Behavior\ShowPageTraceBehavior [ RunTime:0.000864s ]
INFO: [ app_end ] --END-- [ RunTime:0.000910s ]

[ 2017-09-21T15:01:12+08:00 ] ::1 /Angelababy/register/register
INFO: [ app_init ] --START--
INFO: Run Behavior\BuildLiteBehavior [ RunTime:0.000015s ]
INFO: [ app_init ] --END-- [ RunTime:0.000600s ]
INFO: [ app_begin ] --START--
INFO: Run Behavior\ReadHtmlCacheBehavior [ RunTime:0.000708s ]
INFO: [ app_begin ] --END-- [ RunTime:0.000761s ]
NOTIC: [8] Undefined index: uname D:\WWW\Angelababy\Application\Home\Controller\BaseController.class.php 第 7 行.
NOTIC: [2] Missing argument 1 for Think\Controller::show(), called in D:\WWW\Angelababy\Application\Home\Controller\RegisterController.class.php on line 6 and defined D:\WWW\Angelababy\ThinkPHP\Library\Think\Controller.class.php 第 68 行.
NOTIC: [8] Undefined variable: content D:\WWW\Angelababy\ThinkPHP\Library\Think\Controller.class.php 第 69 行.
INFO: [ view_parse ] --START--
INFO: [ template_filter ] --START--
INFO: Run Behavior\ContentReplaceBehavior [ RunTime:0.000038s ]
INFO: [ template_filter ] --END-- [ RunTime:0.000079s ]
INFO: Run Behavior\ParseTemplateBehavior [ RunTime:0.008559s ]
INFO: [ view_parse ] --END-- [ RunTime:0.008631s ]
INFO: [ view_filter ] --START--
INFO: Run Behavior\WriteHtmlCacheBehavior [ RunTime:0.000624s ]
INFO: [ view_filter ] --END-- [ RunTime:0.000690s ]
INFO: [ app_end ] --START--
INFO: Run Behavior\ShowPageTraceBehavior [ RunTime:0.000871s ]
INFO: [ app_end ] --END-- [ RunTime:0.000931s ]

[ 2017-09-21T15:01:16+08:00 ] ::1 /Angelababy/register/checked
INFO: [ app_init ] --START--
INFO: Run Behavior\BuildLiteBehavior [ RunTime:0.000008s ]
INFO: [ app_init ] --END-- [ RunTime:0.000410s ]
INFO: [ app_begin ] --START--
INFO: Run Behavior\ReadHtmlCacheBehavior [ RunTime:0.000453s ]
INFO: [ app_begin ] --END-- [ RunTime:0.000483s ]
NOTIC: [8] Undefined index: uname D:\WWW\Angelababy\Application\Home\Controller\BaseController.class.php 第 7 行.
SQL: SHOW COLUMNS FROM `meitu_user` [ RunTime:0.0298s ]
SQL: SELECT * FROM `meitu_user` LIMIT 1   [ RunTime:0.0003s ]
INFO: [ app_end ] --START--
INFO: Run Behavior\ShowPageTraceBehavior [ RunTime:0.000625s ]
INFO: [ app_end ] --END-- [ RunTime:0.000660s ]

[ 2017-09-21T15:01:32+08:00 ] ::1 /Angelababy/register/register
INFO: [ app_init ] --START--
INFO: Run Behavior\BuildLiteBehavior [ RunTime:0.000009s ]
INFO: [ app_init ] --END-- [ RunTime:0.000655s ]
INFO: [ app_begin ] --START--
INFO: Run Behavior\ReadHtmlCacheBehavior [ RunTime:0.000503s ]
INFO: [ app_begin ] --END-- [ RunTime:0.000541s ]
NOTIC: [8] Undefined index: uname D:\WWW\Angelababy\Application\Home\Controller\BaseController.class.php 第 7 行.
NOTIC: [2] Missing argument 1 for Think\Controller::show(), called in D:\WWW\Angelababy\Application\Home\Controller\RegisterController.class.php on line 6 and defined D:\WWW\Angelababy\ThinkPHP\Library\Think\Controller.class.php 第 68 行.
NOTIC: [8] Undefined variable: content D:\WWW\Angelababy\ThinkPHP\Library\Think\Controller.class.php 第 69 行.
INFO: [ view_parse ] --START--
INFO: [ template_filter ] --START--
INFO: Run Behavior\ContentReplaceBehavior [ RunTime:0.000046s ]
INFO: [ template_filter ] --END-- [ RunTime:0.000104s ]
INFO: Run Behavior\ParseTemplateBehavior [ RunTime:0.009913s ]
INFO: [ view_parse ] --END-- [ RunTime:0.010070s ]
INFO: [ view_filter ] --START--
INFO: Run Behavior\WriteHtmlCacheBehavior [ RunTime:0.000514s ]
INFO: [ view_filter ] --END-- [ RunTime:0.000558s ]
INFO: [ app_end ] --START--
INFO: Run Behavior\ShowPageTraceBehavior [ RunTime:0.000774s ]
INFO: [ app_end ] --END-- [ RunTime:0.000820s ]

[ 2017-09-21T15:01:38+08:00 ] ::1 /Angelababy/register/register
INFO: [ app_init ] --START--
INFO: Run Behavior\BuildLiteBehavior [ RunTime:0.000010s ]
INFO: [ app_init ] --END-- [ RunTime:0.001034s ]
INFO: [ app_begin ] --START--
INFO: Run Behavior\ReadHtmlCacheBehavior [ RunTime:0.000511s ]
INFO: [ app_begin ] --END-- [ RunTime:0.000554s ]
NOTIC: [8] Undefined index: uname D:\WWW\Angelababy\Application\Home\Controller\BaseController.class.php 第 7 行.
NOTIC: [2] Missing argument 1 for Think\Controller::show(), called in D:\WWW\Angelababy\Application\Home\Controller\RegisterController.class.php on line 6 and defined D:\WWW\Angelababy\ThinkPHP\Library\Think\Controller.class.php 第 68 行.
NOTIC: [8] Undefined variable: content D:\WWW\Angelababy\ThinkPHP\Library\Think\Controller.class.php 第 69 行.
INFO: [ view_parse ] --START--
INFO: [ template_filter ] --START--
INFO: Run Behavior\ContentReplaceBehavior [ RunTime:0.000037s ]
INFO: [ template_filter ] --END-- [ RunTime:0.000091s ]
INFO: Run Behavior\ParseTemplateBehavior [ RunTime:0.006704s ]
INFO: [ view_parse ] --END-- [ RunTime:0.006758s ]
INFO: [ view_filter ] --START--
INFO: Run Behavior\WriteHtmlCacheBehavior [ RunTime:0.000403s ]
INFO: [ view_filter ] --END-- [ RunTime:0.000442s ]
INFO: [ app_end ] --START--
INFO: Run Behavior\ShowPageTraceBehavior [ RunTime:0.000516s ]
INFO: [ app_end ] --END-- [ RunTime:0.000543s ]

[ 2017-09-21T15:01:48+08:00 ] ::1 /Angelababy/register/register
INFO: [ app_init ] --START--
INFO: Run Behavior\BuildLiteBehavior [ RunTime:0.000011s ]
INFO: [ app_init ] --END-- [ RunTime:0.000444s ]
INFO: [ app_begin ] --START--
INFO: Run Behavior\ReadHtmlCacheBehavior [ RunTime:0.000508s ]
INFO: [ app_begin ] --END-- [ RunTime:0.000560s ]
NOTIC: [8] Undefined index: uname D:\WWW\Angelababy\Application\Home\Controller\BaseController.class.php 第 7 行.
NOTIC: [2] Missing argument 1 for Think\Controller::show(), called in D:\WWW\Angelababy\Application\Home\Controller\RegisterController.class.php on line 6 and defined D:\WWW\Angelababy\ThinkPHP\Library\Think\Controller.class.php 第 68 行.
NOTIC: [8] Undefined variable: content D:\WWW\Angelababy\ThinkPHP\Library\Think\Controller.class.php 第 69 行.
INFO: [ view_parse ] --START--
INFO: [ template_filter ] --START--
INFO: Run Behavior\ContentReplaceBehavior [ RunTime:0.000042s ]
INFO: [ template_filter ] --END-- [ RunTime:0.000080s ]
INFO: Run Behavior\ParseTemplateBehavior [ RunTime:0.006101s ]
INFO: [ view_parse ] --END-- [ RunTime:0.006157s ]
INFO: [ view_filter ] --START--
INFO: Run Behavior\WriteHtmlCacheBehavior [ RunTime:0.000446s ]
INFO: [ view_filter ] --END-- [ RunTime:0.000485s ]
INFO: [ app_end ] --START--
INFO: Run Behavior\ShowPageTraceBehavior [ RunTime:0.000700s ]
INFO: [ app_end ] --END-- [ RunTime:0.000746s ]

[ 2017-09-21T15:01:52+08:00 ] ::1 /Angelababy/register/checked
INFO: [ app_init ] --START--
INFO: Run Behavior\BuildLiteBehavior [ RunTime:0.000011s ]
INFO: [ app_init ] --END-- [ RunTime:0.000570s ]
INFO: [ app_begin ] --START--
INFO: Run Behavior\ReadHtmlCacheBehavior [ RunTime:0.000760s ]
INFO: [ app_begin ] --END-- [ RunTime:0.000823s ]
NOTIC: [8] Undefined index: uname D:\WWW\Angelababy\Application\Home\Controller\BaseController.class.php 第 7 行.
SQL: SHOW COLUMNS FROM `meitu_user` [ RunTime:0.0666s ]
SQL: SELECT * FROM `meitu_user` LIMIT 1   [ RunTime:0.0022s ]
INFO: [ app_end ] --START--
INFO: Run Behavior\ShowPageTraceBehavior [ RunTime:0.003288s ]
INFO: [ app_end ] --END-- [ RunTime:0.003444s ]

[ 2017-09-21T15:01:57+08:00 ] ::1 /Angelababy/register/checked
INFO: [ app_init ] --START--
INFO: Run Behavior\BuildLiteBehavior [ RunTime:0.000016s ]
INFO: [ app_init ] --END-- [ RunTime:0.000797s ]
INFO: [ app_begin ] --START--
INFO: Run Behavior\ReadHtmlCacheBehavior [ RunTime:0.000812s ]
INFO: [ app_begin ] --END-- [ RunTime:0.000879s ]
NOTIC: [8] Undefined index: uname D:\WWW\Angelababy\Application\Home\Controller\BaseController.class.php 第 7 行.
SQL: SHOW COLUMNS FROM `meitu_user` [ RunTime:0.0489s ]
SQL: SELECT * FROM `meitu_user` LIMIT 1   [ RunTime:0.0005s ]
INFO: [ app_end ] --START--
INFO: Run Behavior\ShowPageTraceBehavior [ RunTime:0.000921s ]
INFO: [ app_end ] --END-- [ RunTime:0.000990s ]

[ 2017-09-21T15:03:07+08:00 ] ::1 /Angelababy/register/checked
INFO: [ app_init ] --START--
INFO: Run Behavior\BuildLiteBehavior [ RunTime:0.000017s ]
INFO: [ app_init ] --END-- [ RunTime:0.000654s ]
INFO: [ app_begin ] --START--
INFO: Run Behavior\ReadHtmlCacheBehavior [ RunTime:0.000761s ]
INFO: [ app_begin ] --END-- [ RunTime:0.000819s ]
NOTIC: [8] Undefined index: uname D:\WWW\Angelababy\Application\Home\Controller\BaseController.class.php 第 7 行.
SQL: SHOW COLUMNS FROM `meitu_user` [ RunTime:0.0308s ]
SQL: SELECT * FROM `meitu_user` LIMIT 1   [ RunTime:0.0004s ]
INFO: [ app_end ] --START--
INFO: Run Behavior\ShowPageTraceBehavior [ RunTime:0.002827s ]
INFO: [ app_end ] --END-- [ RunTime:0.002902s ]

[ 2017-09-21T15:03:20+08:00 ] ::1 /Angelababy/register/checked
INFO: [ app_init ] --START--
INFO: Run Behavior\BuildLiteBehavior [ RunTime:0.000012s ]
INFO: [ app_init ] --END-- [ RunTime:0.000629s ]
INFO: [ app_begin ] --START--
INFO: Run Behavior\ReadHtmlCacheBehavior [ RunTime:0.000717s ]
INFO: [ app_begin ] --END-- [ RunTime:0.000787s ]
NOTIC: [8] Undefined index: uname D:\WWW\Angelababy\Application\Home\Controller\BaseController.class.php 第 7 行.
SQL: SHOW COLUMNS FROM `meitu_user` [ RunTime:0.0330s ]
SQL: SELECT * FROM `meitu_user` WHERE `uname` = '13333333332' LIMIT 1   [ RunTime:0.0003s ]
INFO: [ app_end ] --START--
INFO: Run Behavior\ShowPageTraceBehavior [ RunTime:0.000866s ]
INFO: [ app_end ] --END-- [ RunTime:0.000916s ]

[ 2017-09-21T15:04:50+08:00 ] ::1 /Angelababy/register/register
INFO: [ app_init ] --START--
INFO: Run Behavior\BuildLiteBehavior [ RunTime:0.000021s ]
INFO: [ app_init ] --END-- [ RunTime:0.000790s ]
INFO: [ app_begin ] --START--
INFO: Run Behavior\ReadHtmlCacheBehavior [ RunTime:0.000683s ]
INFO: [ app_begin ] --END-- [ RunTime:0.000734s ]
NOTIC: [8] Undefined index: uname D:\WWW\Angelababy\Application\Home\Controller\BaseController.class.php 第 7 行.
NOTIC: [2] Missing argument 1 for Think\Controller::show(), called in D:\WWW\Angelababy\Application\Home\Controller\RegisterController.class.php on line 6 and defined D:\WWW\Angelababy\ThinkPHP\Library\Think\Controller.class.php 第 68 行.
NOTIC: [8] Undefined variable: content D:\WWW\Angelababy\ThinkPHP\Library\Think\Controller.class.php 第 69 行.
INFO: [ view_parse ] --START--
INFO: [ template_filter ] --START--
INFO: Run Behavior\ContentReplaceBehavior [ RunTime:0.000056s ]
INFO: [ template_filter ] --END-- [ RunTime:0.000134s ]
INFO: Run Behavior\ParseTemplateBehavior [ RunTime:0.014228s ]
INFO: [ view_parse ] --END-- [ RunTime:0.014293s ]
INFO: [ view_filter ] --START--
INFO: Run Behavior\WriteHtmlCacheBehavior [ RunTime:0.003638s ]
INFO: [ view_filter ] --END-- [ RunTime:0.003840s ]
INFO: [ app_end ] --START--
INFO: Run Behavior\ShowPageTraceBehavior [ RunTime:0.002451s ]
INFO: [ app_end ] --END-- [ RunTime:0.002530s ]

[ 2017-09-21T15:04:57+08:00 ] ::1 /Angelababy/register/checked
INFO: [ app_init ] --START--
INFO: Run Behavior\BuildLiteBehavior [ RunTime:0.000014s ]
INFO: [ app_init ] --END-- [ RunTime:0.000724s ]
INFO: [ app_begin ] --START--
INFO: Run Behavior\ReadHtmlCacheBehavior [ RunTime:0.000654s ]
INFO: [ app_begin ] --END-- [ RunTime:0.000716s ]
NOTIC: [8] Undefined index: uname D:\WWW\Angelababy\Application\Home\Controller\BaseController.class.php 第 7 行.
SQL: SHOW COLUMNS FROM `meitu_user` [ RunTime:0.0510s ]
SQL: SELECT * FROM `meitu_user` WHERE `uname` = '13333333333' LIMIT 1   [ RunTime:0.0005s ]
INFO: [ app_end ] --START--
INFO: Run Behavior\ShowPageTraceBehavior [ RunTime:0.001022s ]
INFO: [ app_end ] --END-- [ RunTime:0.001127s ]

[ 2017-09-21T15:05:56+08:00 ] ::1 /Angelababy/register/register
INFO: [ app_init ] --START--
INFO: Run Behavior\BuildLiteBehavior [ RunTime:0.000014s ]
INFO: [ app_init ] --END-- [ RunTime:0.000508s ]
INFO: [ app_begin ] --START--
INFO: Run Behavior\ReadHtmlCacheBehavior [ RunTime:0.000685s ]
INFO: [ app_begin ] --END-- [ RunTime:0.000742s ]
NOTIC: [8] Undefined index: uname D:\WWW\Angelababy\Application\Home\Controller\BaseController.class.php 第 7 行.
NOTIC: [2] Missing argument 1 for Think\Controller::show(), called in D:\WWW\Angelababy\Application\Home\Controller\RegisterController.class.php on line 6 and defined D:\WWW\Angelababy\ThinkPHP\Library\Think\Controller.class.php 第 68 行.
NOTIC: [8] Undefined variable: content D:\WWW\Angelababy\ThinkPHP\Library\Think\Controller.class.php 第 69 行.
INFO: [ view_parse ] --START--
INFO: [ template_filter ] --START--
INFO: Run Behavior\ContentReplaceBehavior [ RunTime:0.000044s ]
INFO: [ template_filter ] --END-- [ RunTime:0.000087s ]
INFO: Run Behavior\ParseTemplateBehavior [ RunTime:0.015592s ]
INFO: [ view_parse ] --END-- [ RunTime:0.015656s ]
INFO: [ view_filter ] --START--
INFO: Run Behavior\WriteHtmlCacheBehavior [ RunTime:0.000673s ]
INFO: [ view_filter ] --END-- [ RunTime:0.000731s ]
INFO: [ app_end ] --START--
INFO: Run Behavior\ShowPageTraceBehavior [ RunTime:0.001079s ]
INFO: [ app_end ] --END-- [ RunTime:0.001143s ]

[ 2017-09-21T15:06:01+08:00 ] ::1 /Angelababy/register/checked
INFO: [ app_init ] --START--
INFO: Run Behavior\BuildLiteBehavior [ RunTime:0.000018s ]
INFO: [ app_init ] --END-- [ RunTime:0.000695s ]
INFO: [ app_begin ] --START--
INFO: Run Behavior\ReadHtmlCacheBehavior [ RunTime:0.000830s ]
INFO: [ app_begin ] --END-- [ RunTime:0.000890s ]
NOTIC: [8] Undefined index: uname D:\WWW\Angelababy\Application\Home\Controller\BaseController.class.php 第 7 行.
SQL: SHOW COLUMNS FROM `meitu_user` [ RunTime:0.0443s ]
SQL: SELECT * FROM `meitu_user` WHERE `uname` = '13333333333' LIMIT 1   [ RunTime:0.0004s ]
INFO: [ app_end ] --START--
INFO: Run Behavior\ShowPageTraceBehavior [ RunTime:0.000891s ]
INFO: [ app_end ] --END-- [ RunTime:0.000947s ]

[ 2017-09-21T15:06:58+08:00 ] ::1 /Angelababy/register/register
INFO: [ app_init ] --START--
INFO: Run Behavior\BuildLiteBehavior [ RunTime:0.000010s ]
INFO: [ app_init ] --END-- [ RunTime:0.000455s ]
INFO: [ app_begin ] --START--
INFO: Run Behavior\ReadHtmlCacheBehavior [ RunTime:0.000643s ]
INFO: [ app_begin ] --END-- [ RunTime:0.000698s ]
NOTIC: [8] Undefined index: uname D:\WWW\Angelababy\Application\Home\Controller\BaseController.class.php 第 7 行.
NOTIC: [2] Missing argument 1 for Think\Controller::show(), called in D:\WWW\Angelababy\Application\Home\Controller\RegisterController.class.php on line 6 and defined D:\WWW\Angelababy\ThinkPHP\Library\Think\Controller.class.php 第 68 行.
NOTIC: [8] Undefined variable: content D:\WWW\Angelababy\ThinkPHP\Library\Think\Controller.class.php 第 69 行.
INFO: [ view_parse ] --START--
INFO: [ template_filter ] --START--
INFO: Run Behavior\ContentReplaceBehavior [ RunTime:0.000053s ]
INFO: [ template_filter ] --END-- [ RunTime:0.000122s ]
INFO: Run Behavior\ParseTemplateBehavior [ RunTime:0.016096s ]
INFO: [ view_parse ] --END-- [ RunTime:0.016179s ]
INFO: [ view_filter ] --START--
INFO: Run Behavior\WriteHtmlCacheBehavior [ RunTime:0.000506s ]
INFO: [ view_filter ] --END-- [ RunTime:0.000547s ]
INFO: [ app_end ] --START--
INFO: Run Behavior\ShowPageTraceBehavior [ RunTime:0.000779s ]
INFO: [ app_end ] --END-- [ RunTime:0.000822s ]

[ 2017-09-21T15:07:03+08:00 ] ::1 /Angelababy/register/checked
INFO: [ app_init ] --START--
INFO: Run Behavior\BuildLiteBehavior [ RunTime:0.000015s ]
INFO: [ app_init ] --END-- [ RunTime:0.000721s ]
INFO: [ app_begin ] --START--
INFO: Run Behavior\ReadHtmlCacheBehavior [ RunTime:0.000782s ]
INFO: [ app_begin ] --END-- [ RunTime:0.000858s ]
NOTIC: [8] Undefined index: uname D:\WWW\Angelababy\Application\Home\Controller\BaseController.class.php 第 7 行.
SQL: SHOW COLUMNS FROM `meitu_user` [ RunTime:0.0475s ]
SQL: SELECT * FROM `meitu_user` WHERE `uname` = '13333333333' LIMIT 1   [ RunTime:0.0003s ]
INFO: [ app_end ] --START--
INFO: Run Behavior\ShowPageTraceBehavior [ RunTime:0.000800s ]
INFO: [ app_end ] --END-- [ RunTime:0.000843s ]

[ 2017-09-21T15:07:25+08:00 ] ::1 /Angelababy/register/register
INFO: [ app_init ] --START--
INFO: Run Behavior\BuildLiteBehavior [ RunTime:0.000016s ]
INFO: [ app_init ] --END-- [ RunTime:0.000498s ]
INFO: [ app_begin ] --START--
INFO: Run Behavior\ReadHtmlCacheBehavior [ RunTime:0.000973s ]
INFO: [ app_begin ] --END-- [ RunTime:0.001058s ]
NOTIC: [8] Undefined index: uname D:\WWW\Angelababy\Application\Home\Controller\BaseController.class.php 第 7 行.
NOTIC: [2] Missing argument 1 for Think\Controller::show(), called in D:\WWW\Angelababy\Application\Home\Controller\RegisterController.class.php on line 6 and defined D:\WWW\Angelababy\ThinkPHP\Library\Think\Controller.class.php 第 68 行.
NOTIC: [8] Undefined variable: content D:\WWW\Angelababy\ThinkPHP\Library\Think\Controller.class.php 第 69 行.
INFO: [ view_parse ] --START--
INFO: [ template_filter ] --START--
INFO: Run Behavior\ContentReplaceBehavior [ RunTime:0.000040s ]
INFO: [ template_filter ] --END-- [ RunTime:0.000085s ]
INFO: Run Behavior\ParseTemplateBehavior [ RunTime:0.007220s ]
INFO: [ view_parse ] --END-- [ RunTime:0.007304s ]
INFO: [ view_filter ] --START--
INFO: Run Behavior\WriteHtmlCacheBehavior [ RunTime:0.000382s ]
INFO: [ view_filter ] --END-- [ RunTime:0.000417s ]
INFO: [ app_end ] --START--
INFO: Run Behavior\ShowPageTraceBehavior [ RunTime:0.000514s ]
INFO: [ app_end ] --END-- [ RunTime:0.000543s ]

[ 2017-09-21T15:07:31+08:00 ] ::1 /Angelababy/register/checked
INFO: [ app_init ] --START--
INFO: Run Behavior\BuildLiteBehavior [ RunTime:0.000008s ]
INFO: [ app_init ] --END-- [ RunTime:0.000380s ]
INFO: [ app_begin ] --START--
INFO: Run Behavior\ReadHtmlCacheBehavior [ RunTime:0.000527s ]
INFO: [ app_begin ] --END-- [ RunTime:0.000569s ]
NOTIC: [8] Undefined index: uname D:\WWW\Angelababy\Application\Home\Controller\BaseController.class.php 第 7 行.
SQL: SHOW COLUMNS FROM `meitu_user` [ RunTime:0.0346s ]
SQL: SELECT * FROM `meitu_user` WHERE `uname` = '13333333333' LIMIT 1   [ RunTime:0.0018s ]
INFO: [ app_end ] --START--
INFO: Run Behavior\ShowPageTraceBehavior [ RunTime:0.000612s ]
INFO: [ app_end ] --END-- [ RunTime:0.000641s ]

[ 2017-09-21T15:07:45+08:00 ] ::1 /Angelababy/register/checked
INFO: [ app_init ] --START--
INFO: Run Behavior\BuildLiteBehavior [ RunTime:0.000015s ]
INFO: [ app_init ] --END-- [ RunTime:0.000670s ]
INFO: [ app_begin ] --START--
INFO: Run Behavior\ReadHtmlCacheBehavior [ RunTime:0.000577s ]
INFO: [ app_begin ] --END-- [ RunTime:0.000628s ]
NOTIC: [8] Undefined index: uname D:\WWW\Angelababy\Application\Home\Controller\BaseController.class.php 第 7 行.
SQL: SHOW COLUMNS FROM `meitu_user` [ RunTime:0.0257s ]
SQL: SELECT * FROM `meitu_user` WHERE `uname` = '13333333332' LIMIT 1   [ RunTime:0.0003s ]
INFO: [ app_end ] --START--
INFO: Run Behavior\ShowPageTraceBehavior [ RunTime:0.000821s ]
INFO: [ app_end ] --END-- [ RunTime:0.000866s ]

[ 2017-09-21T15:08:15+08:00 ] ::1 /Angelababy/register/zhuce
INFO: [ app_init ] --START--
INFO: Run Behavior\BuildLiteBehavior [ RunTime:0.000017s ]
INFO: [ app_init ] --END-- [ RunTime:0.000707s ]
INFO: [ app_begin ] --START--
INFO: Run Behavior\ReadHtmlCacheBehavior [ RunTime:0.000756s ]
INFO: [ app_begin ] --END-- [ RunTime:0.000808s ]
NOTIC: [8] Undefined index: uname D:\WWW\Angelababy\Application\Home\Controller\BaseController.class.php 第 7 行.
SQL: SHOW COLUMNS FROM `meitu_user` [ RunTime:0.1121s ]
SQL: INSERT INTO `meitu_user` (`uname`,`upwd`) VALUES ('13333333332','123456aa') [ RunTime:0.0004s ]
INFO: [ app_end ] --START--
INFO: Run Behavior\ShowPageTraceBehavior [ RunTime:0.000598s ]
INFO: [ app_end ] --END-- [ RunTime:0.000631s ]

[ 2017-09-21T15:24:33+08:00 ] ::1 /Angelababy/register/checked
INFO: [ app_init ] --START--
INFO: Run Behavior\BuildLiteBehavior [ RunTime:0.000011s ]
INFO: [ app_init ] --END-- [ RunTime:0.000555s ]
INFO: [ app_begin ] --START--
INFO: Run Behavior\ReadHtmlCacheBehavior [ RunTime:0.000548s ]
INFO: [ app_begin ] --END-- [ RunTime:0.000592s ]
NOTIC: [8] Undefined index: uname D:\WWW\Angelababy\Application\Home\Controller\BaseController.class.php 第 7 行.
SQL: SHOW COLUMNS FROM `meitu_user` [ RunTime:0.0289s ]
SQL: SELECT * FROM `meitu_user` WHERE `uname` = '13333333334' LIMIT 1   [ RunTime:0.0003s ]
INFO: [ app_end ] --START--
INFO: Run Behavior\ShowPageTraceBehavior [ RunTime:0.000919s ]
INFO: [ app_end ] --END-- [ RunTime:0.000960s ]

[ 2017-09-21T15:24:34+08:00 ] ::1 /Angelababy/register/zhuce
INFO: [ app_init ] --START--
INFO: Run Behavior\BuildLiteBehavior [ RunTime:0.000014s ]
INFO: [ app_init ] --END-- [ RunTime:0.000643s ]
INFO: [ app_begin ] --START--
INFO: Run Behavior\ReadHtmlCacheBehavior [ RunTime:0.000738s ]
INFO: [ app_begin ] --END-- [ RunTime:0.000789s ]
NOTIC: [8] Undefined index: uname D:\WWW\Angelababy\Application\Home\Controller\BaseController.class.php 第 7 行.
SQL: SHOW COLUMNS FROM `meitu_user` [ RunTime:0.0211s ]
SQL: INSERT INTO `meitu_user` (`uname`,`upwd`) VALUES ('13333333334','123456aa') [ RunTime:0.0011s ]
INFO: [ app_end ] --START--
INFO: Run Behavior\ShowPageTraceBehavior [ RunTime:0.000895s ]
INFO: [ app_end ] --END-- [ RunTime:0.000940s ]

[ 2017-09-21T15:25:36+08:00 ] ::1 /Angelababy/register/checked
INFO: [ app_init ] --START--
INFO: Run Behavior\BuildLiteBehavior [ RunTime:0.000019s ]
INFO: [ app_init ] --END-- [ RunTime:0.002098s ]
INFO: [ app_begin ] --START--
INFO: Run Behavior\ReadHtmlCacheBehavior [ RunTime:0.000731s ]
INFO: [ app_begin ] --END-- [ RunTime:0.000794s ]
NOTIC: [8] Undefined index: uname D:\WWW\Angelababy\Application\Home\Controller\BaseController.class.php 第 7 行.
SQL: SHOW COLUMNS FROM `meitu_user` [ RunTime:0.0219s ]
SQL: SELECT * FROM `meitu_user` WHERE `uname` = '13333333335' LIMIT 1   [ RunTime:0.0003s ]
INFO: [ app_end ] --START--
INFO: Run Behavior\ShowPageTraceBehavior [ RunTime:0.001953s ]
INFO: [ app_end ] --END-- [ RunTime:0.002158s ]

[ 2017-09-21T15:25:37+08:00 ] ::1 /Angelababy/register/zhuce
INFO: [ app_init ] --START--
INFO: Run Behavior\BuildLiteBehavior [ RunTime:0.000013s ]
INFO: [ app_init ] --END-- [ RunTime:0.000671s ]
INFO: [ app_begin ] --START--
INFO: Run Behavior\ReadHtmlCacheBehavior [ RunTime:0.000766s ]
INFO: [ app_begin ] --END-- [ RunTime:0.000825s ]
NOTIC: [8] Undefined index: uname D:\WWW\Angelababy\Application\Home\Controller\BaseController.class.php 第 7 行.
SQL: SHOW COLUMNS FROM `meitu_user` [ RunTime:0.0197s ]
SQL: INSERT INTO `meitu_user` (`uname`,`upwd`) VALUES ('13333333335','123456aa') [ RunTime:0.0006s ]
INFO: [ app_end ] --START--
INFO: Run Behavior\ShowPageTraceBehavior [ RunTime:0.002593s ]
INFO: [ app_end ] --END-- [ RunTime:0.002850s ]

[ 2017-09-21T15:25:40+08:00 ] ::1 /Angelababy/register/register
INFO: [ app_init ] --START--
INFO: Run Behavior\BuildLiteBehavior [ RunTime:0.000008s ]
INFO: [ app_init ] --END-- [ RunTime:0.000371s ]
INFO: [ app_begin ] --START--
INFO: Run Behavior\ReadHtmlCacheBehavior [ RunTime:0.000446s ]
INFO: [ app_begin ] --END-- [ RunTime:0.000483s ]
NOTIC: [8] Undefined index: uname D:\WWW\Angelababy\Application\Home\Controller\BaseController.class.php 第 7 行.
NOTIC: [2] Missing argument 1 for Think\Controller::show(), called in D:\WWW\Angelababy\Application\Home\Controller\RegisterController.class.php on line 6 and defined D:\WWW\Angelababy\ThinkPHP\Library\Think\Controller.class.php 第 68 行.
NOTIC: [8] Undefined variable: content D:\WWW\Angelababy\ThinkPHP\Library\Think\Controller.class.php 第 69 行.
INFO: [ view_parse ] --START--
INFO: [ template_filter ] --START--
INFO: Run Behavior\ContentReplaceBehavior [ RunTime:0.000058s ]
INFO: [ template_filter ] --END-- [ RunTime:0.000097s ]
INFO: Run Behavior\ParseTemplateBehavior [ RunTime:0.015410s ]
INFO: [ view_parse ] --END-- [ RunTime:0.015471s ]
INFO: [ view_filter ] --START--
INFO: Run Behavior\WriteHtmlCacheBehavior [ RunTime:0.000501s ]
INFO: [ view_filter ] --END-- [ RunTime:0.000540s ]
INFO: [ app_end ] --START--
INFO: Run Behavior\ShowPageTraceBehavior [ RunTime:0.000496s ]
INFO: [ app_end ] --END-- [ RunTime:0.000523s ]

[ 2017-09-21T15:26:07+08:00 ] ::1 /Angelababy/register/register
INFO: [ app_init ] --START--
INFO: Run Behavior\BuildLiteBehavior [ RunTime:0.000014s ]
INFO: [ app_init ] --END-- [ RunTime:0.000733s ]
INFO: [ app_begin ] --START--
INFO: Run Behavior\ReadHtmlCacheBehavior [ RunTime:0.000758s ]
INFO: [ app_begin ] --END-- [ RunTime:0.000827s ]
NOTIC: [8] Undefined index: uname D:\WWW\Angelababy\Application\Home\Controller\BaseController.class.php 第 7 行.
NOTIC: [2] Missing argument 1 for Think\Controller::show(), called in D:\WWW\Angelababy\Application\Home\Controller\RegisterController.class.php on line 6 and defined D:\WWW\Angelababy\ThinkPHP\Library\Think\Controller.class.php 第 68 行.
NOTIC: [8] Undefined variable: content D:\WWW\Angelababy\ThinkPHP\Library\Think\Controller.class.php 第 69 行.
INFO: [ view_parse ] --START--
INFO: [ template_filter ] --START--
INFO: Run Behavior\ContentReplaceBehavior [ RunTime:0.000054s ]
INFO: [ template_filter ] --END-- [ RunTime:0.000119s ]
INFO: Run Behavior\ParseTemplateBehavior [ RunTime:0.040502s ]
INFO: [ view_parse ] --END-- [ RunTime:0.040749s ]
INFO: [ view_filter ] --START--
INFO: Run Behavior\WriteHtmlCacheBehavior [ RunTime:0.004212s ]
INFO: [ view_filter ] --END-- [ RunTime:0.005304s ]
INFO: [ app_end ] --START--
INFO: Run Behavior\ShowPageTraceBehavior [ RunTime:0.003505s ]
INFO: [ app_end ] --END-- [ RunTime:0.003606s ]

[ 2017-09-21T15:26:10+08:00 ] ::1 /Angelababy/login/login
INFO: [ app_init ] --START--
INFO: Run Behavior\BuildLiteBehavior [ RunTime:0.000013s ]
INFO: [ app_init ] --END-- [ RunTime:0.000677s ]
INFO: [ app_begin ] --START--
INFO: Run Behavior\ReadHtmlCacheBehavior [ RunTime:0.000570s ]
INFO: [ app_begin ] --END-- [ RunTime:0.000647s ]
NOTIC: [8] Undefined index: uname D:\WWW\Angelababy\Application\Home\Controller\BaseController.class.php 第 7 行.
NOTIC: [2] Missing argument 1 for Think\Controller::show(), called in D:\WWW\Angelababy\Application\Home\Controller\LoginController.class.php on line 6 and defined D:\WWW\Angelababy\ThinkPHP\Library\Think\Controller.class.php 第 68 行.
NOTIC: [8] Undefined variable: content D:\WWW\Angelababy\ThinkPHP\Library\Think\Controller.class.php 第 69 行.
INFO: [ view_parse ] --START--
INFO: [ template_filter ] --START--
INFO: Run Behavior\ContentReplaceBehavior [ RunTime:0.000051s ]
INFO: [ template_filter ] --END-- [ RunTime:0.000110s ]
INFO: Run Behavior\ParseTemplateBehavior [ RunTime:0.009297s ]
INFO: [ view_parse ] --END-- [ RunTime:0.009572s ]
INFO: [ view_filter ] --START--
INFO: Run Behavior\WriteHtmlCacheBehavior [ RunTime:0.001718s ]
INFO: [ view_filter ] --END-- [ RunTime:0.001823s ]
INFO: [ app_end ] --START--
INFO: Run Behavior\ShowPageTraceBehavior [ RunTime:0.000773s ]
INFO: [ app_end ] --END-- [ RunTime:0.000823s ]

[ 2017-09-21T15:26:18+08:00 ] ::1 /Angelababy/login/yanzheng
INFO: [ app_init ] --START--
INFO: Run Behavior\BuildLiteBehavior [ RunTime:0.000009s ]
INFO: [ app_init ] --END-- [ RunTime:0.000398s ]
INFO: [ app_begin ] --START--
INFO: Run Behavior\ReadHtmlCacheBehavior [ RunTime:0.000760s ]
INFO: [ app_begin ] --END-- [ RunTime:0.000823s ]
NOTIC: [8] Undefined index: uname D:\WWW\Angelababy\Application\Home\Controller\BaseController.class.php 第 7 行.
SQL: SHOW COLUMNS FROM `meitu_user` [ RunTime:0.0209s ]
SQL: SELECT * FROM `meitu_user` WHERE `uname` = '13333333333' AND `upwd` = '123456aa'  [ RunTime:0.0003s ]
NOTIC: [8] A session had already been started - ignoring session_start() D:\WWW\Angelababy\Application\Home\Controller\LoginController.class.php 第 11 行.
INFO: [ app_end ] --START--
INFO: Run Behavior\ShowPageTraceBehavior [ RunTime:0.000687s ]
INFO: [ app_end ] --END-- [ RunTime:0.000719s ]

[ 2017-09-21T15:26:20+08:00 ] ::1 /Angelababy/index/index.html
INFO: [ app_init ] --START--
INFO: Run Behavior\BuildLiteBehavior [ RunTime:0.000024s ]
INFO: [ app_init ] --END-- [ RunTime:0.000636s ]
INFO: [ app_begin ] --START--
INFO: Run Behavior\ReadHtmlCacheBehavior [ RunTime:0.001238s ]
INFO: [ app_begin ] --END-- [ RunTime:0.001403s ]
SQL: SHOW COLUMNS FROM `meitu_user` [ RunTime:0.0257s ]
SQL: SELECT `uid` FROM `meitu_user` WHERE `uname` = '13333333333' LIMIT 1   [ RunTime:0.0003s ]
SQL: SHOW COLUMNS FROM `meitu_cart` [ RunTime:0.0170s ]
SQL: SELECT `cid` FROM `meitu_cart` WHERE `uid` = 2 LIMIT 1   [ RunTime:0.0003s ]
SQL: SHOW COLUMNS FROM `meitu_cart_detail` [ RunTime:0.0229s ]
SQL: SELECT * FROM `meitu_cart_detail` INNER JOIN meitu_product  WHERE (  cartId=2 and productId=pid ) ORDER BY did  [ RunTime:0.0928s ]
INFO: [ view_parse ] --START--
INFO: [ template_filter ] --START--
INFO: Run Behavior\ContentReplaceBehavior [ RunTime:0.000215s ]
INFO: [ template_filter ] --END-- [ RunTime:0.000268s ]
INFO: Run Behavior\ParseTemplateBehavior [ RunTime:0.047300s ]
INFO: [ view_parse ] --END-- [ RunTime:0.047347s ]
INFO: [ view_filter ] --START--
INFO: Run Behavior\WriteHtmlCacheBehavior [ RunTime:0.000330s ]
INFO: [ view_filter ] --END-- [ RunTime:0.000361s ]
INFO: [ app_end ] --START--
INFO: Run Behavior\ShowPageTraceBehavior [ RunTime:0.000773s ]
INFO: [ app_end ] --END-- [ RunTime:0.000835s ]

[ 2017-09-21T15:26:29+08:00 ] ::1 /Angelababy/login/signOut
INFO: [ app_init ] --START--
INFO: Run Behavior\BuildLiteBehavior [ RunTime:0.000014s ]
INFO: [ app_init ] --END-- [ RunTime:0.000588s ]
INFO: [ app_begin ] --START--
INFO: Run Behavior\ReadHtmlCacheBehavior [ RunTime:0.000740s ]
INFO: [ app_begin ] --END-- [ RunTime:0.000806s ]
SQL: SHOW COLUMNS FROM `meitu_user` [ RunTime:0.0142s ]
SQL: SELECT `uid` FROM `meitu_user` WHERE `uname` = '13333333333' LIMIT 1   [ RunTime:0.0004s ]
SQL: SHOW COLUMNS FROM `meitu_cart` [ RunTime:0.0106s ]
SQL: SELECT `cid` FROM `meitu_cart` WHERE `uid` = 2 LIMIT 1   [ RunTime:0.0004s ]
SQL: SHOW COLUMNS FROM `meitu_cart_detail` [ RunTime:0.0116s ]
SQL: SELECT * FROM `meitu_cart_detail` INNER JOIN meitu_product  WHERE (  cartId=2 and productId=pid ) ORDER BY did  [ RunTime:0.0004s ]
NOTIC: [8] A session had already been started - ignoring session_start() D:\WWW\Angelababy\Application\Home\Controller\LoginController.class.php 第 16 行.
INFO: [ app_end ] --START--
INFO: Run Behavior\ShowPageTraceBehavior [ RunTime:0.000619s ]
INFO: [ app_end ] --END-- [ RunTime:0.000659s ]

[ 2017-09-21T15:26:29+08:00 ] ::1 /Angelababy/index/index.html
INFO: [ app_init ] --START--
INFO: Run Behavior\BuildLiteBehavior [ RunTime:0.000022s ]
INFO: [ app_init ] --END-- [ RunTime:0.000793s ]
INFO: [ app_begin ] --START--
INFO: Run Behavior\ReadHtmlCacheBehavior [ RunTime:0.001835s ]
INFO: [ app_begin ] --END-- [ RunTime:0.002047s ]
INFO: [ view_parse ] --START--
INFO: [ template_filter ] --START--
INFO: Run Behavior\ContentReplaceBehavior [ RunTime:0.000228s ]
INFO: [ template_filter ] --END-- [ RunTime:0.000290s ]
NOTIC: [8] Undefined variable: uname D:\WWW\Angelababy\Application\Runtime\Cache\Home\2a94b8bda04ff446dcedd42276fc99ee.php 第 49 行.
NOTIC: [8] Undefined variable: arr D:\WWW\Angelababy\Application\Runtime\Cache\Home\2a94b8bda04ff446dcedd42276fc99ee.php 第 68 行.
NOTIC: [8] Undefined variable: arr D:\WWW\Angelababy\Application\Runtime\Cache\Home\2a94b8bda04ff446dcedd42276fc99ee.php 第 74 行.
INFO: Run Behavior\ParseTemplateBehavior [ RunTime:0.052158s ]
INFO: [ view_parse ] --END-- [ RunTime:0.052196s ]
INFO: [ view_filter ] --START--
INFO: Run Behavior\WriteHtmlCacheBehavior [ RunTime:0.000290s ]
INFO: [ view_filter ] --END-- [ RunTime:0.000318s ]
INFO: [ app_end ] --START--
INFO: Run Behavior\ShowPageTraceBehavior [ RunTime:0.000710s ]
INFO: [ app_end ] --END-- [ RunTime:0.000753s ]

[ 2017-09-21T15:26:29+08:00 ] ::1 /Angelababy/index/index
INFO: [ app_init ] --START--
INFO: Run Behavior\BuildLiteBehavior [ RunTime:0.000090s ]
INFO: [ app_init ] --END-- [ RunTime:0.002052s ]
INFO: [ app_begin ] --START--
INFO: Run Behavior\ReadHtmlCacheBehavior [ RunTime:0.000709s ]
INFO: [ app_begin ] --END-- [ RunTime:0.000766s ]
INFO: [ view_parse ] --START--
INFO: [ template_filter ] --START--
INFO: Run Behavior\ContentReplaceBehavior [ RunTime:0.000354s ]
INFO: [ template_filter ] --END-- [ RunTime:0.000522s ]
NOTIC: [8] Undefined variable: uname D:\WWW\Angelababy\Application\Runtime\Cache\Home\2a94b8bda04ff446dcedd42276fc99ee.php 第 49 行.
NOTIC: [8] Undefined variable: arr D:\WWW\Angelababy\Application\Runtime\Cache\Home\2a94b8bda04ff446dcedd42276fc99ee.php 第 68 行.
NOTIC: [8] Undefined variable: arr D:\WWW\Angelababy\Application\Runtime\Cache\Home\2a94b8bda04ff446dcedd42276fc99ee.php 第 74 行.
INFO: Run Behavior\ParseTemplateBehavior [ RunTime:0.036743s ]
INFO: [ view_parse ] --END-- [ RunTime:0.036776s ]
INFO: [ view_filter ] --START--
INFO: Run Behavior\WriteHtmlCacheBehavior [ RunTime:0.000373s ]
INFO: [ view_filter ] --END-- [ RunTime:0.000402s ]
INFO: [ app_end ] --START--
INFO: Run Behavior\ShowPageTraceBehavior [ RunTime:0.000780s ]
INFO: [ app_end ] --END-- [ RunTime:0.000835s ]

[ 2017-09-21T15:26:30+08:00 ] ::1 /Angelababy/login/login
INFO: [ app_init ] --START--
INFO: Run Behavior\BuildLiteBehavior [ RunTime:0.000007s ]
INFO: [ app_init ] --END-- [ RunTime:0.000336s ]
INFO: [ app_begin ] --START--
INFO: Run Behavior\ReadHtmlCacheBehavior [ RunTime:0.000467s ]
INFO: [ app_begin ] --END-- [ RunTime:0.000500s ]
NOTIC: [2] Missing argument 1 for Think\Controller::show(), called in D:\WWW\Angelababy\Application\Home\Controller\LoginController.class.php on line 6 and defined D:\WWW\Angelababy\ThinkPHP\Library\Think\Controller.class.php 第 68 行.
NOTIC: [8] Undefined variable: content D:\WWW\Angelababy\ThinkPHP\Library\Think\Controller.class.php 第 69 行.
INFO: [ view_parse ] --START--
INFO: [ template_filter ] --START--
INFO: Run Behavior\ContentReplaceBehavior [ RunTime:0.000047s ]
INFO: [ template_filter ] --END-- [ RunTime:0.000104s ]
INFO: Run Behavior\ParseTemplateBehavior [ RunTime:0.007291s ]
INFO: [ view_parse ] --END-- [ RunTime:0.007358s ]
INFO: [ view_filter ] --START--
INFO: Run Behavior\WriteHtmlCacheBehavior [ RunTime:0.000471s ]
INFO: [ view_filter ] --END-- [ RunTime:0.000517s ]
INFO: [ app_end ] --START--
INFO: Run Behavior\ShowPageTraceBehavior [ RunTime:0.000554s ]
INFO: [ app_end ] --END-- [ RunTime:0.000586s ]

[ 2017-09-21T15:26:38+08:00 ] ::1 /Angelababy/login/yanzheng
INFO: [ app_init ] --START--
INFO: Run Behavior\BuildLiteBehavior [ RunTime:0.000010s ]
INFO: [ app_init ] --END-- [ RunTime:0.000538s ]
INFO: [ app_begin ] --START--
INFO: Run Behavior\ReadHtmlCacheBehavior [ RunTime:0.000556s ]
INFO: [ app_begin ] --END-- [ RunTime:0.000608s ]
SQL: SHOW COLUMNS FROM `meitu_user` [ RunTime:0.0299s ]
SQL: SELECT * FROM `meitu_user` WHERE `uname` = '13333333332' AND `upwd` = '123456aa'  [ RunTime:0.0006s ]
NOTIC: [8] A session had already been started - ignoring session_start() D:\WWW\Angelababy\Application\Home\Controller\LoginController.class.php 第 11 行.
INFO: [ app_end ] --START--
INFO: Run Behavior\ShowPageTraceBehavior [ RunTime:0.000779s ]
INFO: [ app_end ] --END-- [ RunTime:0.000818s ]

[ 2017-09-21T15:26:40+08:00 ] ::1 /Angelababy/index/index.html
INFO: [ app_init ] --START--
INFO: Run Behavior\BuildLiteBehavior [ RunTime:0.000009s ]
INFO: [ app_init ] --END-- [ RunTime:0.000413s ]
INFO: [ app_begin ] --START--
INFO: Run Behavior\ReadHtmlCacheBehavior [ RunTime:0.000642s ]
INFO: [ app_begin ] --END-- [ RunTime:0.000691s ]
SQL: SHOW COLUMNS FROM `meitu_user` [ RunTime:0.0279s ]
SQL: SELECT `uid` FROM `meitu_user` WHERE `uname` = '13333333332' LIMIT 1   [ RunTime:0.0004s ]
SQL: SHOW COLUMNS FROM `meitu_cart` [ RunTime:0.1649s ]
SQL: SELECT `cid` FROM `meitu_cart` WHERE `uid` = 4 LIMIT 1   [ RunTime:0.0003s ]
INFO: [ view_parse ] --START--
INFO: [ template_filter ] --START--
INFO: Run Behavior\ContentReplaceBehavior [ RunTime:0.000393s ]
INFO: [ template_filter ] --END-- [ RunTime:0.000639s ]
NOTIC: [8] Undefined variable: arr D:\WWW\Angelababy\Application\Runtime\Cache\Home\2a94b8bda04ff446dcedd42276fc99ee.php 第 68 行.
NOTIC: [8] Undefined variable: arr D:\WWW\Angelababy\Application\Runtime\Cache\Home\2a94b8bda04ff446dcedd42276fc99ee.php 第 74 行.
INFO: Run Behavior\ParseTemplateBehavior [ RunTime:0.049156s ]
INFO: [ view_parse ] --END-- [ RunTime:0.049201s ]
INFO: [ view_filter ] --START--
INFO: Run Behavior\WriteHtmlCacheBehavior [ RunTime:0.000292s ]
INFO: [ view_filter ] --END-- [ RunTime:0.000344s ]
INFO: [ app_end ] --START--
INFO: Run Behavior\ShowPageTraceBehavior [ RunTime:0.000789s ]
INFO: [ app_end ] --END-- [ RunTime:0.000847s ]

[ 2017-09-21T15:26:53+08:00 ] ::1 /Angelababy/buycar/buycar
INFO: [ app_init ] --START--
INFO: Run Behavior\BuildLiteBehavior [ RunTime:0.000016s ]
INFO: [ app_init ] --END-- [ RunTime:0.000717s ]
INFO: [ app_begin ] --START--
INFO: Run Behavior\ReadHtmlCacheBehavior [ RunTime:0.000928s ]
INFO: [ app_begin ] --END-- [ RunTime:0.001016s ]
SQL: SHOW COLUMNS FROM `meitu_user` [ RunTime:0.0318s ]
SQL: SELECT `uid` FROM `meitu_user` WHERE `uname` = '13333333332' LIMIT 1   [ RunTime:0.0005s ]
SQL: SHOW COLUMNS FROM `meitu_cart` [ RunTime:0.0180s ]
SQL: SELECT `cid` FROM `meitu_cart` WHERE `uid` = 4 LIMIT 1   [ RunTime:0.0005s ]
SQL: SHOW COLUMNS FROM `meitu_product` [ RunTime:0.0431s ]
SQL: SELECT COUNT(*) AS tp_count FROM `meitu_product` LIMIT 1   [ RunTime:0.0457s ]
SQL: SELECT * FROM `meitu_product` LIMIT 0,12   [ RunTime:0.0007s ]
INFO: [ view_parse ] --START--
INFO: [ template_filter ] --START--
INFO: Run Behavior\ContentReplaceBehavior [ RunTime:0.000242s ]
INFO: [ template_filter ] --END-- [ RunTime:0.000422s ]
NOTIC: [8] Undefined variable: arr D:\WWW\Angelababy\Application\Runtime\Cache\Home\b3b0930c589e1b13b35054b640e2b2a7.php 第 69 行.
NOTIC: [8] Undefined variable: arr D:\WWW\Angelababy\Application\Runtime\Cache\Home\b3b0930c589e1b13b35054b640e2b2a7.php 第 75 行.
INFO: Run Behavior\ParseTemplateBehavior [ RunTime:0.145129s ]
INFO: [ view_parse ] --END-- [ RunTime:0.145183s ]
INFO: [ view_filter ] --START--
INFO: Run Behavior\WriteHtmlCacheBehavior [ RunTime:0.000431s ]
INFO: [ view_filter ] --END-- [ RunTime:0.000474s ]
INFO: [ app_end ] --START--
INFO: Run Behavior\ShowPageTraceBehavior [ RunTime:0.000933s ]
INFO: [ app_end ] --END-- [ RunTime:0.000986s ]

[ 2017-09-21T15:26:59+08:00 ] ::1 /Angelababy/Cart/add
INFO: [ app_init ] --START--
INFO: Run Behavior\BuildLiteBehavior [ RunTime:0.000026s ]
INFO: [ app_init ] --END-- [ RunTime:0.000598s ]
INFO: [ app_begin ] --START--
INFO: Run Behavior\ReadHtmlCacheBehavior [ RunTime:0.001376s ]
INFO: [ app_begin ] --END-- [ RunTime:0.001550s ]
SQL: SHOW COLUMNS FROM `meitu_user` [ RunTime:0.0322s ]
SQL: SELECT `uid` FROM `meitu_user` WHERE `uname` = '13333333332' LIMIT 1   [ RunTime:0.0017s ]
SQL: SHOW COLUMNS FROM `meitu_cart` [ RunTime:0.0150s ]
SQL: SELECT `cid` FROM `meitu_cart` WHERE `uid` = 4 LIMIT 1   [ RunTime:0.0005s ]
SQL: SHOW COLUMNS FROM `meitu_cart_detail` [ RunTime:0.0218s ]
SQL: SELECT `uid` FROM `meitu_user` WHERE `uname` = '13333333332' LIMIT 1   [ RunTime:0.0004s ]
NOTIC: [2] Illegal string offset 'uid' D:\WWW\Angelababy\Application\Home\Controller\CartController.class.php 第 14 行.
SQL: SELECT * FROM `meitu_cart` WHERE `uid` = 4 LIMIT 1   [ RunTime:0.0002s ]
SQL: INSERT INTO `meitu_cart` (`cid`,`uid`) VALUES (NULL,'4') [ RunTime:0.0002s ]
SQL: SELECT * FROM `meitu_cart_detail` WHERE ( cartId=5 AND productId=2 )  [ RunTime:0.0003s ]
SQL: INSERT INTO `meitu_cart_detail` (`did`,`cartId`,`productId`,`count`) VALUES (NULL,'5','2','1') [ RunTime:0.0003s ]
INFO: [ app_end ] --START--
INFO: Run Behavior\ShowPageTraceBehavior [ RunTime:0.000804s ]
INFO: [ app_end ] --END-- [ RunTime:0.000842s ]

[ 2017-09-21T15:27:00+08:00 ] ::1 /Angelababy/Cart/select
INFO: [ app_init ] --START--
INFO: Run Behavior\BuildLiteBehavior [ RunTime:0.000012s ]
INFO: [ app_init ] --END-- [ RunTime:0.001396s ]
INFO: [ app_begin ] --START--
INFO: Run Behavior\ReadHtmlCacheBehavior [ RunTime:0.000528s ]
INFO: [ app_begin ] --END-- [ RunTime:0.000571s ]
SQL: SHOW COLUMNS FROM `meitu_user` [ RunTime:0.0996s ]
SQL: SELECT `uid` FROM `meitu_user` WHERE `uname` = '13333333332' LIMIT 1   [ RunTime:0.0003s ]
SQL: SHOW COLUMNS FROM `meitu_cart` [ RunTime:0.0141s ]
SQL: SELECT `cid` FROM `meitu_cart` WHERE `uid` = 4 LIMIT 1   [ RunTime:0.0009s ]
SQL: SHOW COLUMNS FROM `meitu_cart_detail` [ RunTime:0.0169s ]
SQL: SELECT * FROM `meitu_cart_detail` INNER JOIN meitu_product  WHERE (  cartId=5 and productId=pid ) ORDER BY did  [ RunTime:0.0005s ]
INFO: [ app_end ] --START--
INFO: Run Behavior\ShowPageTraceBehavior [ RunTime:0.000792s ]
INFO: [ app_end ] --END-- [ RunTime:0.000854s ]

[ 2017-09-21T15:32:16+08:00 ] ::1 /Angelababy/login/signOut
INFO: [ app_init ] --START--
INFO: Run Behavior\BuildLiteBehavior [ RunTime:0.000009s ]
INFO: [ app_init ] --END-- [ RunTime:0.000446s ]
INFO: [ app_begin ] --START--
INFO: Run Behavior\ReadHtmlCacheBehavior [ RunTime:0.000460s ]
INFO: [ app_begin ] --END-- [ RunTime:0.000490s ]
SQL: SHOW COLUMNS FROM `meitu_user` [ RunTime:0.0209s ]
SQL: SELECT `uid` FROM `meitu_user` WHERE `uname` = '13333333332' LIMIT 1   [ RunTime:0.0003s ]
SQL: SHOW COLUMNS FROM `meitu_cart` [ RunTime:0.0119s ]
SQL: SELECT `cid` FROM `meitu_cart` WHERE `uid` = null LIMIT 1   [ RunTime:0.0003s ]
NOTIC: [8] A session had already been started - ignoring session_start() D:\WWW\Angelababy\Application\Home\Controller\LoginController.class.php 第 16 行.
INFO: [ app_end ] --START--
INFO: Run Behavior\ShowPageTraceBehavior [ RunTime:0.000754s ]
INFO: [ app_end ] --END-- [ RunTime:0.000801s ]

[ 2017-09-21T15:32:17+08:00 ] ::1 /Angelababy/buycar/buycar
INFO: [ app_init ] --START--
INFO: Run Behavior\BuildLiteBehavior [ RunTime:0.000012s ]
INFO: [ app_init ] --END-- [ RunTime:0.000565s ]
INFO: [ app_begin ] --START--
INFO: Run Behavior\ReadHtmlCacheBehavior [ RunTime:0.000573s ]
INFO: [ app_begin ] --END-- [ RunTime:0.000616s ]
SQL: SHOW COLUMNS FROM `meitu_product` [ RunTime:0.0330s ]
SQL: SELECT COUNT(*) AS tp_count FROM `meitu_product` LIMIT 1   [ RunTime:0.0004s ]
SQL: SELECT * FROM `meitu_product` LIMIT 0,12   [ RunTime:0.0005s ]
INFO: [ view_parse ] --START--
INFO: [ template_filter ] --START--
INFO: Run Behavior\ContentReplaceBehavior [ RunTime:0.000190s ]
INFO: [ template_filter ] --END-- [ RunTime:0.000251s ]
NOTIC: [8] Undefined variable: uname D:\WWW\Angelababy\Application\Runtime\Cache\Home\b3b0930c589e1b13b35054b640e2b2a7.php 第 50 行.
NOTIC: [8] Undefined variable: arr D:\WWW\Angelababy\Application\Runtime\Cache\Home\b3b0930c589e1b13b35054b640e2b2a7.php 第 69 行.
NOTIC: [8] Undefined variable: arr D:\WWW\Angelababy\Application\Runtime\Cache\Home\b3b0930c589e1b13b35054b640e2b2a7.php 第 75 行.
NOTIC: [8] Undefined variable: uname D:\WWW\Angelababy\Application\Runtime\Cache\Home\b3b0930c589e1b13b35054b640e2b2a7.php 第 218 行.
INFO: Run Behavior\ParseTemplateBehavior [ RunTime:0.041516s ]
INFO: [ view_parse ] --END-- [ RunTime:0.041554s ]
INFO: [ view_filter ] --START--
INFO: Run Behavior\WriteHtmlCacheBehavior [ RunTime:0.000376s ]
INFO: [ view_filter ] --END-- [ RunTime:0.000402s ]
INFO: [ app_end ] --START--
INFO: Run Behavior\ShowPageTraceBehavior [ RunTime:0.000825s ]
INFO: [ app_end ] --END-- [ RunTime:0.000878s ]

[ 2017-09-21T15:32:17+08:00 ] ::1 /Angelababy/index/index
INFO: [ app_init ] --START--
INFO: Run Behavior\BuildLiteBehavior [ RunTime:0.000012s ]
INFO: [ app_init ] --END-- [ RunTime:0.000396s ]
INFO: [ app_begin ] --START--
INFO: Run Behavior\ReadHtmlCacheBehavior [ RunTime:0.000721s ]
INFO: [ app_begin ] --END-- [ RunTime:0.000792s ]
INFO: [ view_parse ] --START--
INFO: [ template_filter ] --START--
INFO: Run Behavior\ContentReplaceBehavior [ RunTime:0.000215s ]
INFO: [ template_filter ] --END-- [ RunTime:0.000253s ]
NOTIC: [8] Undefined variable: uname D:\WWW\Angelababy\Application\Runtime\Cache\Home\2a94b8bda04ff446dcedd42276fc99ee.php 第 49 行.
NOTIC: [8] Undefined variable: arr D:\WWW\Angelababy\Application\Runtime\Cache\Home\2a94b8bda04ff446dcedd42276fc99ee.php 第 68 行.
NOTIC: [8] Undefined variable: arr D:\WWW\Angelababy\Application\Runtime\Cache\Home\2a94b8bda04ff446dcedd42276fc99ee.php 第 74 行.
INFO: Run Behavior\ParseTemplateBehavior [ RunTime:0.031478s ]
INFO: [ view_parse ] --END-- [ RunTime:0.031516s ]
INFO: [ view_filter ] --START--
INFO: Run Behavior\WriteHtmlCacheBehavior [ RunTime:0.000381s ]
INFO: [ view_filter ] --END-- [ RunTime:0.000407s ]
INFO: [ app_end ] --START--
INFO: Run Behavior\ShowPageTraceBehavior [ RunTime:0.000772s ]
INFO: [ app_end ] --END-- [ RunTime:0.000836s ]

[ 2017-09-21T15:32:18+08:00 ] ::1 /Angelababy/login/login
INFO: [ app_init ] --START--
INFO: Run Behavior\BuildLiteBehavior [ RunTime:0.000009s ]
INFO: [ app_init ] --END-- [ RunTime:0.000384s ]
INFO: [ app_begin ] --START--
INFO: Run Behavior\ReadHtmlCacheBehavior [ RunTime:0.000675s ]
INFO: [ app_begin ] --END-- [ RunTime:0.000736s ]
NOTIC: [2] Missing argument 1 for Think\Controller::show(), called in D:\WWW\Angelababy\Application\Home\Controller\LoginController.class.php on line 6 and defined D:\WWW\Angelababy\ThinkPHP\Library\Think\Controller.class.php 第 68 行.
NOTIC: [8] Undefined variable: content D:\WWW\Angelababy\ThinkPHP\Library\Think\Controller.class.php 第 69 行.
INFO: [ view_parse ] --START--
INFO: [ template_filter ] --START--
INFO: Run Behavior\ContentReplaceBehavior [ RunTime:0.000035s ]
INFO: [ template_filter ] --END-- [ RunTime:0.000074s ]
INFO: Run Behavior\ParseTemplateBehavior [ RunTime:0.015749s ]
INFO: [ view_parse ] --END-- [ RunTime:0.015807s ]
INFO: [ view_filter ] --START--
INFO: Run Behavior\WriteHtmlCacheBehavior [ RunTime:0.000393s ]
INFO: [ view_filter ] --END-- [ RunTime:0.000433s ]
INFO: [ app_end ] --START--
INFO: Run Behavior\ShowPageTraceBehavior [ RunTime:0.000472s ]
INFO: [ app_end ] --END-- [ RunTime:0.000498s ]

[ 2017-09-21T15:32:24+08:00 ] ::1 /Angelababy/login/yanzheng
INFO: [ app_init ] --START--
INFO: Run Behavior\BuildLiteBehavior [ RunTime:0.000007s ]
INFO: [ app_init ] --END-- [ RunTime:0.000374s ]
INFO: [ app_begin ] --START--
INFO: Run Behavior\ReadHtmlCacheBehavior [ RunTime:0.000431s ]
INFO: [ app_begin ] --END-- [ RunTime:0.000457s ]
SQL: SHOW COLUMNS FROM `meitu_user` [ RunTime:0.0363s ]
SQL: SELECT * FROM `meitu_user` WHERE `uname` = '13333333333' AND `upwd` = '123456aa'  [ RunTime:0.0004s ]
NOTIC: [8] A session had already been started - ignoring session_start() D:\WWW\Angelababy\Application\Home\Controller\LoginController.class.php 第 11 行.
INFO: [ app_end ] --START--
INFO: Run Behavior\ShowPageTraceBehavior [ RunTime:0.000760s ]
INFO: [ app_end ] --END-- [ RunTime:0.000808s ]

[ 2017-09-21T15:32:26+08:00 ] ::1 /Angelababy/index/index.html
INFO: [ app_init ] --START--
INFO: Run Behavior\BuildLiteBehavior [ RunTime:0.000031s ]
INFO: [ app_init ] --END-- [ RunTime:0.001595s ]
INFO: [ app_begin ] --START--
INFO: Run Behavior\ReadHtmlCacheBehavior [ RunTime:0.000863s ]
INFO: [ app_begin ] --END-- [ RunTime:0.000936s ]
SQL: SHOW COLUMNS FROM `meitu_user` [ RunTime:0.0343s ]
SQL: SELECT `uid` FROM `meitu_user` WHERE `uname` = '13333333333' LIMIT 1   [ RunTime:0.0004s ]
SQL: SHOW COLUMNS FROM `meitu_cart` [ RunTime:0.0264s ]
SQL: SELECT `cid` FROM `meitu_cart` WHERE `uid` = 2 LIMIT 1   [ RunTime:0.0006s ]
SQL: SHOW COLUMNS FROM `meitu_cart_detail` [ RunTime:0.0366s ]
SQL: SELECT * FROM `meitu_cart_detail` INNER JOIN meitu_product  WHERE (  cartId=2 and productId=pid ) ORDER BY did  [ RunTime:0.0003s ]
INFO: [ view_parse ] --START--
INFO: [ template_filter ] --START--
INFO: Run Behavior\ContentReplaceBehavior [ RunTime:0.000202s ]
INFO: [ template_filter ] --END-- [ RunTime:0.000244s ]
INFO: Run Behavior\ParseTemplateBehavior [ RunTime:0.072159s ]
INFO: [ view_parse ] --END-- [ RunTime:0.072347s ]
INFO: [ view_filter ] --START--
INFO: Run Behavior\WriteHtmlCacheBehavior [ RunTime:0.002213s ]
INFO: [ view_filter ] --END-- [ RunTime:0.002383s ]
INFO: [ app_end ] --START--
INFO: Run Behavior\ShowPageTraceBehavior [ RunTime:0.004108s ]
INFO: [ app_end ] --END-- [ RunTime:0.004308s ]

[ 2017-09-21T15:32:41+08:00 ] ::1 /Angelababy/buycar/buycar
INFO: [ app_init ] --START--
INFO: Run Behavior\BuildLiteBehavior [ RunTime:0.000024s ]
INFO: [ app_init ] --END-- [ RunTime:0.000494s ]
INFO: [ app_begin ] --START--
INFO: Run Behavior\ReadHtmlCacheBehavior [ RunTime:0.000637s ]
INFO: [ app_begin ] --END-- [ RunTime:0.000697s ]
SQL: SHOW COLUMNS FROM `meitu_user` [ RunTime:0.0567s ]
SQL: SELECT `uid` FROM `meitu_user` WHERE `uname` = '13333333333' LIMIT 1   [ RunTime:0.0005s ]
SQL: SHOW COLUMNS FROM `meitu_cart` [ RunTime:0.0413s ]
SQL: SELECT `cid` FROM `meitu_cart` WHERE `uid` = 2 LIMIT 1   [ RunTime:0.0004s ]
SQL: SHOW COLUMNS FROM `meitu_product` [ RunTime:0.0266s ]
SQL: SELECT COUNT(*) AS tp_count FROM `meitu_product` LIMIT 1   [ RunTime:0.0003s ]
SQL: SELECT * FROM `meitu_product` LIMIT 0,12   [ RunTime:0.0005s ]
INFO: [ view_parse ] --START--
INFO: [ template_filter ] --START--
INFO: Run Behavior\ContentReplaceBehavior [ RunTime:0.000170s ]
INFO: [ template_filter ] --END-- [ RunTime:0.000227s ]
NOTIC: [8] Undefined variable: arr D:\WWW\Angelababy\Application\Runtime\Cache\Home\b3b0930c589e1b13b35054b640e2b2a7.php 第 69 行.
NOTIC: [8] Undefined variable: arr D:\WWW\Angelababy\Application\Runtime\Cache\Home\b3b0930c589e1b13b35054b640e2b2a7.php 第 75 行.
INFO: Run Behavior\ParseTemplateBehavior [ RunTime:0.056260s ]
INFO: [ view_parse ] --END-- [ RunTime:0.056309s ]
INFO: [ view_filter ] --START--
INFO: Run Behavior\WriteHtmlCacheBehavior [ RunTime:0.000473s ]
INFO: [ view_filter ] --END-- [ RunTime:0.000512s ]
INFO: [ app_end ] --START--
INFO: Run Behavior\ShowPageTraceBehavior [ RunTime:0.001238s ]
INFO: [ app_end ] --END-- [ RunTime:0.001330s ]

[ 2017-09-21T15:32:45+08:00 ] ::1 /Angelababy/Cart/add
INFO: [ app_init ] --START--
INFO: Run Behavior\BuildLiteBehavior [ RunTime:0.000007s ]
INFO: [ app_init ] --END-- [ RunTime:0.000329s ]
INFO: [ app_begin ] --START--
INFO: Run Behavior\ReadHtmlCacheBehavior [ RunTime:0.000391s ]
INFO: [ app_begin ] --END-- [ RunTime:0.000420s ]
SQL: SHOW COLUMNS FROM `meitu_user` [ RunTime:0.0288s ]
SQL: SELECT `uid` FROM `meitu_user` WHERE `uname` = '13333333333' LIMIT 1   [ RunTime:0.0003s ]
SQL: SHOW COLUMNS FROM `meitu_cart` [ RunTime:0.0123s ]
SQL: SELECT `cid` FROM `meitu_cart` WHERE `uid` = 2 LIMIT 1   [ RunTime:0.0004s ]
SQL: SHOW COLUMNS FROM `meitu_cart_detail` [ RunTime:0.0117s ]
SQL: SELECT `uid` FROM `meitu_user` WHERE `uname` = '13333333333' LIMIT 1   [ RunTime:0.0004s ]
NOTIC: [2] Illegal string offset 'uid' D:\WWW\Angelababy\Application\Home\Controller\CartController.class.php 第 18 行.
SQL: SELECT * FROM `meitu_cart` WHERE `uid` = 2 LIMIT 1   [ RunTime:0.0003s ]
SQL: INSERT INTO `meitu_cart` (`cid`,`uid`) VALUES (NULL,'2') [ RunTime:0.0012s ]
SQL: SELECT * FROM `meitu_cart_detail` WHERE ( cartId=6 AND productId=2 )  [ RunTime:0.0003s ]
SQL: INSERT INTO `meitu_cart_detail` (`did`,`cartId`,`productId`,`count`) VALUES (NULL,'6','2','1') [ RunTime:0.0003s ]
INFO: [ app_end ] --START--
INFO: Run Behavior\ShowPageTraceBehavior [ RunTime:0.000619s ]
INFO: [ app_end ] --END-- [ RunTime:0.000650s ]

[ 2017-09-21T15:32:47+08:00 ] ::1 /Angelababy/Cart/select
INFO: [ app_init ] --START--
INFO: Run Behavior\BuildLiteBehavior [ RunTime:0.000010s ]
INFO: [ app_init ] --END-- [ RunTime:0.000374s ]
INFO: [ app_begin ] --START--
INFO: Run Behavior\ReadHtmlCacheBehavior [ RunTime:0.000441s ]
INFO: [ app_begin ] --END-- [ RunTime:0.000469s ]
SQL: SHOW COLUMNS FROM `meitu_user` [ RunTime:0.0372s ]
SQL: SELECT `uid` FROM `meitu_user` WHERE `uname` = '13333333333' LIMIT 1   [ RunTime:0.0007s ]
SQL: SHOW COLUMNS FROM `meitu_cart` [ RunTime:0.3459s ]
SQL: SELECT `cid` FROM `meitu_cart` WHERE `uid` = 2 LIMIT 1   [ RunTime:0.0007s ]
SQL: SHOW COLUMNS FROM `meitu_cart_detail` [ RunTime:0.0599s ]
SQL: SELECT * FROM `meitu_cart_detail` INNER JOIN meitu_product  WHERE (  cartId=6 and productId=pid ) ORDER BY did  [ RunTime:0.0011s ]
INFO: [ app_end ] --START--
INFO: Run Behavior\ShowPageTraceBehavior [ RunTime:0.001559s ]
INFO: [ app_end ] --END-- [ RunTime:0.001649s ]

[ 2017-09-21T15:34:17+08:00 ] ::1 /Angelababy/buycar/buycar
INFO: [ app_init ] --START--
INFO: Run Behavior\BuildLiteBehavior [ RunTime:0.000008s ]
INFO: [ app_init ] --END-- [ RunTime:0.000394s ]
INFO: [ app_begin ] --START--
INFO: Run Behavior\ReadHtmlCacheBehavior [ RunTime:0.000597s ]
INFO: [ app_begin ] --END-- [ RunTime:0.000653s ]
SQL: SHOW COLUMNS FROM `meitu_user` [ RunTime:0.0257s ]
SQL: SELECT `uid` FROM `meitu_user` WHERE `uname` = '13333333333' LIMIT 1   [ RunTime:0.0027s ]
SQL: SHOW COLUMNS FROM `meitu_cart` [ RunTime:0.0198s ]
SQL: SELECT `cid` FROM `meitu_cart` WHERE `uid` = 2 LIMIT 1   [ RunTime:0.0003s ]
SQL: SHOW COLUMNS FROM `meitu_cart_detail` [ RunTime:0.0125s ]
SQL: SELECT * FROM `meitu_cart_detail` INNER JOIN meitu_product  WHERE (  cartId=2 and productId=pid ) ORDER BY did  [ RunTime:0.0004s ]
SQL: SHOW COLUMNS FROM `meitu_product` [ RunTime:0.0114s ]
SQL: SELECT COUNT(*) AS tp_count FROM `meitu_product` LIMIT 1   [ RunTime:0.0002s ]
SQL: SELECT * FROM `meitu_product` LIMIT 0,12   [ RunTime:0.0003s ]
INFO: [ view_parse ] --START--
INFO: [ template_filter ] --START--
INFO: Run Behavior\ContentReplaceBehavior [ RunTime:0.000096s ]
INFO: [ template_filter ] --END-- [ RunTime:0.000126s ]
INFO: Run Behavior\ParseTemplateBehavior [ RunTime:0.032262s ]
INFO: [ view_parse ] --END-- [ RunTime:0.032304s ]
INFO: [ view_filter ] --START--
INFO: Run Behavior\WriteHtmlCacheBehavior [ RunTime:0.000317s ]
INFO: [ view_filter ] --END-- [ RunTime:0.000341s ]
INFO: [ app_end ] --START--
INFO: Run Behavior\ShowPageTraceBehavior [ RunTime:0.000731s ]
INFO: [ app_end ] --END-- [ RunTime:0.000791s ]

