[ 2017-09-17T20:43:03+08:00 ] 124.236.142.198 /Angelababy/
INFO: [ app_init ] --START--
INFO: Run Behavior\BuildLiteBehavior [ RunTime:0.000028s ]
INFO: [ app_init ] --END-- [ RunTime:0.000631s ]
INFO: [ app_begin ] --START--
INFO: Run Behavior\ReadHtmlCacheBehavior [ RunTime:0.000727s ]
INFO: [ app_begin ] --END-- [ RunTime:0.000791s ]
NOTIC: [8] Undefined index: uname /data/home/qxu1590220014/htdocs/Angelababy/Application/Home/Controller/BaseController.class.php 第 7 行.
NOTIC: [8] Undefined index: uname /data/home/qxu1590220014/htdocs/Angelababy/Application/Home/Controller/BaseController.class.php 第 7 行.
INFO: [ view_parse ] --START--
INFO: [ template_filter ] --START--
INFO: Run Behavior\ContentReplaceBehavior [ RunTime:0.000328s ]
INFO: [ template_filter ] --END-- [ RunTime:0.000416s ]
NOTIC: [8] Undefined variable: uname /data/home/qxu1590220014/htdocs/Angelababy/Application/Runtime/Cache/Home/2a94b8bda04ff446dcedd42276fc99ee.php 第 48 行.
NOTIC: [8] Undefined variable: arr /data/home/qxu1590220014/htdocs/Angelababy/Application/Runtime/Cache/Home/2a94b8bda04ff446dcedd42276fc99ee.php 第 67 行.
NOTIC: [8] Undefined variable: arr /data/home/qxu1590220014/htdocs/Angelababy/Application/Runtime/Cache/Home/2a94b8bda04ff446dcedd42276fc99ee.php 第 73 行.
INFO: Run Behavior\ParseTemplateBehavior [ RunTime:0.021970s ]
INFO: [ view_parse ] --END-- [ RunTime:0.022019s ]
INFO: [ view_filter ] --START--
INFO: Run Behavior\WriteHtmlCacheBehavior [ RunTime:0.000309s ]
INFO: [ view_filter ] --END-- [ RunTime:0.000350s ]
INFO: [ app_end ] --START--
INFO: Run Behavior\ShowPageTraceBehavior [ RunTime:0.000814s ]
INFO: [ app_end ] --END-- [ RunTime:0.000880s ]

[ 2017-09-17T20:43:18+08:00 ] 124.236.142.198 /Angelababy/
INFO: [ app_init ] --START--
INFO: Run Behavior\BuildLiteBehavior [ RunTime:0.000018s ]
INFO: [ app_init ] --END-- [ RunTime:0.000433s ]
INFO: [ app_begin ] --START--
INFO: Run Behavior\ReadHtmlCacheBehavior [ RunTime:0.000651s ]
INFO: [ app_begin ] --END-- [ RunTime:0.000705s ]
NOTIC: [8] Undefined index: uname /data/home/qxu1590220014/htdocs/Angelababy/Application/Home/Controller/BaseController.class.php 第 7 行.
NOTIC: [8] Undefined index: uname /data/home/qxu1590220014/htdocs/Angelababy/Application/Home/Controller/BaseController.class.php 第 7 行.
INFO: [ view_parse ] --START--
INFO: [ template_filter ] --START--
INFO: Run Behavior\ContentReplaceBehavior [ RunTime:0.000315s ]
INFO: [ template_filter ] --END-- [ RunTime:0.000370s ]
NOTIC: [8] Undefined variable: uname /data/home/qxu1590220014/htdocs/Angelababy/Application/Runtime/Cache/Home/2a94b8bda04ff446dcedd42276fc99ee.php 第 48 行.
NOTIC: [8] Undefined variable: arr /data/home/qxu1590220014/htdocs/Angelababy/Application/Runtime/Cache/Home/2a94b8bda04ff446dcedd42276fc99ee.php 第 67 行.
NOTIC: [8] Undefined variable: arr /data/home/qxu1590220014/htdocs/Angelababy/Application/Runtime/Cache/Home/2a94b8bda04ff446dcedd42276fc99ee.php 第 73 行.
INFO: Run Behavior\ParseTemplateBehavior [ RunTime:0.017727s ]
INFO: [ view_parse ] --END-- [ RunTime:0.017773s ]
INFO: [ view_filter ] --START--
INFO: Run Behavior\WriteHtmlCacheBehavior [ RunTime:0.000291s ]
INFO: [ view_filter ] --END-- [ RunTime:0.000332s ]
INFO: [ app_end ] --START--
INFO: Run Behavior\ShowPageTraceBehavior [ RunTime:0.000602s ]
INFO: [ app_end ] --END-- [ RunTime:0.000665s ]

[ 2017-09-17T20:43:33+08:00 ] 124.236.142.198 /Angelababy/
INFO: [ app_init ] --START--
INFO: Run Behavior\BuildLiteBehavior [ RunTime:0.000021s ]
INFO: [ app_init ] --END-- [ RunTime:0.000463s ]
INFO: [ app_begin ] --START--
INFO: Run Behavior\ReadHtmlCacheBehavior [ RunTime:0.000987s ]
INFO: [ app_begin ] --END-- [ RunTime:0.001057s ]
NOTIC: [8] Undefined index: uname /data/home/qxu1590220014/htdocs/Angelababy/Application/Home/Controller/BaseController.class.php 第 7 行.
NOTIC: [8] Undefined index: uname /data/home/qxu1590220014/htdocs/Angelababy/Application/Home/Controller/BaseController.class.php 第 7 行.
INFO: [ view_parse ] --START--
INFO: [ template_filter ] --START--
INFO: Run Behavior\ContentReplaceBehavior [ RunTime:0.000317s ]
INFO: [ template_filter ] --END-- [ RunTime:0.000380s ]
NOTIC: [8] Undefined variable: uname /data/home/qxu1590220014/htdocs/Angelababy/Application/Runtime/Cache/Home/2a94b8bda04ff446dcedd42276fc99ee.php 第 48 行.
NOTIC: [8] Undefined variable: arr /data/home/qxu1590220014/htdocs/Angelababy/Application/Runtime/Cache/Home/2a94b8bda04ff446dcedd42276fc99ee.php 第 67 行.
NOTIC: [8] Undefined variable: arr /data/home/qxu1590220014/htdocs/Angelababy/Application/Runtime/Cache/Home/2a94b8bda04ff446dcedd42276fc99ee.php 第 73 行.
INFO: Run Behavior\ParseTemplateBehavior [ RunTime:0.018845s ]
INFO: [ view_parse ] --END-- [ RunTime:0.018895s ]
INFO: [ view_filter ] --START--
INFO: Run Behavior\WriteHtmlCacheBehavior [ RunTime:0.000287s ]
INFO: [ view_filter ] --END-- [ RunTime:0.000328s ]
INFO: [ app_end ] --START--
INFO: Run Behavior\ShowPageTraceBehavior [ RunTime:0.000617s ]
INFO: [ app_end ] --END-- [ RunTime:0.000664s ]

[ 2017-09-17T20:44:17+08:00 ] 124.236.142.198 /Angelababy/index.php/Home/login/login.html
INFO: [ app_init ] --START--
INFO: Run Behavior\BuildLiteBehavior [ RunTime:0.000023s ]
INFO: [ app_init ] --END-- [ RunTime:0.000524s ]
INFO: [ app_begin ] --START--
INFO: Run Behavior\ReadHtmlCacheBehavior [ RunTime:0.000785s ]
INFO: [ app_begin ] --END-- [ RunTime:0.000843s ]
NOTIC: [2] Missing argument 1 for Think\Controller::show(), called in /data/home/qxu1590220014/htdocs/Angelababy/Application/Home/Controller/LoginController.class.php on line 6 and defined /data/home/qxu1590220014/htdocs/Angelababy/ThinkPHP/Library/Think/Controller.class.php 第 68 行.
NOTIC: [8] Undefined variable: content /data/home/qxu1590220014/htdocs/Angelababy/ThinkPHP/Library/Think/Controller.class.php 第 69 行.
INFO: [ view_parse ] --START--
INFO: [ template_filter ] --START--
INFO: Run Behavior\ContentReplaceBehavior [ RunTime:0.000074s ]
INFO: [ template_filter ] --END-- [ RunTime:0.000133s ]
INFO: Run Behavior\ParseTemplateBehavior [ RunTime:0.006606s ]
INFO: [ view_parse ] --END-- [ RunTime:0.006659s ]
INFO: [ view_filter ] --START--
INFO: Run Behavior\WriteHtmlCacheBehavior [ RunTime:0.000286s ]
INFO: [ view_filter ] --END-- [ RunTime:0.000326s ]
INFO: [ app_end ] --START--
INFO: Run Behavior\ShowPageTraceBehavior [ RunTime:0.000617s ]
INFO: [ app_end ] --END-- [ RunTime:0.000683s ]

[ 2017-09-17T20:48:05+08:00 ] 124.236.142.198 /Angelababy/index.php/Home/login/login.html
INFO: [ app_init ] --START--
INFO: Run Behavior\BuildLiteBehavior [ RunTime:0.000035s ]
INFO: [ app_init ] --END-- [ RunTime:0.000778s ]
INFO: [ app_begin ] --START--
INFO: Run Behavior\ReadHtmlCacheBehavior [ RunTime:0.000768s ]
INFO: [ app_begin ] --END-- [ RunTime:0.000825s ]
NOTIC: [2] Missing argument 1 for Think\Controller::show(), called in /data/home/qxu1590220014/htdocs/Angelababy/Application/Home/Controller/LoginController.class.php on line 6 and defined /data/home/qxu1590220014/htdocs/Angelababy/ThinkPHP/Library/Think/Controller.class.php 第 68 行.
NOTIC: [8] Undefined variable: content /data/home/qxu1590220014/htdocs/Angelababy/ThinkPHP/Library/Think/Controller.class.php 第 69 行.
INFO: [ view_parse ] --START--
INFO: [ template_filter ] --START--
INFO: Run Behavior\ContentReplaceBehavior [ RunTime:0.000071s ]
INFO: [ template_filter ] --END-- [ RunTime:0.000136s ]
INFO: Run Behavior\ParseTemplateBehavior [ RunTime:0.006580s ]
INFO: [ view_parse ] --END-- [ RunTime:0.006661s ]
INFO: [ view_filter ] --START--
INFO: Run Behavior\WriteHtmlCacheBehavior [ RunTime:0.000296s ]
INFO: [ view_filter ] --END-- [ RunTime:0.000342s ]
INFO: [ app_end ] --START--
INFO: Run Behavior\ShowPageTraceBehavior [ RunTime:0.000614s ]
INFO: [ app_end ] --END-- [ RunTime:0.000673s ]

[ 2017-09-17T20:48:09+08:00 ] 124.236.142.198 /Angelababy/index.php/Home/login/yanzheng
INFO: [ app_init ] --START--
INFO: Run Behavior\BuildLiteBehavior [ RunTime:0.000018s ]
INFO: [ app_init ] --END-- [ RunTime:0.000434s ]
INFO: [ app_begin ] --START--
INFO: Run Behavior\ReadHtmlCacheBehavior [ RunTime:0.000678s ]
INFO: [ app_begin ] --END-- [ RunTime:0.000732s ]
ERR: SQLSTATE[28000] [1045] Access denied for user 'qdm106205409'@'localhost' (using password: YES)

[ 2017-09-17T20:49:42+08:00 ] 124.236.142.198 /Angelababy/index.php/Home/login/yanzheng
INFO: [ app_init ] --START--
INFO: Run Behavior\BuildLiteBehavior [ RunTime:0.000017s ]
INFO: [ app_init ] --END-- [ RunTime:0.000461s ]
INFO: [ app_begin ] --START--
INFO: Run Behavior\ReadHtmlCacheBehavior [ RunTime:0.000667s ]
INFO: [ app_begin ] --END-- [ RunTime:0.000722s ]
SQL: SHOW COLUMNS FROM `meitu_user` [ RunTime:0.0010s ]
SQL: SELECT * FROM `meitu_user` WHERE `uname` = '15531006501' AND `upwd` = '132456aa'  [ RunTime:0.0006s ]
NOTIC: [8] A session had already been started - ignoring session_start() /data/home/qxu1590220014/htdocs/Angelababy/Application/Home/Controller/LoginController.class.php 第 11 行.
INFO: [ app_end ] --START--
INFO: Run Behavior\ShowPageTraceBehavior [ RunTime:0.000648s ]
INFO: [ app_end ] --END-- [ RunTime:0.000708s ]

[ 2017-09-17T20:50:04+08:00 ] 124.236.142.198 /Angelababy/index.php/Home/login/yanzheng
INFO: [ app_init ] --START--
INFO: Run Behavior\BuildLiteBehavior [ RunTime:0.000032s ]
INFO: [ app_init ] --END-- [ RunTime:0.000483s ]
INFO: [ app_begin ] --START--
INFO: Run Behavior\ReadHtmlCacheBehavior [ RunTime:0.000709s ]
INFO: [ app_begin ] --END-- [ RunTime:0.000764s ]
SQL: SHOW COLUMNS FROM `meitu_user` [ RunTime:0.0011s ]
SQL: SELECT * FROM `meitu_user` WHERE `uname` = '15531006501' AND `upwd` = '123456aa'  [ RunTime:0.0006s ]
NOTIC: [8] A session had already been started - ignoring session_start() /data/home/qxu1590220014/htdocs/Angelababy/Application/Home/Controller/LoginController.class.php 第 11 行.
INFO: [ app_end ] --START--
INFO: Run Behavior\ShowPageTraceBehavior [ RunTime:0.000721s ]
INFO: [ app_end ] --END-- [ RunTime:0.000783s ]

[ 2017-09-17T20:50:05+08:00 ] 124.236.142.198 /Angelababy/index.php/Home/index/index.html
INFO: [ app_init ] --START--
INFO: Run Behavior\BuildLiteBehavior [ RunTime:0.000023s ]
INFO: [ app_init ] --END-- [ RunTime:0.000488s ]
INFO: [ app_begin ] --START--
INFO: Run Behavior\ReadHtmlCacheBehavior [ RunTime:0.000694s ]
INFO: [ app_begin ] --END-- [ RunTime:0.000860s ]
SQL: SHOW COLUMNS FROM `meitu_cart_detail` [ RunTime:0.0009s ]
SQL: SHOW COLUMNS FROM `meitu_cart` [ RunTime:0.0008s ]
SQL: SHOW COLUMNS FROM `meitu_user` [ RunTime:0.0008s ]
SQL: SELECT `cid` FROM `meitu_cart` WHERE ( ( SELECT `uid` FROM `meitu_user` WHERE `uname` = '15531006501'  ) ) LIMIT 1   [ RunTime:0.0007s ]
ERR: 1064:You have an error in your SQL syntax; check the manual that corresponds to your MySQL server version for the right syntax to use near 'and productId=pid )' at line 1
 [ SQL语句 ] : SELECT * FROM `meitu_cart_detail` INNER JOIN meitu_product  WHERE (  cartId= and productId=pid ) 
ERR: 1064:You have an error in your SQL syntax; check the manual that corresponds to your MySQL server version for the right syntax to use near 'and productId=pid )' at line 1
 [ SQL语句 ] : SELECT * FROM `meitu_cart_detail` INNER JOIN meitu_product  WHERE (  cartId= and productId=pid ) 

[ 2017-09-17T20:50:57+08:00 ] 124.236.142.198 /Angelababy/index.php/Home/index/index.html
INFO: [ app_init ] --START--
INFO: Run Behavior\BuildLiteBehavior [ RunTime:0.000017s ]
INFO: [ app_init ] --END-- [ RunTime:0.000453s ]
INFO: [ app_begin ] --START--
INFO: Run Behavior\ReadHtmlCacheBehavior [ RunTime:0.000733s ]
INFO: [ app_begin ] --END-- [ RunTime:0.000845s ]

[ 2017-09-17T20:51:02+08:00 ] 124.236.142.198 /Angelababy/index.php/Home/index/index.html
INFO: [ app_init ] --START--
INFO: Run Behavior\BuildLiteBehavior [ RunTime:0.000021s ]
INFO: [ app_init ] --END-- [ RunTime:0.000472s ]
INFO: [ app_begin ] --START--
INFO: Run Behavior\ReadHtmlCacheBehavior [ RunTime:0.000768s ]
INFO: [ app_begin ] --END-- [ RunTime:0.000825s ]
SQL: SHOW COLUMNS FROM `meitu_cart_detail` [ RunTime:0.0011s ]
SQL: SHOW COLUMNS FROM `meitu_cart` [ RunTime:0.0008s ]
SQL: SHOW COLUMNS FROM `meitu_user` [ RunTime:0.0008s ]
SQL: SELECT `cid` FROM `meitu_cart` WHERE ( ( SELECT `uid` FROM `meitu_user` WHERE `uname` = '15531006501'  ) ) LIMIT 1   [ RunTime:0.0005s ]
ERR: 1064:You have an error in your SQL syntax; check the manual that corresponds to your MySQL server version for the right syntax to use near 'and productId=pid )' at line 1
 [ SQL语句 ] : SELECT * FROM `meitu_cart_detail` INNER JOIN meitu_product  WHERE (  cartId= and productId=pid ) 
ERR: 1064:You have an error in your SQL syntax; check the manual that corresponds to your MySQL server version for the right syntax to use near 'and productId=pid )' at line 1
 [ SQL语句 ] : SELECT * FROM `meitu_cart_detail` INNER JOIN meitu_product  WHERE (  cartId= and productId=pid ) 
NOTIC: [2] Cannot modify header information - headers already sent by (output started at /data/home/qxu1590220014/htdocs/Angelababy/Application/Home/Controller/BaseController.class.php:8) /data/home/qxu1590220014/htdocs/Angelababy/ThinkPHP/Library/Think/Think.class.php 第 229 行.
NOTIC: [2] Cannot modify header information - headers already sent by (output started at /data/home/qxu1590220014/htdocs/Angelababy/Application/Home/Controller/BaseController.class.php:8) /data/home/qxu1590220014/htdocs/Angelababy/ThinkPHP/Library/Think/Think.class.php 第 230 行.

[ 2017-09-17T20:53:30+08:00 ] 124.236.142.198 /Angelababy/index.php/Home/index/index.html
INFO: [ app_init ] --START--
INFO: Run Behavior\BuildLiteBehavior [ RunTime:0.000055s ]
INFO: [ app_init ] --END-- [ RunTime:0.000463s ]
INFO: [ app_begin ] --START--
INFO: Run Behavior\ReadHtmlCacheBehavior [ RunTime:0.000971s ]
INFO: [ app_begin ] --END-- [ RunTime:0.001052s ]
SQL: SHOW COLUMNS FROM `meitu_cart_detail` [ RunTime:0.0011s ]
SQL: SHOW COLUMNS FROM `meitu_cart` [ RunTime:0.0007s ]
SQL: SHOW COLUMNS FROM `meitu_user` [ RunTime:0.0008s ]
SQL: SELECT `cid` FROM `meitu_cart` WHERE ( ( SELECT `uid` FROM `meitu_user` WHERE `uname` = '15531006501'  ) ) LIMIT 1   [ RunTime:0.0034s ]
SQL: SELECT * FROM `meitu_cart_detail` INNER JOIN meitu_product  WHERE (  cartId=1 and productId=pid )  [ RunTime:0.0006s ]
SQL: SELECT `cid` FROM `meitu_cart` WHERE ( ( SELECT `uid` FROM `meitu_user` WHERE `uname` = '15531006501'  ) ) LIMIT 1   [ RunTime:0.0005s ]
SQL: SELECT * FROM `meitu_cart_detail` INNER JOIN meitu_product  WHERE (  cartId=1 and productId=pid )  [ RunTime:0.0005s ]
INFO: [ view_parse ] --START--
INFO: [ template_filter ] --START--
INFO: Run Behavior\ContentReplaceBehavior [ RunTime:0.000337s ]
INFO: [ template_filter ] --END-- [ RunTime:0.000406s ]
INFO: Run Behavior\ParseTemplateBehavior [ RunTime:0.018445s ]
INFO: [ view_parse ] --END-- [ RunTime:0.018497s ]
INFO: [ view_filter ] --START--
INFO: Run Behavior\WriteHtmlCacheBehavior [ RunTime:0.000304s ]
INFO: [ view_filter ] --END-- [ RunTime:0.000345s ]
INFO: [ app_end ] --START--
INFO: Run Behavior\ShowPageTraceBehavior [ RunTime:0.000645s ]
INFO: [ app_end ] --END-- [ RunTime:0.000691s ]

[ 2017-09-17T20:53:31+08:00 ] 124.236.142.198 /Angelababy/index.php/Home/index/Public/images/banner_03.jpg
INFO: [ app_init ] --START--
INFO: Run Behavior\BuildLiteBehavior [ RunTime:0.000017s ]
INFO: [ app_init ] --END-- [ RunTime:0.000430s ]

[ 2017-09-17T20:53:31+08:00 ] 124.236.142.198 /Angelababy/index.php/Home/index/Public/images/banner_01.jpg
INFO: [ app_init ] --START--
INFO: Run Behavior\BuildLiteBehavior [ RunTime:0.000037s ]
INFO: [ app_init ] --END-- [ RunTime:0.000457s ]

[ 2017-09-17T20:53:31+08:00 ] 124.236.142.198 /Angelababy/index.php/Home/index/Public/images/banner_05.jpg
INFO: [ app_init ] --START--
INFO: Run Behavior\BuildLiteBehavior [ RunTime:0.000022s ]
INFO: [ app_init ] --END-- [ RunTime:0.000681s ]

[ 2017-09-17T20:53:31+08:00 ] 124.236.142.198 /Angelababy/index.php/Home/index/Public/images/banner_02.jpg
INFO: [ app_init ] --START--
INFO: Run Behavior\BuildLiteBehavior [ RunTime:0.000020s ]
INFO: [ app_init ] --END-- [ RunTime:0.000497s ]

[ 2017-09-17T20:53:31+08:00 ] 124.236.142.198 /Angelababy/index.php/Home/index/Public/images/banner_04.jpg
INFO: [ app_init ] --START--
INFO: Run Behavior\BuildLiteBehavior [ RunTime:0.000018s ]
INFO: [ app_init ] --END-- [ RunTime:0.000431s ]

[ 2017-09-17T20:53:34+08:00 ] 124.236.142.198 /Angelababy/index.php/Home/index/Public/images/banner_01.jpg
INFO: [ app_init ] --START--
INFO: Run Behavior\BuildLiteBehavior [ RunTime:0.000029s ]
INFO: [ app_init ] --END-- [ RunTime:0.000581s ]

[ 2017-09-17T20:53:34+08:00 ] 124.236.142.198 /Angelababy/index.php/Home/index/Public/images/banner_04.jpg
INFO: [ app_init ] --START--
INFO: Run Behavior\BuildLiteBehavior [ RunTime:0.000019s ]
INFO: [ app_init ] --END-- [ RunTime:0.000482s ]

[ 2017-09-17T20:53:34+08:00 ] 124.236.142.198 /Angelababy/index.php/Home/index/Public/images/banner_03.jpg
INFO: [ app_init ] --START--
INFO: Run Behavior\BuildLiteBehavior [ RunTime:0.000020s ]
INFO: [ app_init ] --END-- [ RunTime:0.000520s ]

[ 2017-09-17T20:53:34+08:00 ] 124.236.142.198 /Angelababy/index.php/Home/index/Public/images/banner_05.jpg
INFO: [ app_init ] --START--
INFO: Run Behavior\BuildLiteBehavior [ RunTime:0.000018s ]
INFO: [ app_init ] --END-- [ RunTime:0.000483s ]

[ 2017-09-17T20:53:34+08:00 ] 124.236.142.198 /Angelababy/index.php/Home/index/Public/images/banner_02.jpg
INFO: [ app_init ] --START--
INFO: Run Behavior\BuildLiteBehavior [ RunTime:0.000018s ]
INFO: [ app_init ] --END-- [ RunTime:0.000411s ]

[ 2017-09-17T20:53:38+08:00 ] 124.236.142.198 /Angelababy/index.php/Home/index/Public/images/banner_05.jpg
INFO: [ app_init ] --START--
INFO: Run Behavior\BuildLiteBehavior [ RunTime:0.000018s ]
INFO: [ app_init ] --END-- [ RunTime:0.000520s ]

[ 2017-09-17T20:53:38+08:00 ] 124.236.142.198 /Angelababy/index.php/Home/index/Public/images/banner_04.jpg
INFO: [ app_init ] --START--
INFO: Run Behavior\BuildLiteBehavior [ RunTime:0.000017s ]
INFO: [ app_init ] --END-- [ RunTime:0.000575s ]

[ 2017-09-17T20:53:38+08:00 ] 124.236.142.198 /Angelababy/index.php/Home/index/Public/images/banner_03.jpg
INFO: [ app_init ] --START--
INFO: Run Behavior\BuildLiteBehavior [ RunTime:0.000023s ]
INFO: [ app_init ] --END-- [ RunTime:0.000636s ]

[ 2017-09-17T20:53:38+08:00 ] 124.236.142.198 /Angelababy/index.php/Home/index/Public/images/banner_01.jpg
INFO: [ app_init ] --START--
INFO: Run Behavior\BuildLiteBehavior [ RunTime:0.000027s ]
INFO: [ app_init ] --END-- [ RunTime:0.000645s ]

[ 2017-09-17T20:53:38+08:00 ] 124.236.142.198 /Angelababy/index.php/Home/index/Public/images/banner_02.jpg
INFO: [ app_init ] --START--
INFO: Run Behavior\BuildLiteBehavior [ RunTime:0.000026s ]
INFO: [ app_init ] --END-- [ RunTime:0.000550s ]

[ 2017-09-17T20:53:45+08:00 ] 124.236.142.198 /Angelababy/index.php/Home/index/Public/images/banner_04.jpg
INFO: [ app_init ] --START--
INFO: Run Behavior\BuildLiteBehavior [ RunTime:0.000018s ]
INFO: [ app_init ] --END-- [ RunTime:0.000495s ]

[ 2017-09-17T20:53:45+08:00 ] 124.236.142.198 /Angelababy/index.php/Home/index/Public/images/banner_01.jpg
INFO: [ app_init ] --START--
INFO: Run Behavior\BuildLiteBehavior [ RunTime:0.000019s ]
INFO: [ app_init ] --END-- [ RunTime:0.000456s ]

[ 2017-09-17T20:53:45+08:00 ] 124.236.142.198 /Angelababy/index.php/Home/index/Public/images/banner_03.jpg
INFO: [ app_init ] --START--
INFO: Run Behavior\BuildLiteBehavior [ RunTime:0.000021s ]
INFO: [ app_init ] --END-- [ RunTime:0.000450s ]

[ 2017-09-17T20:53:45+08:00 ] 124.236.142.198 /Angelababy/index.php/Home/index/Public/images/banner_05.jpg
INFO: [ app_init ] --START--
INFO: Run Behavior\BuildLiteBehavior [ RunTime:0.000019s ]
INFO: [ app_init ] --END-- [ RunTime:0.000440s ]

[ 2017-09-17T20:53:45+08:00 ] 124.236.142.198 /Angelababy/index.php/Home/index/Public/images/banner_02.jpg
INFO: [ app_init ] --START--
INFO: Run Behavior\BuildLiteBehavior [ RunTime:0.000020s ]
INFO: [ app_init ] --END-- [ RunTime:0.000502s ]

[ 2017-09-17T20:53:49+08:00 ] 124.236.142.198 /Angelababy/index.php/Home/index/Public/images/banner_02.jpg
INFO: [ app_init ] --START--
INFO: Run Behavior\BuildLiteBehavior [ RunTime:0.000020s ]
INFO: [ app_init ] --END-- [ RunTime:0.000619s ]

[ 2017-09-17T20:53:49+08:00 ] 124.236.142.198 /Angelababy/index.php/Home/index/Public/images/banner_01.jpg
INFO: [ app_init ] --START--
INFO: Run Behavior\BuildLiteBehavior [ RunTime:0.000016s ]
INFO: [ app_init ] --END-- [ RunTime:0.000442s ]

[ 2017-09-17T20:53:49+08:00 ] 124.236.142.198 /Angelababy/index.php/Home/index/Public/images/banner_05.jpg
INFO: [ app_init ] --START--
INFO: Run Behavior\BuildLiteBehavior [ RunTime:0.000025s ]
INFO: [ app_init ] --END-- [ RunTime:0.000697s ]

[ 2017-09-17T20:53:49+08:00 ] 124.236.142.198 /Angelababy/index.php/Home/index/Public/images/banner_03.jpg
INFO: [ app_init ] --START--
INFO: Run Behavior\BuildLiteBehavior [ RunTime:0.000026s ]
INFO: [ app_init ] --END-- [ RunTime:0.000596s ]

[ 2017-09-17T20:53:49+08:00 ] 124.236.142.198 /Angelababy/index.php/Home/index/Public/images/banner_04.jpg
INFO: [ app_init ] --START--
INFO: Run Behavior\BuildLiteBehavior [ RunTime:0.000018s ]
INFO: [ app_init ] --END-- [ RunTime:0.000430s ]

[ 2017-09-17T20:53:53+08:00 ] 124.236.142.198 /Angelababy/index.php/Home/index/Public/images/banner_02.jpg
INFO: [ app_init ] --START--
INFO: Run Behavior\BuildLiteBehavior [ RunTime:0.000024s ]
INFO: [ app_init ] --END-- [ RunTime:0.000651s ]

[ 2017-09-17T20:53:53+08:00 ] 124.236.142.198 /Angelababy/index.php/Home/index/Public/images/banner_05.jpg
INFO: [ app_init ] --START--
INFO: Run Behavior\BuildLiteBehavior [ RunTime:0.000102s ]
INFO: [ app_init ] --END-- [ RunTime:0.000727s ]

[ 2017-09-17T20:53:53+08:00 ] 124.236.142.198 /Angelababy/index.php/Home/index/Public/images/banner_01.jpg
INFO: [ app_init ] --START--
INFO: Run Behavior\BuildLiteBehavior [ RunTime:0.000020s ]
INFO: [ app_init ] --END-- [ RunTime:0.000564s ]

[ 2017-09-17T20:53:53+08:00 ] 124.236.142.198 /Angelababy/index.php/Home/index/Public/images/banner_03.jpg
INFO: [ app_init ] --START--
INFO: Run Behavior\BuildLiteBehavior [ RunTime:0.000017s ]
INFO: [ app_init ] --END-- [ RunTime:0.000476s ]

[ 2017-09-17T20:53:53+08:00 ] 124.236.142.198 /Angelababy/index.php/Home/index/Public/images/banner_04.jpg
INFO: [ app_init ] --START--
INFO: Run Behavior\BuildLiteBehavior [ RunTime:0.000017s ]
INFO: [ app_init ] --END-- [ RunTime:0.000418s ]

[ 2017-09-17T20:53:57+08:00 ] 124.236.142.198 /Angelababy/index.php/Home/index/Public/images/banner_05.jpg
INFO: [ app_init ] --START--
INFO: Run Behavior\BuildLiteBehavior [ RunTime:0.000028s ]
INFO: [ app_init ] --END-- [ RunTime:0.000518s ]

[ 2017-09-17T20:53:57+08:00 ] 124.236.142.198 /Angelababy/index.php/Home/index/Public/images/banner_01.jpg
INFO: [ app_init ] --START--
INFO: Run Behavior\BuildLiteBehavior [ RunTime:0.000018s ]
INFO: [ app_init ] --END-- [ RunTime:0.000485s ]

[ 2017-09-17T20:53:57+08:00 ] 124.236.142.198 /Angelababy/index.php/Home/index/Public/images/banner_04.jpg
INFO: [ app_init ] --START--
INFO: Run Behavior\BuildLiteBehavior [ RunTime:0.000023s ]
INFO: [ app_init ] --END-- [ RunTime:0.003597s ]

[ 2017-09-17T20:53:57+08:00 ] 124.236.142.198 /Angelababy/index.php/Home/index/Public/images/banner_02.jpg
INFO: [ app_init ] --START--
INFO: Run Behavior\BuildLiteBehavior [ RunTime:0.000019s ]
INFO: [ app_init ] --END-- [ RunTime:0.000455s ]

[ 2017-09-17T20:53:57+08:00 ] 124.236.142.198 /Angelababy/index.php/Home/index/Public/images/banner_03.jpg
INFO: [ app_init ] --START--
INFO: Run Behavior\BuildLiteBehavior [ RunTime:0.000019s ]
INFO: [ app_init ] --END-- [ RunTime:0.000442s ]

[ 2017-09-17T20:54:01+08:00 ] 124.236.142.198 /Angelababy/index.php/Home/index/Public/images/banner_05.jpg
INFO: [ app_init ] --START--
INFO: Run Behavior\BuildLiteBehavior [ RunTime:0.000020s ]
INFO: [ app_init ] --END-- [ RunTime:0.000515s ]

[ 2017-09-17T20:54:01+08:00 ] 124.236.142.198 /Angelababy/index.php/Home/index/Public/images/banner_03.jpg
INFO: [ app_init ] --START--
INFO: Run Behavior\BuildLiteBehavior [ RunTime:0.000034s ]
INFO: [ app_init ] --END-- [ RunTime:0.000543s ]

[ 2017-09-17T20:54:02+08:00 ] 124.236.142.198 /Angelababy/index.php/Home/index/Public/images/banner_04.jpg
INFO: [ app_init ] --START--
INFO: Run Behavior\BuildLiteBehavior [ RunTime:0.000029s ]
INFO: [ app_init ] --END-- [ RunTime:0.000710s ]

[ 2017-09-17T20:54:02+08:00 ] 124.236.142.198 /Angelababy/index.php/Home/index/Public/images/banner_01.jpg
INFO: [ app_init ] --START--
INFO: Run Behavior\BuildLiteBehavior [ RunTime:0.000024s ]
INFO: [ app_init ] --END-- [ RunTime:0.000557s ]

[ 2017-09-17T20:54:02+08:00 ] 124.236.142.198 /Angelababy/index.php/Home/index/Public/images/banner_02.jpg
INFO: [ app_init ] --START--
INFO: Run Behavior\BuildLiteBehavior [ RunTime:0.000025s ]
INFO: [ app_init ] --END-- [ RunTime:0.000860s ]

[ 2017-09-17T20:54:05+08:00 ] 124.236.142.198 /Angelababy/index.php/Home/index/Public/images/banner_02.jpg
INFO: [ app_init ] --START--
INFO: Run Behavior\BuildLiteBehavior [ RunTime:0.000020s ]
INFO: [ app_init ] --END-- [ RunTime:0.000478s ]

[ 2017-09-17T20:54:05+08:00 ] 124.236.142.198 /Angelababy/index.php/Home/index/Public/images/banner_05.jpg
INFO: [ app_init ] --START--
INFO: Run Behavior\BuildLiteBehavior [ RunTime:0.000015s ]
INFO: [ app_init ] --END-- [ RunTime:0.000471s ]

[ 2017-09-17T20:54:05+08:00 ] 124.236.142.198 /Angelababy/index.php/Home/index/Public/images/banner_03.jpg
INFO: [ app_init ] --START--
INFO: Run Behavior\BuildLiteBehavior [ RunTime:0.000051s ]
INFO: [ app_init ] --END-- [ RunTime:0.000528s ]

[ 2017-09-17T20:54:05+08:00 ] 124.236.142.198 /Angelababy/index.php/Home/index/Public/images/banner_04.jpg
INFO: [ app_init ] --START--
INFO: Run Behavior\BuildLiteBehavior [ RunTime:0.000022s ]
INFO: [ app_init ] --END-- [ RunTime:0.000504s ]

[ 2017-09-17T20:54:06+08:00 ] 124.236.142.198 /Angelababy/index.php/Home/index/Public/images/banner_01.jpg
INFO: [ app_init ] --START--
INFO: Run Behavior\BuildLiteBehavior [ RunTime:0.000021s ]
INFO: [ app_init ] --END-- [ RunTime:0.000479s ]

[ 2017-09-17T20:54:09+08:00 ] 124.236.142.198 /Angelababy/index.php/Home/index/Public/images/banner_04.jpg
INFO: [ app_init ] --START--
INFO: Run Behavior\BuildLiteBehavior [ RunTime:0.000022s ]
INFO: [ app_init ] --END-- [ RunTime:0.000516s ]

[ 2017-09-17T20:54:09+08:00 ] 124.236.142.198 /Angelababy/index.php/Home/index/Public/images/banner_03.jpg
INFO: [ app_init ] --START--
INFO: Run Behavior\BuildLiteBehavior [ RunTime:0.000017s ]
INFO: [ app_init ] --END-- [ RunTime:0.000460s ]

[ 2017-09-17T20:54:09+08:00 ] 124.236.142.198 /Angelababy/index.php/Home/index/Public/images/banner_05.jpg
INFO: [ app_init ] --START--
INFO: Run Behavior\BuildLiteBehavior [ RunTime:0.000023s ]
INFO: [ app_init ] --END-- [ RunTime:0.000557s ]

[ 2017-09-17T20:54:10+08:00 ] 124.236.142.198 /Angelababy/index.php/Home/index/Public/images/banner_02.jpg
INFO: [ app_init ] --START--
INFO: Run Behavior\BuildLiteBehavior [ RunTime:0.000019s ]
INFO: [ app_init ] --END-- [ RunTime:0.000459s ]

[ 2017-09-17T20:54:10+08:00 ] 124.236.142.198 /Angelababy/index.php/Home/index/Public/images/banner_01.jpg
INFO: [ app_init ] --START--
INFO: Run Behavior\BuildLiteBehavior [ RunTime:0.000023s ]
INFO: [ app_init ] --END-- [ RunTime:0.000470s ]

[ 2017-09-17T20:54:13+08:00 ] 124.236.142.198 /Angelababy/index.php/Home/index/Public/images/banner_01.jpg
INFO: [ app_init ] --START--
INFO: Run Behavior\BuildLiteBehavior [ RunTime:0.000023s ]
INFO: [ app_init ] --END-- [ RunTime:0.000521s ]

[ 2017-09-17T20:54:13+08:00 ] 124.236.142.198 /Angelababy/index.php/Home/index/Public/images/banner_03.jpg
INFO: [ app_init ] --START--
INFO: Run Behavior\BuildLiteBehavior [ RunTime:0.000021s ]
INFO: [ app_init ] --END-- [ RunTime:0.000538s ]

[ 2017-09-17T20:54:13+08:00 ] 124.236.142.198 /Angelababy/index.php/Home/index/Public/images/banner_04.jpg
INFO: [ app_init ] --START--
INFO: Run Behavior\BuildLiteBehavior [ RunTime:0.000026s ]
INFO: [ app_init ] --END-- [ RunTime:0.000759s ]

[ 2017-09-17T20:54:14+08:00 ] 124.236.142.198 /Angelababy/index.php/Home/index/Public/images/banner_05.jpg
INFO: [ app_init ] --START--
INFO: Run Behavior\BuildLiteBehavior [ RunTime:0.000021s ]
INFO: [ app_init ] --END-- [ RunTime:0.000470s ]

[ 2017-09-17T20:54:14+08:00 ] 124.236.142.198 /Angelababy/index.php/Home/index/Public/images/banner_02.jpg
INFO: [ app_init ] --START--
INFO: Run Behavior\BuildLiteBehavior [ RunTime:0.000018s ]
INFO: [ app_init ] --END-- [ RunTime:0.000467s ]

[ 2017-09-17T20:54:18+08:00 ] 124.236.142.198 /Angelababy/index.php/Home/index/Public/images/banner_03.jpg
INFO: [ app_init ] --START--
INFO: Run Behavior\BuildLiteBehavior [ RunTime:0.000023s ]
INFO: [ app_init ] --END-- [ RunTime:0.000539s ]

[ 2017-09-17T20:54:18+08:00 ] 124.236.142.198 /Angelababy/index.php/Home/index/Public/images/banner_05.jpg
INFO: [ app_init ] --START--
INFO: Run Behavior\BuildLiteBehavior [ RunTime:0.000033s ]
INFO: [ app_init ] --END-- [ RunTime:0.000606s ]

[ 2017-09-17T20:54:18+08:00 ] 124.236.142.198 /Angelababy/index.php/Home/index/Public/images/banner_02.jpg
INFO: [ app_init ] --START--
INFO: Run Behavior\BuildLiteBehavior [ RunTime:0.000028s ]
INFO: [ app_init ] --END-- [ RunTime:0.000640s ]

[ 2017-09-17T20:54:18+08:00 ] 124.236.142.198 /Angelababy/index.php/Home/index/Public/images/banner_04.jpg
INFO: [ app_init ] --START--
INFO: Run Behavior\BuildLiteBehavior [ RunTime:0.000026s ]
INFO: [ app_init ] --END-- [ RunTime:0.000639s ]

[ 2017-09-17T20:54:18+08:00 ] 124.236.142.198 /Angelababy/index.php/Home/index/Public/images/banner_01.jpg
INFO: [ app_init ] --START--
INFO: Run Behavior\BuildLiteBehavior [ RunTime:0.000030s ]
INFO: [ app_init ] --END-- [ RunTime:0.000500s ]

[ 2017-09-17T20:54:22+08:00 ] 124.236.142.198 /Angelababy/index.php/Home/index/Public/images/banner_01.jpg
INFO: [ app_init ] --START--
INFO: Run Behavior\BuildLiteBehavior [ RunTime:0.000021s ]
INFO: [ app_init ] --END-- [ RunTime:0.000534s ]

[ 2017-09-17T20:54:22+08:00 ] 124.236.142.198 /Angelababy/index.php/Home/index/Public/images/banner_04.jpg
INFO: [ app_init ] --START--
INFO: Run Behavior\BuildLiteBehavior [ RunTime:0.000019s ]
INFO: [ app_init ] --END-- [ RunTime:0.000489s ]

[ 2017-09-17T20:54:22+08:00 ] 124.236.142.198 /Angelababy/index.php/Home/index/Public/images/banner_02.jpg
INFO: [ app_init ] --START--
INFO: Run Behavior\BuildLiteBehavior [ RunTime:0.000023s ]
INFO: [ app_init ] --END-- [ RunTime:0.000500s ]

[ 2017-09-17T20:54:22+08:00 ] 124.236.142.198 /Angelababy/index.php/Home/index/Public/images/banner_03.jpg
INFO: [ app_init ] --START--
INFO: Run Behavior\BuildLiteBehavior [ RunTime:0.000034s ]
INFO: [ app_init ] --END-- [ RunTime:0.000758s ]

[ 2017-09-17T20:54:22+08:00 ] 124.236.142.198 /Angelababy/index.php/Home/index/Public/images/banner_05.jpg
INFO: [ app_init ] --START--
INFO: Run Behavior\BuildLiteBehavior [ RunTime:0.000019s ]
INFO: [ app_init ] --END-- [ RunTime:0.000449s ]

[ 2017-09-17T20:54:26+08:00 ] 124.236.142.198 /Angelababy/index.php/Home/index/Public/images/banner_04.jpg
INFO: [ app_init ] --START--
INFO: Run Behavior\BuildLiteBehavior [ RunTime:0.000024s ]
INFO: [ app_init ] --END-- [ RunTime:0.000503s ]

[ 2017-09-17T20:54:26+08:00 ] 124.236.142.198 /Angelababy/index.php/Home/index/Public/images/banner_05.jpg
INFO: [ app_init ] --START--
INFO: Run Behavior\BuildLiteBehavior [ RunTime:0.000020s ]
INFO: [ app_init ] --END-- [ RunTime:0.000449s ]

[ 2017-09-17T20:54:26+08:00 ] 124.236.142.198 /Angelababy/index.php/Home/index/Public/images/banner_01.jpg
INFO: [ app_init ] --START--
INFO: Run Behavior\BuildLiteBehavior [ RunTime:0.000020s ]
INFO: [ app_init ] --END-- [ RunTime:0.000459s ]

[ 2017-09-17T20:54:26+08:00 ] 124.236.142.198 /Angelababy/index.php/Home/index/Public/images/banner_03.jpg
INFO: [ app_init ] --START--
INFO: Run Behavior\BuildLiteBehavior [ RunTime:0.000021s ]
INFO: [ app_init ] --END-- [ RunTime:0.000746s ]

[ 2017-09-17T20:54:26+08:00 ] 124.236.142.198 /Angelababy/index.php/Home/index/Public/images/banner_02.jpg
INFO: [ app_init ] --START--
INFO: Run Behavior\BuildLiteBehavior [ RunTime:0.000020s ]
INFO: [ app_init ] --END-- [ RunTime:0.000455s ]

[ 2017-09-17T20:54:31+08:00 ] 124.236.142.198 /Angelababy/index.php/Home/index/Public/images/banner_04.jpg
INFO: [ app_init ] --START--
INFO: Run Behavior\BuildLiteBehavior [ RunTime:0.000021s ]
INFO: [ app_init ] --END-- [ RunTime:0.000493s ]

[ 2017-09-17T20:54:31+08:00 ] 124.236.142.198 /Angelababy/index.php/Home/index/Public/images/banner_01.jpg
INFO: [ app_init ] --START--
INFO: Run Behavior\BuildLiteBehavior [ RunTime:0.000028s ]
INFO: [ app_init ] --END-- [ RunTime:0.000724s ]

[ 2017-09-17T20:54:31+08:00 ] 124.236.142.198 /Angelababy/index.php/Home/index/Public/images/banner_02.jpg
INFO: [ app_init ] --START--
INFO: Run Behavior\BuildLiteBehavior [ RunTime:0.000023s ]
INFO: [ app_init ] --END-- [ RunTime:0.000594s ]

[ 2017-09-17T20:54:31+08:00 ] 124.236.142.198 /Angelababy/index.php/Home/index/Public/images/banner_03.jpg
INFO: [ app_init ] --START--
INFO: Run Behavior\BuildLiteBehavior [ RunTime:0.000025s ]
INFO: [ app_init ] --END-- [ RunTime:0.000461s ]

[ 2017-09-17T20:54:31+08:00 ] 124.236.142.198 /Angelababy/index.php/Home/index/Public/images/banner_05.jpg
INFO: [ app_init ] --START--
INFO: Run Behavior\BuildLiteBehavior [ RunTime:0.000021s ]
INFO: [ app_init ] --END-- [ RunTime:0.000480s ]

[ 2017-09-17T20:54:32+08:00 ] 124.236.142.198 /Angelababy/index.php/Home/index/index.html
INFO: [ app_init ] --START--
INFO: Run Behavior\BuildLiteBehavior [ RunTime:0.000021s ]
INFO: [ app_init ] --END-- [ RunTime:0.000663s ]
INFO: [ app_begin ] --START--
INFO: Run Behavior\ReadHtmlCacheBehavior [ RunTime:0.000845s ]
INFO: [ app_begin ] --END-- [ RunTime:0.000901s ]
NOTIC: [8] Undefined index: uname /data/home/qxu1590220014/htdocs/Angelababy/Application/Home/Controller/BaseController.class.php 第 7 行.
NOTIC: [8] Undefined index: uname /data/home/qxu1590220014/htdocs/Angelababy/Application/Home/Controller/BaseController.class.php 第 7 行.
INFO: [ view_parse ] --START--
INFO: [ template_filter ] --START--
INFO: Run Behavior\ContentReplaceBehavior [ RunTime:0.000358s ]
INFO: [ template_filter ] --END-- [ RunTime:0.000431s ]
NOTIC: [8] Undefined variable: uname /data/home/qxu1590220014/htdocs/Angelababy/Application/Runtime/Cache/Home/2a94b8bda04ff446dcedd42276fc99ee.php 第 48 行.
NOTIC: [8] Undefined variable: arr /data/home/qxu1590220014/htdocs/Angelababy/Application/Runtime/Cache/Home/2a94b8bda04ff446dcedd42276fc99ee.php 第 67 行.
NOTIC: [8] Undefined variable: arr /data/home/qxu1590220014/htdocs/Angelababy/Application/Runtime/Cache/Home/2a94b8bda04ff446dcedd42276fc99ee.php 第 73 行.
INFO: Run Behavior\ParseTemplateBehavior [ RunTime:0.019010s ]
INFO: [ view_parse ] --END-- [ RunTime:0.019057s ]
INFO: [ view_filter ] --START--
INFO: Run Behavior\WriteHtmlCacheBehavior [ RunTime:0.000330s ]
INFO: [ view_filter ] --END-- [ RunTime:0.000373s ]
INFO: [ app_end ] --START--
INFO: Run Behavior\ShowPageTraceBehavior [ RunTime:0.000571s ]
INFO: [ app_end ] --END-- [ RunTime:0.000617s ]

[ 2017-09-17T20:54:33+08:00 ] 124.236.142.198 /Angelababy/index.php/Home/index/Public/images/banner_02.jpg
INFO: [ app_init ] --START--
INFO: Run Behavior\BuildLiteBehavior [ RunTime:0.000027s ]
INFO: [ app_init ] --END-- [ RunTime:0.000584s ]

[ 2017-09-17T20:54:33+08:00 ] 124.236.142.198 /Angelababy/index.php/Home/index/Public/images/banner_05.jpg
INFO: [ app_init ] --START--
INFO: Run Behavior\BuildLiteBehavior [ RunTime:0.000017s ]
INFO: [ app_init ] --END-- [ RunTime:0.000448s ]

[ 2017-09-17T20:54:33+08:00 ] 124.236.142.198 /Angelababy/index.php/Home/index/Public/images/banner_01.jpg
INFO: [ app_init ] --START--
INFO: Run Behavior\BuildLiteBehavior [ RunTime:0.000025s ]
INFO: [ app_init ] --END-- [ RunTime:0.000649s ]

[ 2017-09-17T20:54:33+08:00 ] 124.236.142.198 /Angelababy/index.php/Home/index/Public/images/banner_03.jpg
INFO: [ app_init ] --START--
INFO: Run Behavior\BuildLiteBehavior [ RunTime:0.000022s ]
INFO: [ app_init ] --END-- [ RunTime:0.000461s ]

[ 2017-09-17T20:54:34+08:00 ] 124.236.142.198 /Angelababy/index.php/Home/index/Public/images/banner_04.jpg
INFO: [ app_init ] --START--
INFO: Run Behavior\BuildLiteBehavior [ RunTime:0.000017s ]
INFO: [ app_init ] --END-- [ RunTime:0.000494s ]

[ 2017-09-17T20:54:36+08:00 ] 124.236.142.198 /Angelababy/index.php/Home/index/Public/images/banner_05.jpg
INFO: [ app_init ] --START--
INFO: Run Behavior\BuildLiteBehavior [ RunTime:0.000020s ]
INFO: [ app_init ] --END-- [ RunTime:0.000495s ]

[ 2017-09-17T20:54:36+08:00 ] 124.236.142.198 /Angelababy/index.php/Home/index/Public/images/banner_01.jpg
INFO: [ app_init ] --START--
INFO: Run Behavior\BuildLiteBehavior [ RunTime:0.000028s ]
INFO: [ app_init ] --END-- [ RunTime:0.000595s ]

[ 2017-09-17T20:54:36+08:00 ] 124.236.142.198 /Angelababy/index.php/Home/index/Public/images/banner_03.jpg
INFO: [ app_init ] --START--
INFO: Run Behavior\BuildLiteBehavior [ RunTime:0.000028s ]
INFO: [ app_init ] --END-- [ RunTime:0.000798s ]

[ 2017-09-17T20:54:36+08:00 ] 124.236.142.198 /Angelababy/index.php/Home/index/Public/images/banner_02.jpg
INFO: [ app_init ] --START--
INFO: Run Behavior\BuildLiteBehavior [ RunTime:0.000021s ]
INFO: [ app_init ] --END-- [ RunTime:0.000509s ]

[ 2017-09-17T20:54:36+08:00 ] 124.236.142.198 /Angelababy/index.php/Home/index/Public/images/banner_04.jpg
INFO: [ app_init ] --START--
INFO: Run Behavior\BuildLiteBehavior [ RunTime:0.000030s ]
INFO: [ app_init ] --END-- [ RunTime:0.000724s ]

[ 2017-09-17T20:54:38+08:00 ] 124.236.142.198 /Angelababy/index.php/Home/index/Public/images/banner_01.jpg
INFO: [ app_init ] --START--
INFO: Run Behavior\BuildLiteBehavior [ RunTime:0.000020s ]
INFO: [ app_init ] --END-- [ RunTime:0.000477s ]

[ 2017-09-17T20:54:38+08:00 ] 124.236.142.198 /Angelababy/index.php/Home/index/Public/images/banner_03.jpg
INFO: [ app_init ] --START--
INFO: Run Behavior\BuildLiteBehavior [ RunTime:0.000016s ]
INFO: [ app_init ] --END-- [ RunTime:0.000492s ]

[ 2017-09-17T20:54:38+08:00 ] 124.236.142.198 /Angelababy/index.php/Home/index/Public/images/banner_04.jpg
INFO: [ app_init ] --START--
INFO: Run Behavior\BuildLiteBehavior [ RunTime:0.000017s ]
INFO: [ app_init ] --END-- [ RunTime:0.000453s ]

[ 2017-09-17T20:54:38+08:00 ] 124.236.142.198 /Angelababy/index.php/Home/index/Public/images/banner_05.jpg
INFO: [ app_init ] --START--
INFO: Run Behavior\BuildLiteBehavior [ RunTime:0.000038s ]
INFO: [ app_init ] --END-- [ RunTime:0.000735s ]

[ 2017-09-17T20:54:38+08:00 ] 124.236.142.198 /Angelababy/index.php/Home/index/Public/images/banner_02.jpg
INFO: [ app_init ] --START--
INFO: Run Behavior\BuildLiteBehavior [ RunTime:0.000020s ]
INFO: [ app_init ] --END-- [ RunTime:0.000449s ]

[ 2017-09-17T20:54:42+08:00 ] 124.236.142.198 /Angelababy/index.php/Home/index/Public/images/banner_03.jpg
INFO: [ app_init ] --START--
INFO: Run Behavior\BuildLiteBehavior [ RunTime:0.000120s ]
INFO: [ app_init ] --END-- [ RunTime:0.000911s ]

[ 2017-09-17T20:54:42+08:00 ] 124.236.142.198 /Angelababy/index.php/Home/index/Public/images/banner_02.jpg
INFO: [ app_init ] --START--
INFO: Run Behavior\BuildLiteBehavior [ RunTime:0.000018s ]
INFO: [ app_init ] --END-- [ RunTime:0.000463s ]

[ 2017-09-17T20:54:42+08:00 ] 124.236.142.198 /Angelababy/index.php/Home/index/Public/images/banner_04.jpg
INFO: [ app_init ] --START--
INFO: Run Behavior\BuildLiteBehavior [ RunTime:0.000021s ]
INFO: [ app_init ] --END-- [ RunTime:0.000481s ]

[ 2017-09-17T20:54:42+08:00 ] 124.236.142.198 /Angelababy/index.php/Home/index/Public/images/banner_05.jpg
INFO: [ app_init ] --START--
INFO: Run Behavior\BuildLiteBehavior [ RunTime:0.000019s ]
INFO: [ app_init ] --END-- [ RunTime:0.000484s ]

[ 2017-09-17T20:54:42+08:00 ] 124.236.142.198 /Angelababy/index.php/Home/index/Public/images/banner_01.jpg
INFO: [ app_init ] --START--
INFO: Run Behavior\BuildLiteBehavior [ RunTime:0.000024s ]
INFO: [ app_init ] --END-- [ RunTime:0.000530s ]

[ 2017-09-17T20:54:42+08:00 ] 124.236.142.198 /Angelababy/index.php/Home/index/Public/images/banner_02.jpg
INFO: [ app_init ] --START--
INFO: Run Behavior\BuildLiteBehavior [ RunTime:0.000022s ]
INFO: [ app_init ] --END-- [ RunTime:0.000502s ]

[ 2017-09-17T20:54:42+08:00 ] 124.236.142.198 /Angelababy/index.php/Home/index/Public/images/banner_05.jpg
INFO: [ app_init ] --START--
INFO: Run Behavior\BuildLiteBehavior [ RunTime:0.000016s ]
INFO: [ app_init ] --END-- [ RunTime:0.000485s ]

[ 2017-09-17T20:54:42+08:00 ] 124.236.142.198 /Angelababy/index.php/Home/index/Public/images/banner_01.jpg
INFO: [ app_init ] --START--
INFO: Run Behavior\BuildLiteBehavior [ RunTime:0.000016s ]
INFO: [ app_init ] --END-- [ RunTime:0.000452s ]

[ 2017-09-17T20:54:42+08:00 ] 124.236.142.198 /Angelababy/index.php/Home/index/Public/images/banner_04.jpg
INFO: [ app_init ] --START--
INFO: Run Behavior\BuildLiteBehavior [ RunTime:0.000020s ]
INFO: [ app_init ] --END-- [ RunTime:0.000451s ]

[ 2017-09-17T20:54:42+08:00 ] 124.236.142.198 /Angelababy/index.php/Home/index/Public/images/banner_03.jpg
INFO: [ app_init ] --START--
INFO: Run Behavior\BuildLiteBehavior [ RunTime:0.000019s ]
INFO: [ app_init ] --END-- [ RunTime:0.000465s ]

[ 2017-09-17T20:54:46+08:00 ] 124.236.142.198 /Angelababy/index.php/Home/index/Public/images/banner_05.jpg
INFO: [ app_init ] --START--
INFO: Run Behavior\BuildLiteBehavior [ RunTime:0.000021s ]
INFO: [ app_init ] --END-- [ RunTime:0.000521s ]

[ 2017-09-17T20:54:46+08:00 ] 124.236.142.198 /Angelababy/index.php/Home/index/Public/images/banner_04.jpg
INFO: [ app_init ] --START--
INFO: Run Behavior\BuildLiteBehavior [ RunTime:0.000023s ]
INFO: [ app_init ] --END-- [ RunTime:0.000506s ]

[ 2017-09-17T20:54:46+08:00 ] 124.236.142.198 /Angelababy/index.php/Home/index/Public/images/banner_01.jpg
INFO: [ app_init ] --START--
INFO: Run Behavior\BuildLiteBehavior [ RunTime:0.000021s ]
INFO: [ app_init ] --END-- [ RunTime:0.000530s ]

[ 2017-09-17T20:54:46+08:00 ] 124.236.142.198 /Angelababy/index.php/Home/index/Public/images/banner_03.jpg
INFO: [ app_init ] --START--
INFO: Run Behavior\BuildLiteBehavior [ RunTime:0.000017s ]
INFO: [ app_init ] --END-- [ RunTime:0.000443s ]

[ 2017-09-17T20:54:46+08:00 ] 124.236.142.198 /Angelababy/index.php/Home/index/Public/images/banner_02.jpg
INFO: [ app_init ] --START--
INFO: Run Behavior\BuildLiteBehavior [ RunTime:0.000032s ]
INFO: [ app_init ] --END-- [ RunTime:0.000546s ]

[ 2017-09-17T20:54:48+08:00 ] 124.236.142.198 /Angelababy/index.php/Home/index/Public/images/banner_03.jpg
INFO: [ app_init ] --START--
INFO: Run Behavior\BuildLiteBehavior [ RunTime:0.000020s ]
INFO: [ app_init ] --END-- [ RunTime:0.000503s ]

[ 2017-09-17T20:54:48+08:00 ] 124.236.142.198 /Angelababy/index.php/Home/index/Public/images/banner_05.jpg
INFO: [ app_init ] --START--
INFO: Run Behavior\BuildLiteBehavior [ RunTime:0.000026s ]
INFO: [ app_init ] --END-- [ RunTime:0.000597s ]

[ 2017-09-17T20:54:48+08:00 ] 124.236.142.198 /Angelababy/index.php/Home/index/Public/images/banner_02.jpg
INFO: [ app_init ] --START--
INFO: Run Behavior\BuildLiteBehavior [ RunTime:0.000026s ]
INFO: [ app_init ] --END-- [ RunTime:0.000709s ]

[ 2017-09-17T20:54:48+08:00 ] 124.236.142.198 /Angelababy/index.php/Home/index/Public/images/banner_04.jpg
INFO: [ app_init ] --START--
INFO: Run Behavior\BuildLiteBehavior [ RunTime:0.000017s ]
INFO: [ app_init ] --END-- [ RunTime:0.000459s ]

[ 2017-09-17T20:54:48+08:00 ] 124.236.142.198 /Angelababy/index.php/Home/index/Public/images/banner_01.jpg
INFO: [ app_init ] --START--
INFO: Run Behavior\BuildLiteBehavior [ RunTime:0.000017s ]
INFO: [ app_init ] --END-- [ RunTime:0.000568s ]

[ 2017-09-17T20:54:50+08:00 ] 124.236.142.198 /Angelababy/index.php/Home/index/index.html
INFO: [ app_init ] --START--
INFO: Run Behavior\BuildLiteBehavior [ RunTime:0.000017s ]
INFO: [ app_init ] --END-- [ RunTime:0.000424s ]
INFO: [ app_begin ] --START--
INFO: Run Behavior\ReadHtmlCacheBehavior [ RunTime:0.000662s ]
INFO: [ app_begin ] --END-- [ RunTime:0.000736s ]
NOTIC: [8] Undefined index: uname /data/home/qxu1590220014/htdocs/Angelababy/Application/Home/Controller/BaseController.class.php 第 7 行.
NOTIC: [8] Undefined index: uname /data/home/qxu1590220014/htdocs/Angelababy/Application/Home/Controller/BaseController.class.php 第 7 行.
INFO: [ view_parse ] --START--
INFO: [ template_filter ] --START--
INFO: Run Behavior\ContentReplaceBehavior [ RunTime:0.000309s ]
INFO: [ template_filter ] --END-- [ RunTime:0.000368s ]
NOTIC: [8] Undefined variable: uname /data/home/qxu1590220014/htdocs/Angelababy/Application/Runtime/Cache/Home/2a94b8bda04ff446dcedd42276fc99ee.php 第 48 行.
NOTIC: [8] Undefined variable: arr /data/home/qxu1590220014/htdocs/Angelababy/Application/Runtime/Cache/Home/2a94b8bda04ff446dcedd42276fc99ee.php 第 67 行.
NOTIC: [8] Undefined variable: arr /data/home/qxu1590220014/htdocs/Angelababy/Application/Runtime/Cache/Home/2a94b8bda04ff446dcedd42276fc99ee.php 第 73 行.
INFO: Run Behavior\ParseTemplateBehavior [ RunTime:0.018807s ]
INFO: [ view_parse ] --END-- [ RunTime:0.018864s ]
INFO: [ view_filter ] --START--
INFO: Run Behavior\WriteHtmlCacheBehavior [ RunTime:0.000283s ]
INFO: [ view_filter ] --END-- [ RunTime:0.000324s ]
INFO: [ app_end ] --START--
INFO: Run Behavior\ShowPageTraceBehavior [ RunTime:0.000581s ]
INFO: [ app_end ] --END-- [ RunTime:0.000627s ]

[ 2017-09-17T20:54:53+08:00 ] 124.236.142.198 /Angelababy/index.php/Home/index/Public/images/banner_01.jpg
INFO: [ app_init ] --START--
INFO: Run Behavior\BuildLiteBehavior [ RunTime:0.000030s ]
INFO: [ app_init ] --END-- [ RunTime:0.000717s ]

[ 2017-09-17T20:54:53+08:00 ] 124.236.142.198 /Angelababy/index.php/Home/index/Public/images/banner_02.jpg
INFO: [ app_init ] --START--
INFO: Run Behavior\BuildLiteBehavior [ RunTime:0.000093s ]
INFO: [ app_init ] --END-- [ RunTime:0.000633s ]

[ 2017-09-17T20:54:53+08:00 ] 124.236.142.198 /Angelababy/index.php/Home/index/Public/images/banner_03.jpg
INFO: [ app_init ] --START--
INFO: Run Behavior\BuildLiteBehavior [ RunTime:0.000025s ]
INFO: [ app_init ] --END-- [ RunTime:0.000454s ]

[ 2017-09-17T20:54:53+08:00 ] 124.236.142.198 /Angelababy/index.php/Home/index/Public/images/banner_04.jpg
INFO: [ app_init ] --START--
INFO: Run Behavior\BuildLiteBehavior [ RunTime:0.000018s ]
INFO: [ app_init ] --END-- [ RunTime:0.000461s ]

[ 2017-09-17T20:54:53+08:00 ] 124.236.142.198 /Angelababy/index.php/Home/index/Public/images/banner_05.jpg
INFO: [ app_init ] --START--
INFO: Run Behavior\BuildLiteBehavior [ RunTime:0.000032s ]
INFO: [ app_init ] --END-- [ RunTime:0.000642s ]

[ 2017-09-17T20:54:54+08:00 ] 124.236.142.198 /Angelababy/index.php/Home/index/Public/images/banner_04.jpg
INFO: [ app_init ] --START--
INFO: Run Behavior\BuildLiteBehavior [ RunTime:0.000062s ]
INFO: [ app_init ] --END-- [ RunTime:0.000606s ]

[ 2017-09-17T20:54:54+08:00 ] 124.236.142.198 /Angelababy/index.php/Home/index/Public/images/banner_05.jpg
INFO: [ app_init ] --START--
INFO: Run Behavior\BuildLiteBehavior [ RunTime:0.000019s ]
INFO: [ app_init ] --END-- [ RunTime:0.000484s ]

[ 2017-09-17T20:54:54+08:00 ] 124.236.142.198 /Angelababy/index.php/Home/index/Public/images/banner_01.jpg
INFO: [ app_init ] --START--
INFO: Run Behavior\BuildLiteBehavior [ RunTime:0.000026s ]
INFO: [ app_init ] --END-- [ RunTime:0.000665s ]

[ 2017-09-17T20:54:55+08:00 ] 124.236.142.198 /Angelababy/index.php/Home/index/Public/images/banner_03.jpg
INFO: [ app_init ] --START--
INFO: Run Behavior\BuildLiteBehavior [ RunTime:0.000021s ]
INFO: [ app_init ] --END-- [ RunTime:0.000521s ]

[ 2017-09-17T20:54:55+08:00 ] 124.236.142.198 /Angelababy/index.php/Home/index/Public/images/banner_02.jpg
INFO: [ app_init ] --START--
INFO: Run Behavior\BuildLiteBehavior [ RunTime:0.000021s ]
INFO: [ app_init ] --END-- [ RunTime:0.000478s ]

[ 2017-09-17T20:54:58+08:00 ] 124.236.142.198 /Angelababy/index.php/Home/index/Public/images/banner_03.jpg
INFO: [ app_init ] --START--
INFO: Run Behavior\BuildLiteBehavior [ RunTime:0.000021s ]
INFO: [ app_init ] --END-- [ RunTime:0.000496s ]

[ 2017-09-17T20:54:58+08:00 ] 124.236.142.198 /Angelababy/index.php/Home/index/Public/images/banner_05.jpg
INFO: [ app_init ] --START--
INFO: Run Behavior\BuildLiteBehavior [ RunTime:0.000028s ]
INFO: [ app_init ] --END-- [ RunTime:0.000527s ]

[ 2017-09-17T20:54:58+08:00 ] 124.236.142.198 /Angelababy/index.php/Home/index/Public/images/banner_02.jpg
INFO: [ app_init ] --START--
INFO: Run Behavior\BuildLiteBehavior [ RunTime:0.000018s ]
INFO: [ app_init ] --END-- [ RunTime:0.000508s ]

[ 2017-09-17T20:54:58+08:00 ] 124.236.142.198 /Angelababy/index.php/Home/index/Public/images/banner_01.jpg
INFO: [ app_init ] --START--
INFO: Run Behavior\BuildLiteBehavior [ RunTime:0.000027s ]
INFO: [ app_init ] --END-- [ RunTime:0.000518s ]

[ 2017-09-17T20:54:58+08:00 ] 124.236.142.198 /Angelababy/index.php/Home/index/Public/images/banner_04.jpg
INFO: [ app_init ] --START--
INFO: Run Behavior\BuildLiteBehavior [ RunTime:0.000021s ]
INFO: [ app_init ] --END-- [ RunTime:0.000493s ]

[ 2017-09-17T20:55:00+08:00 ] 124.236.142.198 /Angelababy/index.php/Home/index/Public/images/banner_03.jpg
INFO: [ app_init ] --START--
INFO: Run Behavior\BuildLiteBehavior [ RunTime:0.000018s ]
INFO: [ app_init ] --END-- [ RunTime:0.000464s ]

[ 2017-09-17T20:55:00+08:00 ] 124.236.142.198 /Angelababy/index.php/Home/index/Public/images/banner_02.jpg
INFO: [ app_init ] --START--
INFO: Run Behavior\BuildLiteBehavior [ RunTime:0.000018s ]
INFO: [ app_init ] --END-- [ RunTime:0.000466s ]

[ 2017-09-17T20:55:00+08:00 ] 124.236.142.198 /Angelababy/index.php/Home/index/Public/images/banner_05.jpg
INFO: [ app_init ] --START--
INFO: Run Behavior\BuildLiteBehavior [ RunTime:0.000018s ]
INFO: [ app_init ] --END-- [ RunTime:0.000479s ]

[ 2017-09-17T20:55:00+08:00 ] 124.236.142.198 /Angelababy/index.php/Home/index/Public/images/banner_01.jpg
INFO: [ app_init ] --START--
INFO: Run Behavior\BuildLiteBehavior [ RunTime:0.000020s ]
INFO: [ app_init ] --END-- [ RunTime:0.000491s ]

[ 2017-09-17T20:55:00+08:00 ] 124.236.142.198 /Angelababy/index.php/Home/index/Public/images/banner_04.jpg
INFO: [ app_init ] --START--
INFO: Run Behavior\BuildLiteBehavior [ RunTime:0.000026s ]
INFO: [ app_init ] --END-- [ RunTime:0.000467s ]

[ 2017-09-17T20:55:02+08:00 ] 124.236.142.198 /Angelababy/index.php/Home/index/Public/images/banner_01.jpg
INFO: [ app_init ] --START--
INFO: Run Behavior\BuildLiteBehavior [ RunTime:0.000021s ]
INFO: [ app_init ] --END-- [ RunTime:0.000456s ]

[ 2017-09-17T20:55:02+08:00 ] 124.236.142.198 /Angelababy/index.php/Home/index/Public/images/banner_03.jpg
INFO: [ app_init ] --START--
INFO: Run Behavior\BuildLiteBehavior [ RunTime:0.000024s ]
INFO: [ app_init ] --END-- [ RunTime:0.000660s ]

[ 2017-09-17T20:55:02+08:00 ] 124.236.142.198 /Angelababy/index.php/Home/index/Public/images/banner_04.jpg
INFO: [ app_init ] --START--
INFO: Run Behavior\BuildLiteBehavior [ RunTime:0.000021s ]
INFO: [ app_init ] --END-- [ RunTime:0.000478s ]

[ 2017-09-17T20:55:02+08:00 ] 124.236.142.198 /Angelababy/index.php/Home/index/Public/images/banner_02.jpg
INFO: [ app_init ] --START--
INFO: Run Behavior\BuildLiteBehavior [ RunTime:0.000022s ]
INFO: [ app_init ] --END-- [ RunTime:0.000483s ]

[ 2017-09-17T20:55:02+08:00 ] 124.236.142.198 /Angelababy/index.php/Home/index/Public/images/banner_05.jpg
INFO: [ app_init ] --START--
INFO: Run Behavior\BuildLiteBehavior [ RunTime:0.000029s ]
INFO: [ app_init ] --END-- [ RunTime:0.000669s ]

[ 2017-09-17T20:55:06+08:00 ] 124.236.142.198 /Angelababy/index.php/Home/index/Public/images/banner_02.jpg
INFO: [ app_init ] --START--
INFO: Run Behavior\BuildLiteBehavior [ RunTime:0.000019s ]
INFO: [ app_init ] --END-- [ RunTime:0.000506s ]

[ 2017-09-17T20:55:06+08:00 ] 124.236.142.198 /Angelababy/index.php/Home/index/Public/images/banner_01.jpg
INFO: [ app_init ] --START--
INFO: Run Behavior\BuildLiteBehavior [ RunTime:0.000031s ]
INFO: [ app_init ] --END-- [ RunTime:0.000838s ]

[ 2017-09-17T20:55:06+08:00 ] 124.236.142.198 /Angelababy/index.php/Home/index/Public/images/banner_03.jpg
INFO: [ app_init ] --START--
INFO: Run Behavior\BuildLiteBehavior [ RunTime:0.000018s ]
INFO: [ app_init ] --END-- [ RunTime:0.000517s ]

[ 2017-09-17T20:55:06+08:00 ] 124.236.142.198 /Angelababy/index.php/Home/index/Public/images/banner_04.jpg
INFO: [ app_init ] --START--
INFO: Run Behavior\BuildLiteBehavior [ RunTime:0.000020s ]
INFO: [ app_init ] --END-- [ RunTime:0.000553s ]

[ 2017-09-17T20:55:06+08:00 ] 124.236.142.198 /Angelababy/index.php/Home/index/Public/images/banner_05.jpg
INFO: [ app_init ] --START--
INFO: Run Behavior\BuildLiteBehavior [ RunTime:0.000018s ]
INFO: [ app_init ] --END-- [ RunTime:0.000435s ]

[ 2017-09-17T20:55:06+08:00 ] 124.236.142.198 /Angelababy/index.php/Home/index/Public/images/banner_05.jpg
INFO: [ app_init ] --START--
INFO: Run Behavior\BuildLiteBehavior [ RunTime:0.000019s ]
INFO: [ app_init ] --END-- [ RunTime:0.000548s ]

[ 2017-09-17T20:55:06+08:00 ] 124.236.142.198 /Angelababy/index.php/Home/index/Public/images/banner_03.jpg
INFO: [ app_init ] --START--
INFO: Run Behavior\BuildLiteBehavior [ RunTime:0.000016s ]
INFO: [ app_init ] --END-- [ RunTime:0.000525s ]

[ 2017-09-17T20:55:06+08:00 ] 124.236.142.198 /Angelababy/index.php/Home/index/Public/images/banner_04.jpg
INFO: [ app_init ] --START--
INFO: Run Behavior\BuildLiteBehavior [ RunTime:0.000021s ]
INFO: [ app_init ] --END-- [ RunTime:0.000524s ]

[ 2017-09-17T20:55:06+08:00 ] 124.236.142.198 /Angelababy/index.php/Home/index/Public/images/banner_01.jpg
INFO: [ app_init ] --START--
INFO: Run Behavior\BuildLiteBehavior [ RunTime:0.000018s ]
INFO: [ app_init ] --END-- [ RunTime:0.000576s ]

[ 2017-09-17T20:55:07+08:00 ] 124.236.142.198 /Angelababy/index.php/Home/index/Public/images/banner_02.jpg
INFO: [ app_init ] --START--
INFO: Run Behavior\BuildLiteBehavior [ RunTime:0.000019s ]
INFO: [ app_init ] --END-- [ RunTime:0.000439s ]

[ 2017-09-17T20:55:10+08:00 ] 124.236.142.198 /Angelababy/index.php/Home/index/Public/images/banner_03.jpg
INFO: [ app_init ] --START--
INFO: Run Behavior\BuildLiteBehavior [ RunTime:0.000018s ]
INFO: [ app_init ] --END-- [ RunTime:0.000502s ]

[ 2017-09-17T20:55:10+08:00 ] 124.236.142.198 /Angelababy/index.php/Home/index/Public/images/banner_04.jpg
INFO: [ app_init ] --START--
INFO: Run Behavior\BuildLiteBehavior [ RunTime:0.000016s ]
INFO: [ app_init ] --END-- [ RunTime:0.000501s ]

[ 2017-09-17T20:55:10+08:00 ] 124.236.142.198 /Angelababy/index.php/Home/index/Public/images/banner_05.jpg
INFO: [ app_init ] --START--
INFO: Run Behavior\BuildLiteBehavior [ RunTime:0.000016s ]
INFO: [ app_init ] --END-- [ RunTime:0.000459s ]

[ 2017-09-17T20:55:10+08:00 ] 124.236.142.198 /Angelababy/index.php/Home/index/Public/images/banner_02.jpg
INFO: [ app_init ] --START--
INFO: Run Behavior\BuildLiteBehavior [ RunTime:0.000017s ]
INFO: [ app_init ] --END-- [ RunTime:0.000490s ]

[ 2017-09-17T20:55:10+08:00 ] 124.236.142.198 /Angelababy/index.php/Home/index/Public/images/banner_01.jpg
INFO: [ app_init ] --START--
INFO: Run Behavior\BuildLiteBehavior [ RunTime:0.000018s ]
INFO: [ app_init ] --END-- [ RunTime:0.000420s ]

[ 2017-09-17T20:55:11+08:00 ] 124.236.142.198 /Angelababy/index.php/Home/index/Public/images/banner_05.jpg
INFO: [ app_init ] --START--
INFO: Run Behavior\BuildLiteBehavior [ RunTime:0.000023s ]
INFO: [ app_init ] --END-- [ RunTime:0.000556s ]

[ 2017-09-17T20:55:11+08:00 ] 124.236.142.198 /Angelababy/index.php/Home/index/Public/images/banner_01.jpg
INFO: [ app_init ] --START--
INFO: Run Behavior\BuildLiteBehavior [ RunTime:0.000020s ]
INFO: [ app_init ] --END-- [ RunTime:0.000556s ]

[ 2017-09-17T20:55:11+08:00 ] 124.236.142.198 /Angelababy/index.php/Home/index/Public/images/banner_02.jpg
INFO: [ app_init ] --START--
INFO: Run Behavior\BuildLiteBehavior [ RunTime:0.000023s ]
INFO: [ app_init ] --END-- [ RunTime:0.000689s ]

[ 2017-09-17T20:55:11+08:00 ] 124.236.142.198 /Angelababy/index.php/Home/index/Public/images/banner_03.jpg
INFO: [ app_init ] --START--
INFO: Run Behavior\BuildLiteBehavior [ RunTime:0.000023s ]
INFO: [ app_init ] --END-- [ RunTime:0.000581s ]

[ 2017-09-17T20:55:11+08:00 ] 124.236.142.198 /Angelababy/index.php/Home/index/Public/images/banner_04.jpg
INFO: [ app_init ] --START--
INFO: Run Behavior\BuildLiteBehavior [ RunTime:0.000026s ]
INFO: [ app_init ] --END-- [ RunTime:0.000475s ]

[ 2017-09-17T20:55:14+08:00 ] 124.236.142.198 /Angelababy/index.php/Home/index/Public/images/banner_02.jpg
INFO: [ app_init ] --START--
INFO: Run Behavior\BuildLiteBehavior [ RunTime:0.000018s ]
INFO: [ app_init ] --END-- [ RunTime:0.000472s ]

[ 2017-09-17T20:55:14+08:00 ] 124.236.142.198 /Angelababy/index.php/Home/index/Public/images/banner_05.jpg
INFO: [ app_init ] --START--
INFO: Run Behavior\BuildLiteBehavior [ RunTime:0.000018s ]
INFO: [ app_init ] --END-- [ RunTime:0.000470s ]

[ 2017-09-17T20:55:14+08:00 ] 124.236.142.198 /Angelababy/index.php/Home/index/Public/images/banner_04.jpg
INFO: [ app_init ] --START--
INFO: Run Behavior\BuildLiteBehavior [ RunTime:0.000019s ]
INFO: [ app_init ] --END-- [ RunTime:0.000642s ]

[ 2017-09-17T20:55:14+08:00 ] 124.236.142.198 /Angelababy/index.php/Home/index/Public/images/banner_03.jpg
INFO: [ app_init ] --START--
INFO: Run Behavior\BuildLiteBehavior [ RunTime:0.000019s ]
INFO: [ app_init ] --END-- [ RunTime:0.000482s ]

[ 2017-09-17T20:55:14+08:00 ] 124.236.142.198 /Angelababy/index.php/Home/index/Public/images/banner_01.jpg
INFO: [ app_init ] --START--
INFO: Run Behavior\BuildLiteBehavior [ RunTime:0.000017s ]
INFO: [ app_init ] --END-- [ RunTime:0.000437s ]

[ 2017-09-17T20:55:17+08:00 ] 124.236.142.198 /Angelababy/index.php/Home/index/Public/images/banner_04.jpg
INFO: [ app_init ] --START--
INFO: Run Behavior\BuildLiteBehavior [ RunTime:0.000030s ]
INFO: [ app_init ] --END-- [ RunTime:0.000718s ]

[ 2017-09-17T20:55:17+08:00 ] 124.236.142.198 /Angelababy/index.php/Home/index/Public/images/banner_02.jpg
INFO: [ app_init ] --START--
INFO: Run Behavior\BuildLiteBehavior [ RunTime:0.000024s ]
INFO: [ app_init ] --END-- [ RunTime:0.000469s ]

[ 2017-09-17T20:55:17+08:00 ] 124.236.142.198 /Angelababy/index.php/Home/index/Public/images/banner_05.jpg
INFO: [ app_init ] --START--
INFO: Run Behavior\BuildLiteBehavior [ RunTime:0.000031s ]
INFO: [ app_init ] --END-- [ RunTime:0.000702s ]

[ 2017-09-17T20:55:17+08:00 ] 124.236.142.198 /Angelababy/index.php/Home/index/Public/images/banner_01.jpg
INFO: [ app_init ] --START--
INFO: Run Behavior\BuildLiteBehavior [ RunTime:0.000029s ]
INFO: [ app_init ] --END-- [ RunTime:0.000708s ]

[ 2017-09-17T20:55:17+08:00 ] 124.236.142.198 /Angelababy/index.php/Home/index/Public/images/banner_03.jpg
INFO: [ app_init ] --START--
INFO: Run Behavior\BuildLiteBehavior [ RunTime:0.000021s ]
INFO: [ app_init ] --END-- [ RunTime:0.000464s ]

[ 2017-09-17T20:55:18+08:00 ] 124.236.142.198 /Angelababy/index.php/Home/index/Public/images/banner_03.jpg
INFO: [ app_init ] --START--
INFO: Run Behavior\BuildLiteBehavior [ RunTime:0.000022s ]
INFO: [ app_init ] --END-- [ RunTime:0.000556s ]

[ 2017-09-17T20:55:18+08:00 ] 124.236.142.198 /Angelababy/index.php/Home/index/Public/images/banner_02.jpg
INFO: [ app_init ] --START--
INFO: Run Behavior\BuildLiteBehavior [ RunTime:0.000028s ]
INFO: [ app_init ] --END-- [ RunTime:0.000629s ]

[ 2017-09-17T20:55:18+08:00 ] 124.236.142.198 /Angelababy/index.php/Home/index/Public/images/banner_05.jpg
INFO: [ app_init ] --START--
INFO: Run Behavior\BuildLiteBehavior [ RunTime:0.000024s ]
INFO: [ app_init ] --END-- [ RunTime:0.000573s ]

[ 2017-09-17T20:55:18+08:00 ] 124.236.142.198 /Angelababy/index.php/Home/index/Public/images/banner_04.jpg
INFO: [ app_init ] --START--
INFO: Run Behavior\BuildLiteBehavior [ RunTime:0.000030s ]
INFO: [ app_init ] --END-- [ RunTime:0.000778s ]

[ 2017-09-17T20:55:18+08:00 ] 124.236.142.198 /Angelababy/index.php/Home/index/Public/images/banner_01.jpg
INFO: [ app_init ] --START--
INFO: Run Behavior\BuildLiteBehavior [ RunTime:0.000024s ]
INFO: [ app_init ] --END-- [ RunTime:0.000496s ]

[ 2017-09-17T20:55:22+08:00 ] 124.236.142.198 /Angelababy/index.php/Home/index/Public/images/banner_02.jpg
INFO: [ app_init ] --START--
INFO: Run Behavior\BuildLiteBehavior [ RunTime:0.000029s ]
INFO: [ app_init ] --END-- [ RunTime:0.000704s ]

[ 2017-09-17T20:55:22+08:00 ] 124.236.142.198 /Angelababy/index.php/Home/index/Public/images/banner_05.jpg
INFO: [ app_init ] --START--
INFO: Run Behavior\BuildLiteBehavior [ RunTime:0.000018s ]
INFO: [ app_init ] --END-- [ RunTime:0.000451s ]

[ 2017-09-17T20:55:22+08:00 ] 124.236.142.198 /Angelababy/index.php/Home/index/Public/images/banner_04.jpg
INFO: [ app_init ] --START--
INFO: Run Behavior\BuildLiteBehavior [ RunTime:0.000025s ]
INFO: [ app_init ] --END-- [ RunTime:0.000748s ]

[ 2017-09-17T20:55:22+08:00 ] 124.236.142.198 /Angelababy/index.php/Home/index/Public/images/banner_03.jpg
INFO: [ app_init ] --START--
INFO: Run Behavior\BuildLiteBehavior [ RunTime:0.000021s ]
INFO: [ app_init ] --END-- [ RunTime:0.000510s ]

[ 2017-09-17T20:55:22+08:00 ] 124.236.142.198 /Angelababy/index.php/Home/index/Public/images/banner_01.jpg
INFO: [ app_init ] --START--
INFO: Run Behavior\BuildLiteBehavior [ RunTime:0.000018s ]
INFO: [ app_init ] --END-- [ RunTime:0.000432s ]

[ 2017-09-17T20:55:22+08:00 ] 124.236.142.198 /Angelababy/index.php/Home/index/Public/images/banner_01.jpg
INFO: [ app_init ] --START--
INFO: Run Behavior\BuildLiteBehavior [ RunTime:0.000022s ]
INFO: [ app_init ] --END-- [ RunTime:0.000502s ]

[ 2017-09-17T20:55:22+08:00 ] 124.236.142.198 /Angelababy/index.php/Home/index/Public/images/banner_02.jpg
INFO: [ app_init ] --START--
INFO: Run Behavior\BuildLiteBehavior [ RunTime:0.000022s ]
INFO: [ app_init ] --END-- [ RunTime:0.000513s ]

[ 2017-09-17T20:55:22+08:00 ] 124.236.142.198 /Angelababy/index.php/Home/index/Public/images/banner_03.jpg
INFO: [ app_init ] --START--
INFO: Run Behavior\BuildLiteBehavior [ RunTime:0.000016s ]
INFO: [ app_init ] --END-- [ RunTime:0.000461s ]

[ 2017-09-17T20:55:22+08:00 ] 124.236.142.198 /Angelababy/index.php/Home/index/Public/images/banner_04.jpg
INFO: [ app_init ] --START--
INFO: Run Behavior\BuildLiteBehavior [ RunTime:0.000020s ]
INFO: [ app_init ] --END-- [ RunTime:0.000470s ]

[ 2017-09-17T20:55:22+08:00 ] 124.236.142.198 /Angelababy/index.php/Home/index/Public/images/banner_05.jpg
INFO: [ app_init ] --START--
INFO: Run Behavior\BuildLiteBehavior [ RunTime:0.000020s ]
INFO: [ app_init ] --END-- [ RunTime:0.000472s ]

[ 2017-09-17T20:55:26+08:00 ] 124.236.142.198 /Angelababy/index.php/Home/index/Public/images/banner_04.jpg
INFO: [ app_init ] --START--
INFO: Run Behavior\BuildLiteBehavior [ RunTime:0.000020s ]
INFO: [ app_init ] --END-- [ RunTime:0.000549s ]

[ 2017-09-17T20:55:26+08:00 ] 124.236.142.198 /Angelababy/index.php/Home/index/Public/images/banner_05.jpg
INFO: [ app_init ] --START--
INFO: Run Behavior\BuildLiteBehavior [ RunTime:0.000019s ]
INFO: [ app_init ] --END-- [ RunTime:0.000445s ]

[ 2017-09-17T20:55:26+08:00 ] 124.236.142.198 /Angelababy/index.php/Home/index/Public/images/banner_02.jpg
INFO: [ app_init ] --START--
INFO: Run Behavior\BuildLiteBehavior [ RunTime:0.000018s ]
INFO: [ app_init ] --END-- [ RunTime:0.000458s ]

[ 2017-09-17T20:55:26+08:00 ] 124.236.142.198 /Angelababy/index.php/Home/index/Public/images/banner_03.jpg
INFO: [ app_init ] --START--
INFO: Run Behavior\BuildLiteBehavior [ RunTime:0.000027s ]
INFO: [ app_init ] --END-- [ RunTime:0.000503s ]

[ 2017-09-17T20:55:26+08:00 ] 124.236.142.198 /Angelababy/index.php/Home/index/Public/images/banner_01.jpg
INFO: [ app_init ] --START--
INFO: Run Behavior\BuildLiteBehavior [ RunTime:0.000019s ]
INFO: [ app_init ] --END-- [ RunTime:0.000461s ]

[ 2017-09-17T20:55:27+08:00 ] 124.236.142.198 /Angelababy/index.php/Home/index/index.html
INFO: [ app_init ] --START--
INFO: Run Behavior\BuildLiteBehavior [ RunTime:0.000022s ]
INFO: [ app_init ] --END-- [ RunTime:0.000471s ]
INFO: [ app_begin ] --START--
INFO: Run Behavior\ReadHtmlCacheBehavior [ RunTime:0.000698s ]
INFO: [ app_begin ] --END-- [ RunTime:0.000754s ]
NOTIC: [8] Undefined index: uname /data/home/qxu1590220014/htdocs/Angelababy/Application/Home/Controller/BaseController.class.php 第 7 行.
NOTIC: [8] Undefined index: uname /data/home/qxu1590220014/htdocs/Angelababy/Application/Home/Controller/BaseController.class.php 第 7 行.
INFO: [ view_parse ] --START--
INFO: [ template_filter ] --START--
INFO: Run Behavior\ContentReplaceBehavior [ RunTime:0.000314s ]
INFO: [ template_filter ] --END-- [ RunTime:0.000380s ]
NOTIC: [8] Undefined variable: uname /data/home/qxu1590220014/htdocs/Angelababy/Application/Runtime/Cache/Home/2a94b8bda04ff446dcedd42276fc99ee.php 第 48 行.
NOTIC: [8] Undefined variable: arr /data/home/qxu1590220014/htdocs/Angelababy/Application/Runtime/Cache/Home/2a94b8bda04ff446dcedd42276fc99ee.php 第 67 行.
NOTIC: [8] Undefined variable: arr /data/home/qxu1590220014/htdocs/Angelababy/Application/Runtime/Cache/Home/2a94b8bda04ff446dcedd42276fc99ee.php 第 73 行.
INFO: Run Behavior\ParseTemplateBehavior [ RunTime:0.018164s ]
INFO: [ view_parse ] --END-- [ RunTime:0.018235s ]
INFO: [ view_filter ] --START--
INFO: Run Behavior\WriteHtmlCacheBehavior [ RunTime:0.000290s ]
INFO: [ view_filter ] --END-- [ RunTime:0.000333s ]
INFO: [ app_end ] --START--
INFO: Run Behavior\ShowPageTraceBehavior [ RunTime:0.000602s ]
INFO: [ app_end ] --END-- [ RunTime:0.000647s ]

[ 2017-09-17T20:55:27+08:00 ] 124.236.142.198 /Angelababy/index.php/Home/index/Public/images/banner_02.jpg
INFO: [ app_init ] --START--
INFO: Run Behavior\BuildLiteBehavior [ RunTime:0.000019s ]
INFO: [ app_init ] --END-- [ RunTime:0.000459s ]

[ 2017-09-17T20:55:27+08:00 ] 124.236.142.198 /Angelababy/index.php/Home/index/Public/images/banner_03.jpg
INFO: [ app_init ] --START--
INFO: Run Behavior\BuildLiteBehavior [ RunTime:0.000016s ]
INFO: [ app_init ] --END-- [ RunTime:0.000504s ]

[ 2017-09-17T20:55:27+08:00 ] 124.236.142.198 /Angelababy/index.php/Home/index/Public/images/banner_05.jpg
INFO: [ app_init ] --START--
INFO: Run Behavior\BuildLiteBehavior [ RunTime:0.000023s ]
INFO: [ app_init ] --END-- [ RunTime:0.000617s ]

[ 2017-09-17T20:55:27+08:00 ] 124.236.142.198 /Angelababy/index.php/Home/index/Public/images/banner_04.jpg
INFO: [ app_init ] --START--
INFO: Run Behavior\BuildLiteBehavior [ RunTime:0.000020s ]
INFO: [ app_init ] --END-- [ RunTime:0.000472s ]

[ 2017-09-17T20:55:28+08:00 ] 124.236.142.198 /Angelababy/index.php/Home/index/Public/images/banner_01.jpg
INFO: [ app_init ] --START--
INFO: Run Behavior\BuildLiteBehavior [ RunTime:0.000020s ]
INFO: [ app_init ] --END-- [ RunTime:0.000449s ]

[ 2017-09-17T20:55:28+08:00 ] 124.236.142.198 /Angelababy/index.php/Home/index/Public/images/banner_02.jpg
INFO: [ app_init ] --START--
INFO: Run Behavior\BuildLiteBehavior [ RunTime:0.000021s ]
INFO: [ app_init ] --END-- [ RunTime:0.000468s ]

[ 2017-09-17T20:55:29+08:00 ] 124.236.142.198 /Angelababy/index.php/Home/index/Public/images/banner_05.jpg
INFO: [ app_init ] --START--
INFO: Run Behavior\BuildLiteBehavior [ RunTime:0.000025s ]
INFO: [ app_init ] --END-- [ RunTime:0.000510s ]

[ 2017-09-17T20:55:29+08:00 ] 124.236.142.198 /Angelababy/index.php/Home/index/Public/images/banner_01.jpg
INFO: [ app_init ] --START--
INFO: Run Behavior\BuildLiteBehavior [ RunTime:0.000018s ]
INFO: [ app_init ] --END-- [ RunTime:0.000486s ]

[ 2017-09-17T20:55:29+08:00 ] 124.236.142.198 /Angelababy/index.php/Home/index/Public/images/banner_03.jpg
INFO: [ app_init ] --START--
INFO: Run Behavior\BuildLiteBehavior [ RunTime:0.000023s ]
INFO: [ app_init ] --END-- [ RunTime:0.000505s ]

[ 2017-09-17T20:55:29+08:00 ] 124.236.142.198 /Angelababy/index.php/Home/index/Public/images/banner_04.jpg
INFO: [ app_init ] --START--
INFO: Run Behavior\BuildLiteBehavior [ RunTime:0.000019s ]
INFO: [ app_init ] --END-- [ RunTime:0.000705s ]

[ 2017-09-17T20:55:32+08:00 ] 124.236.142.198 /Angelababy/index.php/Home/index/Public/images/banner_04.jpg
INFO: [ app_init ] --START--
INFO: Run Behavior\BuildLiteBehavior [ RunTime:0.000026s ]
INFO: [ app_init ] --END-- [ RunTime:0.000635s ]

[ 2017-09-17T20:55:32+08:00 ] 124.236.142.198 /Angelababy/index.php/Home/index/Public/images/banner_01.jpg
INFO: [ app_init ] --START--
INFO: Run Behavior\BuildLiteBehavior [ RunTime:0.000022s ]
INFO: [ app_init ] --END-- [ RunTime:0.000610s ]

[ 2017-09-17T20:55:32+08:00 ] 124.236.142.198 /Angelababy/index.php/Home/index/Public/images/banner_05.jpg
INFO: [ app_init ] --START--
INFO: Run Behavior\BuildLiteBehavior [ RunTime:0.000016s ]
INFO: [ app_init ] --END-- [ RunTime:0.000501s ]

[ 2017-09-17T20:55:32+08:00 ] 124.236.142.198 /Angelababy/index.php/Home/index/Public/images/banner_03.jpg
INFO: [ app_init ] --START--
INFO: Run Behavior\BuildLiteBehavior [ RunTime:0.000018s ]
INFO: [ app_init ] --END-- [ RunTime:0.000546s ]

[ 2017-09-17T20:55:32+08:00 ] 124.236.142.198 /Angelababy/index.php/Home/index/Public/images/banner_02.jpg
INFO: [ app_init ] --START--
INFO: Run Behavior\BuildLiteBehavior [ RunTime:0.000017s ]
INFO: [ app_init ] --END-- [ RunTime:0.000447s ]

[ 2017-09-17T20:55:33+08:00 ] 124.236.142.198 /Angelababy/index.php/Home/index/Public/images/banner_03.jpg
INFO: [ app_init ] --START--
INFO: Run Behavior\BuildLiteBehavior [ RunTime:0.000020s ]
INFO: [ app_init ] --END-- [ RunTime:0.000594s ]

[ 2017-09-17T20:55:33+08:00 ] 124.236.142.198 /Angelababy/index.php/Home/index/Public/images/banner_02.jpg
INFO: [ app_init ] --START--
INFO: Run Behavior\BuildLiteBehavior [ RunTime:0.000023s ]
INFO: [ app_init ] --END-- [ RunTime:0.000719s ]

[ 2017-09-17T20:55:33+08:00 ] 124.236.142.198 /Angelababy/index.php/Home/index/Public/images/banner_01.jpg
INFO: [ app_init ] --START--
INFO: Run Behavior\BuildLiteBehavior [ RunTime:0.000027s ]
INFO: [ app_init ] --END-- [ RunTime:0.000702s ]

[ 2017-09-17T20:55:33+08:00 ] 124.236.142.198 /Angelababy/index.php/Home/index/Public/images/banner_05.jpg
INFO: [ app_init ] --START--
INFO: Run Behavior\BuildLiteBehavior [ RunTime:0.000023s ]
INFO: [ app_init ] --END-- [ RunTime:0.000668s ]

[ 2017-09-17T20:55:33+08:00 ] 124.236.142.198 /Angelababy/index.php/Home/index/Public/images/banner_04.jpg
INFO: [ app_init ] --START--
INFO: Run Behavior\BuildLiteBehavior [ RunTime:0.000028s ]
INFO: [ app_init ] --END-- [ RunTime:0.000691s ]

[ 2017-09-17T20:55:36+08:00 ] 124.236.142.198 /Angelababy/index.php/Home/index/Public/images/banner_01.jpg
INFO: [ app_init ] --START--
INFO: Run Behavior\BuildLiteBehavior [ RunTime:0.000021s ]
INFO: [ app_init ] --END-- [ RunTime:0.000513s ]

[ 2017-09-17T20:55:36+08:00 ] 124.236.142.198 /Angelababy/index.php/Home/index/Public/images/banner_04.jpg
INFO: [ app_init ] --START--
INFO: Run Behavior\BuildLiteBehavior [ RunTime:0.000018s ]
INFO: [ app_init ] --END-- [ RunTime:0.000529s ]

[ 2017-09-17T20:55:36+08:00 ] 124.236.142.198 /Angelababy/index.php/Home/index/Public/images/banner_03.jpg
INFO: [ app_init ] --START--
INFO: Run Behavior\BuildLiteBehavior [ RunTime:0.000022s ]
INFO: [ app_init ] --END-- [ RunTime:0.000561s ]

[ 2017-09-17T20:55:36+08:00 ] 124.236.142.198 /Angelababy/index.php/Home/index/Public/images/banner_05.jpg
INFO: [ app_init ] --START--
INFO: Run Behavior\BuildLiteBehavior [ RunTime:0.000017s ]
INFO: [ app_init ] --END-- [ RunTime:0.000450s ]

[ 2017-09-17T20:55:36+08:00 ] 124.236.142.198 /Angelababy/index.php/Home/index/Public/images/banner_02.jpg
INFO: [ app_init ] --START--
INFO: Run Behavior\BuildLiteBehavior [ RunTime:0.000016s ]
INFO: [ app_init ] --END-- [ RunTime:0.000765s ]

[ 2017-09-17T20:55:38+08:00 ] 124.236.142.198 /Angelababy/index.php/Home/index/Public/images/banner_04.jpg
INFO: [ app_init ] --START--
INFO: Run Behavior\BuildLiteBehavior [ RunTime:0.000020s ]
INFO: [ app_init ] --END-- [ RunTime:0.000512s ]

[ 2017-09-17T20:55:38+08:00 ] 124.236.142.198 /Angelababy/index.php/Home/index/Public/images/banner_01.jpg
INFO: [ app_init ] --START--
INFO: Run Behavior\BuildLiteBehavior [ RunTime:0.000022s ]
INFO: [ app_init ] --END-- [ RunTime:0.000479s ]

[ 2017-09-17T20:55:38+08:00 ] 124.236.142.198 /Angelababy/index.php/Home/index/Public/images/banner_02.jpg
INFO: [ app_init ] --START--
INFO: Run Behavior\BuildLiteBehavior [ RunTime:0.000018s ]
INFO: [ app_init ] --END-- [ RunTime:0.000455s ]

[ 2017-09-17T20:55:38+08:00 ] 124.236.142.198 /Angelababy/index.php/Home/index/Public/images/banner_03.jpg
INFO: [ app_init ] --START--
INFO: Run Behavior\BuildLiteBehavior [ RunTime:0.000030s ]
INFO: [ app_init ] --END-- [ RunTime:0.000641s ]

[ 2017-09-17T20:55:38+08:00 ] 124.236.142.198 /Angelababy/index.php/Home/index/Public/images/banner_05.jpg
INFO: [ app_init ] --START--
INFO: Run Behavior\BuildLiteBehavior [ RunTime:0.000026s ]
INFO: [ app_init ] --END-- [ RunTime:0.000655s ]

[ 2017-09-17T20:55:40+08:00 ] 124.236.142.198 /Angelababy/index.php/Home/index/Public/images/banner_04.jpg
INFO: [ app_init ] --START--
INFO: Run Behavior\BuildLiteBehavior [ RunTime:0.000022s ]
INFO: [ app_init ] --END-- [ RunTime:0.000612s ]

[ 2017-09-17T20:55:40+08:00 ] 124.236.142.198 /Angelababy/index.php/Home/index/Public/images/banner_02.jpg
INFO: [ app_init ] --START--
INFO: Run Behavior\BuildLiteBehavior [ RunTime:0.000022s ]
INFO: [ app_init ] --END-- [ RunTime:0.000545s ]

[ 2017-09-17T20:55:40+08:00 ] 124.236.142.198 /Angelababy/index.php/Home/index/Public/images/banner_01.jpg
INFO: [ app_init ] --START--
INFO: Run Behavior\BuildLiteBehavior [ RunTime:0.000031s ]
INFO: [ app_init ] --END-- [ RunTime:0.000751s ]

[ 2017-09-17T20:55:40+08:00 ] 124.236.142.198 /Angelababy/index.php/Home/index/Public/images/banner_03.jpg
INFO: [ app_init ] --START--
INFO: Run Behavior\BuildLiteBehavior [ RunTime:0.000018s ]
INFO: [ app_init ] --END-- [ RunTime:0.000476s ]

[ 2017-09-17T20:55:40+08:00 ] 124.236.142.198 /Angelababy/index.php/Home/index/Public/images/banner_05.jpg
INFO: [ app_init ] --START--
INFO: Run Behavior\BuildLiteBehavior [ RunTime:0.000027s ]
INFO: [ app_init ] --END-- [ RunTime:0.000477s ]

[ 2017-09-17T20:55:44+08:00 ] 124.236.142.198 /Angelababy/index.php/Home/index/Public/images/banner_01.jpg
INFO: [ app_init ] --START--
INFO: Run Behavior\BuildLiteBehavior [ RunTime:0.000055s ]
INFO: [ app_init ] --END-- [ RunTime:0.000740s ]

[ 2017-09-17T20:55:44+08:00 ] 124.236.142.198 /Angelababy/index.php/Home/index/Public/images/banner_02.jpg
INFO: [ app_init ] --START--
INFO: Run Behavior\BuildLiteBehavior [ RunTime:0.000019s ]
INFO: [ app_init ] --END-- [ RunTime:0.000476s ]

[ 2017-09-17T20:55:44+08:00 ] 124.236.142.198 /Angelababy/index.php/Home/index/Public/images/banner_05.jpg
INFO: [ app_init ] --START--
INFO: Run Behavior\BuildLiteBehavior [ RunTime:0.000022s ]
INFO: [ app_init ] --END-- [ RunTime:0.000679s ]

[ 2017-09-17T20:55:44+08:00 ] 124.236.142.198 /Angelababy/index.php/Home/index/Public/images/banner_04.jpg
INFO: [ app_init ] --START--
INFO: Run Behavior\BuildLiteBehavior [ RunTime:0.000022s ]
INFO: [ app_init ] --END-- [ RunTime:0.000476s ]

[ 2017-09-17T20:55:44+08:00 ] 124.236.142.198 /Angelababy/index.php/Home/index/Public/images/banner_05.jpg
INFO: [ app_init ] --START--
INFO: Run Behavior\BuildLiteBehavior [ RunTime:0.000020s ]
INFO: [ app_init ] --END-- [ RunTime:0.000462s ]

[ 2017-09-17T20:55:44+08:00 ] 124.236.142.198 /Angelababy/index.php/Home/index/Public/images/banner_03.jpg
INFO: [ app_init ] --START--
INFO: Run Behavior\BuildLiteBehavior [ RunTime:0.000018s ]
INFO: [ app_init ] --END-- [ RunTime:0.000491s ]

[ 2017-09-17T20:55:44+08:00 ] 124.236.142.198 /Angelababy/index.php/Home/index/Public/images/banner_02.jpg
INFO: [ app_init ] --START--
INFO: Run Behavior\BuildLiteBehavior [ RunTime:0.000025s ]
INFO: [ app_init ] --END-- [ RunTime:0.000644s ]

[ 2017-09-17T20:55:44+08:00 ] 124.236.142.198 /Angelababy/index.php/Home/index/Public/images/banner_01.jpg
INFO: [ app_init ] --START--
INFO: Run Behavior\BuildLiteBehavior [ RunTime:0.000019s ]
INFO: [ app_init ] --END-- [ RunTime:0.000451s ]

[ 2017-09-17T20:55:45+08:00 ] 124.236.142.198 /Angelababy/index.php/Home/index/Public/images/banner_04.jpg
INFO: [ app_init ] --START--
INFO: Run Behavior\BuildLiteBehavior [ RunTime:0.000019s ]
INFO: [ app_init ] --END-- [ RunTime:0.000475s ]

[ 2017-09-17T20:55:45+08:00 ] 124.236.142.198 /Angelababy/index.php/Home/index/Public/images/banner_03.jpg
INFO: [ app_init ] --START--
INFO: Run Behavior\BuildLiteBehavior [ RunTime:0.000016s ]
INFO: [ app_init ] --END-- [ RunTime:0.000622s ]

[ 2017-09-17T20:55:48+08:00 ] 124.236.142.198 /Angelababy/index.php/Home/index/Public/images/banner_01.jpg
INFO: [ app_init ] --START--
INFO: Run Behavior\BuildLiteBehavior [ RunTime:0.000024s ]
INFO: [ app_init ] --END-- [ RunTime:0.000534s ]

[ 2017-09-17T20:55:48+08:00 ] 124.236.142.198 /Angelababy/index.php/Home/index/Public/images/banner_04.jpg
INFO: [ app_init ] --START--
INFO: Run Behavior\BuildLiteBehavior [ RunTime:0.000018s ]
INFO: [ app_init ] --END-- [ RunTime:0.000500s ]

[ 2017-09-17T20:55:48+08:00 ] 124.236.142.198 /Angelababy/index.php/Home/index/Public/images/banner_03.jpg
INFO: [ app_init ] --START--
INFO: Run Behavior\BuildLiteBehavior [ RunTime:0.000029s ]
INFO: [ app_init ] --END-- [ RunTime:0.000701s ]

[ 2017-09-17T20:55:48+08:00 ] 124.236.142.198 /Angelababy/index.php/Home/index/Public/images/banner_02.jpg
INFO: [ app_init ] --START--
INFO: Run Behavior\BuildLiteBehavior [ RunTime:0.000030s ]
INFO: [ app_init ] --END-- [ RunTime:0.000830s ]

[ 2017-09-17T20:55:48+08:00 ] 124.236.142.198 /Angelababy/index.php/Home/index/Public/images/banner_05.jpg
INFO: [ app_init ] --START--
INFO: Run Behavior\BuildLiteBehavior [ RunTime:0.000024s ]
INFO: [ app_init ] --END-- [ RunTime:0.000466s ]

[ 2017-09-17T20:55:49+08:00 ] 124.236.142.198 /Angelababy/index.php/Home/index/Public/images/banner_05.jpg
INFO: [ app_init ] --START--
INFO: Run Behavior\BuildLiteBehavior [ RunTime:0.000019s ]
INFO: [ app_init ] --END-- [ RunTime:0.000493s ]

[ 2017-09-17T20:55:49+08:00 ] 124.236.142.198 /Angelababy/index.php/Home/index/Public/images/banner_04.jpg
INFO: [ app_init ] --START--
INFO: Run Behavior\BuildLiteBehavior [ RunTime:0.000020s ]
INFO: [ app_init ] --END-- [ RunTime:0.000601s ]

[ 2017-09-17T20:55:49+08:00 ] 124.236.142.198 /Angelababy/index.php/Home/index/Public/images/banner_02.jpg
INFO: [ app_init ] --START--
INFO: Run Behavior\BuildLiteBehavior [ RunTime:0.000025s ]
INFO: [ app_init ] --END-- [ RunTime:0.000489s ]

[ 2017-09-17T20:55:49+08:00 ] 124.236.142.198 /Angelababy/index.php/Home/index/Public/images/banner_03.jpg
INFO: [ app_init ] --START--
INFO: Run Behavior\BuildLiteBehavior [ RunTime:0.000032s ]
INFO: [ app_init ] --END-- [ RunTime:0.000719s ]

[ 2017-09-17T20:55:49+08:00 ] 124.236.142.198 /Angelababy/index.php/Home/index/Public/images/banner_01.jpg
INFO: [ app_init ] --START--
INFO: Run Behavior\BuildLiteBehavior [ RunTime:0.000017s ]
INFO: [ app_init ] --END-- [ RunTime:0.000430s ]

[ 2017-09-17T20:55:52+08:00 ] 124.236.142.198 /Angelababy/index.php/Home/index/Public/images/banner_01.jpg
INFO: [ app_init ] --START--
INFO: Run Behavior\BuildLiteBehavior [ RunTime:0.000030s ]
INFO: [ app_init ] --END-- [ RunTime:0.000744s ]

[ 2017-09-17T20:55:52+08:00 ] 124.236.142.198 /Angelababy/index.php/Home/index/Public/images/banner_04.jpg
INFO: [ app_init ] --START--
INFO: Run Behavior\BuildLiteBehavior [ RunTime:0.000029s ]
INFO: [ app_init ] --END-- [ RunTime:0.000690s ]

[ 2017-09-17T20:55:52+08:00 ] 124.236.142.198 /Angelababy/index.php/Home/index/Public/images/banner_02.jpg
INFO: [ app_init ] --START--
INFO: Run Behavior\BuildLiteBehavior [ RunTime:0.000018s ]
INFO: [ app_init ] --END-- [ RunTime:0.000539s ]

[ 2017-09-17T20:55:52+08:00 ] 124.236.142.198 /Angelababy/index.php/Home/index/Public/images/banner_03.jpg
INFO: [ app_init ] --START--
INFO: Run Behavior\BuildLiteBehavior [ RunTime:0.000024s ]
INFO: [ app_init ] --END-- [ RunTime:0.000800s ]

[ 2017-09-17T20:55:52+08:00 ] 124.236.142.198 /Angelababy/index.php/Home/index/Public/images/banner_05.jpg
INFO: [ app_init ] --START--
INFO: Run Behavior\BuildLiteBehavior [ RunTime:0.000019s ]
INFO: [ app_init ] --END-- [ RunTime:0.000444s ]

[ 2017-09-17T20:55:54+08:00 ] 124.236.142.198 /Angelababy/index.php/Home/index/Public/images/banner_02.jpg
INFO: [ app_init ] --START--
INFO: Run Behavior\BuildLiteBehavior [ RunTime:0.000027s ]
INFO: [ app_init ] --END-- [ RunTime:0.000722s ]

[ 2017-09-17T20:55:54+08:00 ] 124.236.142.198 /Angelababy/index.php/Home/index/Public/images/banner_01.jpg
INFO: [ app_init ] --START--
INFO: Run Behavior\BuildLiteBehavior [ RunTime:0.000025s ]
INFO: [ app_init ] --END-- [ RunTime:0.000663s ]

[ 2017-09-17T20:55:54+08:00 ] 124.236.142.198 /Angelababy/index.php/Home/index/Public/images/banner_05.jpg
INFO: [ app_init ] --START--
INFO: Run Behavior\BuildLiteBehavior [ RunTime:0.000021s ]
INFO: [ app_init ] --END-- [ RunTime:0.000563s ]

[ 2017-09-17T20:55:54+08:00 ] 124.236.142.198 /Angelababy/index.php/Home/index/Public/images/banner_04.jpg
INFO: [ app_init ] --START--
INFO: Run Behavior\BuildLiteBehavior [ RunTime:0.000020s ]
INFO: [ app_init ] --END-- [ RunTime:0.000510s ]

[ 2017-09-17T20:55:54+08:00 ] 124.236.142.198 /Angelababy/index.php/Home/index/Public/images/banner_03.jpg
INFO: [ app_init ] --START--
INFO: Run Behavior\BuildLiteBehavior [ RunTime:0.000021s ]
INFO: [ app_init ] --END-- [ RunTime:0.000481s ]

[ 2017-09-17T20:55:56+08:00 ] 124.236.142.198 /Angelababy/index.php/Home/index/Public/images/banner_05.jpg
INFO: [ app_init ] --START--
INFO: Run Behavior\BuildLiteBehavior [ RunTime:0.000019s ]
INFO: [ app_init ] --END-- [ RunTime:0.000613s ]

[ 2017-09-17T20:55:56+08:00 ] 124.236.142.198 /Angelababy/index.php/Home/index/Public/images/banner_04.jpg
INFO: [ app_init ] --START--
INFO: Run Behavior\BuildLiteBehavior [ RunTime:0.000019s ]
INFO: [ app_init ] --END-- [ RunTime:0.000482s ]

[ 2017-09-17T20:55:56+08:00 ] 124.236.142.198 /Angelababy/index.php/Home/index/Public/images/banner_01.jpg
INFO: [ app_init ] --START--
INFO: Run Behavior\BuildLiteBehavior [ RunTime:0.000023s ]
INFO: [ app_init ] --END-- [ RunTime:0.000659s ]

[ 2017-09-17T20:55:56+08:00 ] 124.236.142.198 /Angelababy/index.php/Home/index/Public/images/banner_03.jpg
INFO: [ app_init ] --START--
INFO: Run Behavior\BuildLiteBehavior [ RunTime:0.000025s ]
INFO: [ app_init ] --END-- [ RunTime:0.000626s ]

[ 2017-09-17T20:55:57+08:00 ] 124.236.142.198 /Angelababy/index.php/Home/index/Public/images/banner_02.jpg
INFO: [ app_init ] --START--
INFO: Run Behavior\BuildLiteBehavior [ RunTime:0.000017s ]
INFO: [ app_init ] --END-- [ RunTime:0.000444s ]

[ 2017-09-17T20:55:59+08:00 ] 124.236.142.198 /Angelababy/index.php/Home/index/index.html
INFO: [ app_init ] --START--
INFO: Run Behavior\BuildLiteBehavior [ RunTime:0.000025s ]
INFO: [ app_init ] --END-- [ RunTime:0.000481s ]
INFO: [ app_begin ] --START--
INFO: Run Behavior\ReadHtmlCacheBehavior [ RunTime:0.000766s ]
INFO: [ app_begin ] --END-- [ RunTime:0.000825s ]
NOTIC: [8] Undefined index: uname /data/home/qxu1590220014/htdocs/Angelababy/Application/Home/Controller/BaseController.class.php 第 7 行.
NOTIC: [8] Undefined index: uname /data/home/qxu1590220014/htdocs/Angelababy/Application/Home/Controller/BaseController.class.php 第 7 行.
INFO: [ view_parse ] --START--
INFO: [ template_filter ] --START--
INFO: Run Behavior\ContentReplaceBehavior [ RunTime:0.000327s ]
INFO: [ template_filter ] --END-- [ RunTime:0.000406s ]
NOTIC: [8] Undefined variable: uname /data/home/qxu1590220014/htdocs/Angelababy/Application/Runtime/Cache/Home/2a94b8bda04ff446dcedd42276fc99ee.php 第 48 行.
NOTIC: [8] Undefined variable: arr /data/home/qxu1590220014/htdocs/Angelababy/Application/Runtime/Cache/Home/2a94b8bda04ff446dcedd42276fc99ee.php 第 67 行.
NOTIC: [8] Undefined variable: arr /data/home/qxu1590220014/htdocs/Angelababy/Application/Runtime/Cache/Home/2a94b8bda04ff446dcedd42276fc99ee.php 第 73 行.
INFO: Run Behavior\ParseTemplateBehavior [ RunTime:0.019552s ]
INFO: [ view_parse ] --END-- [ RunTime:0.019599s ]
INFO: [ view_filter ] --START--
INFO: Run Behavior\WriteHtmlCacheBehavior [ RunTime:0.000310s ]
INFO: [ view_filter ] --END-- [ RunTime:0.000352s ]
INFO: [ app_end ] --START--
INFO: Run Behavior\ShowPageTraceBehavior [ RunTime:0.000705s ]
INFO: [ app_end ] --END-- [ RunTime:0.000760s ]

[ 2017-09-17T20:55:59+08:00 ] 124.236.142.198 /Angelababy/index.php/Home/index/Public/images/banner_01.jpg
INFO: [ app_init ] --START--
INFO: Run Behavior\BuildLiteBehavior [ RunTime:0.000020s ]
INFO: [ app_init ] --END-- [ RunTime:0.000546s ]

[ 2017-09-17T20:55:59+08:00 ] 124.236.142.198 /Angelababy/index.php/Home/index/Public/images/banner_05.jpg
INFO: [ app_init ] --START--
INFO: Run Behavior\BuildLiteBehavior [ RunTime:0.000017s ]
INFO: [ app_init ] --END-- [ RunTime:0.000486s ]

[ 2017-09-17T20:55:59+08:00 ] 124.236.142.198 /Angelababy/index.php/Home/index/Public/images/banner_03.jpg
INFO: [ app_init ] --START--
INFO: Run Behavior\BuildLiteBehavior [ RunTime:0.000017s ]
INFO: [ app_init ] --END-- [ RunTime:0.000503s ]

[ 2017-09-17T20:55:59+08:00 ] 124.236.142.198 /Angelababy/index.php/Home/index/Public/images/banner_02.jpg
INFO: [ app_init ] --START--
INFO: Run Behavior\BuildLiteBehavior [ RunTime:0.000061s ]
INFO: [ app_init ] --END-- [ RunTime:0.000487s ]

[ 2017-09-17T20:55:59+08:00 ] 124.236.142.198 /Angelababy/index.php/Home/index/Public/images/banner_04.jpg
INFO: [ app_init ] --START--
INFO: Run Behavior\BuildLiteBehavior [ RunTime:0.000022s ]
INFO: [ app_init ] --END-- [ RunTime:0.000488s ]

[ 2017-09-17T20:56:03+08:00 ] 124.236.142.198 /Angelababy/index.php/Home/index/Public/images/banner_02.jpg
INFO: [ app_init ] --START--
INFO: Run Behavior\BuildLiteBehavior [ RunTime:0.000018s ]
INFO: [ app_init ] --END-- [ RunTime:0.000463s ]

[ 2017-09-17T20:56:03+08:00 ] 124.236.142.198 /Angelababy/index.php/Home/index/Public/images/banner_01.jpg
INFO: [ app_init ] --START--
INFO: Run Behavior\BuildLiteBehavior [ RunTime:0.000016s ]
INFO: [ app_init ] --END-- [ RunTime:0.000518s ]

[ 2017-09-17T20:56:03+08:00 ] 124.236.142.198 /Angelababy/index.php/Home/index/Public/images/banner_04.jpg
INFO: [ app_init ] --START--
INFO: Run Behavior\BuildLiteBehavior [ RunTime:0.000029s ]
INFO: [ app_init ] --END-- [ RunTime:0.000638s ]

[ 2017-09-17T20:56:03+08:00 ] 124.236.142.198 /Angelababy/index.php/Home/index/Public/images/banner_03.jpg
INFO: [ app_init ] --START--
INFO: Run Behavior\BuildLiteBehavior [ RunTime:0.000022s ]
INFO: [ app_init ] --END-- [ RunTime:0.000480s ]

[ 2017-09-17T20:56:03+08:00 ] 124.236.142.198 /Angelababy/index.php/Home/index/Public/images/banner_05.jpg
INFO: [ app_init ] --START--
INFO: Run Behavior\BuildLiteBehavior [ RunTime:0.000018s ]
INFO: [ app_init ] --END-- [ RunTime:0.000435s ]

[ 2017-09-17T20:56:05+08:00 ] 124.236.142.198 /Angelababy/index.php/Home/index/index.html
INFO: [ app_init ] --START--
INFO: Run Behavior\BuildLiteBehavior [ RunTime:0.000053s ]
INFO: [ app_init ] --END-- [ RunTime:0.000500s ]
INFO: [ app_begin ] --START--
INFO: Run Behavior\ReadHtmlCacheBehavior [ RunTime:0.000791s ]
INFO: [ app_begin ] --END-- [ RunTime:0.000848s ]
SQL: SHOW COLUMNS FROM `meitu_cart_detail` [ RunTime:0.0011s ]
SQL: SHOW COLUMNS FROM `meitu_cart` [ RunTime:0.0008s ]
SQL: SHOW COLUMNS FROM `meitu_user` [ RunTime:0.0008s ]
SQL: SELECT `cid` FROM `meitu_cart` WHERE ( ( SELECT `uid` FROM `meitu_user` WHERE `uname` = '15531006501'  ) ) LIMIT 1   [ RunTime:0.0005s ]
SQL: SELECT * FROM `meitu_cart_detail` INNER JOIN meitu_product  WHERE (  cartId=1 and productId=pid )  [ RunTime:0.0005s ]
SQL: SELECT `cid` FROM `meitu_cart` WHERE ( ( SELECT `uid` FROM `meitu_user` WHERE `uname` = '15531006501'  ) ) LIMIT 1   [ RunTime:0.0005s ]
SQL: SELECT * FROM `meitu_cart_detail` INNER JOIN meitu_product  WHERE (  cartId=1 and productId=pid )  [ RunTime:0.0005s ]
INFO: [ view_parse ] --START--
INFO: [ template_filter ] --START--
INFO: Run Behavior\ContentReplaceBehavior [ RunTime:0.000321s ]
INFO: [ template_filter ] --END-- [ RunTime:0.000389s ]
INFO: Run Behavior\ParseTemplateBehavior [ RunTime:0.019726s ]
INFO: [ view_parse ] --END-- [ RunTime:0.019777s ]
INFO: [ view_filter ] --START--
INFO: Run Behavior\WriteHtmlCacheBehavior [ RunTime:0.000285s ]
INFO: [ view_filter ] --END-- [ RunTime:0.000329s ]
INFO: [ app_end ] --START--
INFO: Run Behavior\ShowPageTraceBehavior [ RunTime:0.000602s ]
INFO: [ app_end ] --END-- [ RunTime:0.000649s ]

[ 2017-09-17T20:56:33+08:00 ] 124.236.142.198 /Angelababy/index.php/Home/index/index.html
INFO: [ app_init ] --START--
INFO: Run Behavior\BuildLiteBehavior [ RunTime:0.000017s ]
INFO: [ app_init ] --END-- [ RunTime:0.000447s ]
INFO: [ app_begin ] --START--
INFO: Run Behavior\ReadHtmlCacheBehavior [ RunTime:0.000693s ]
INFO: [ app_begin ] --END-- [ RunTime:0.000754s ]
NOTIC: [8] Undefined index: uname /data/home/qxu1590220014/htdocs/Angelababy/Application/Home/Controller/BaseController.class.php 第 7 行.
NOTIC: [8] Undefined index: uname /data/home/qxu1590220014/htdocs/Angelababy/Application/Home/Controller/BaseController.class.php 第 7 行.
INFO: [ view_parse ] --START--
INFO: [ template_filter ] --START--
INFO: Run Behavior\ContentReplaceBehavior [ RunTime:0.000326s ]
INFO: [ template_filter ] --END-- [ RunTime:0.000392s ]
NOTIC: [8] Undefined variable: uname /data/home/qxu1590220014/htdocs/Angelababy/Application/Runtime/Cache/Home/2a94b8bda04ff446dcedd42276fc99ee.php 第 48 行.
NOTIC: [8] Undefined variable: arr /data/home/qxu1590220014/htdocs/Angelababy/Application/Runtime/Cache/Home/2a94b8bda04ff446dcedd42276fc99ee.php 第 67 行.
NOTIC: [8] Undefined variable: arr /data/home/qxu1590220014/htdocs/Angelababy/Application/Runtime/Cache/Home/2a94b8bda04ff446dcedd42276fc99ee.php 第 73 行.
INFO: Run Behavior\ParseTemplateBehavior [ RunTime:0.018226s ]
INFO: [ view_parse ] --END-- [ RunTime:0.018274s ]
INFO: [ view_filter ] --START--
INFO: Run Behavior\WriteHtmlCacheBehavior [ RunTime:0.000300s ]
INFO: [ view_filter ] --END-- [ RunTime:0.000341s ]
INFO: [ app_end ] --START--
INFO: Run Behavior\ShowPageTraceBehavior [ RunTime:0.000584s ]
INFO: [ app_end ] --END-- [ RunTime:0.000633s ]

[ 2017-09-17T20:56:35+08:00 ] 124.236.142.198 /Angelababy/index.php/Home/index/Public/images/banner_01.jpg
INFO: [ app_init ] --START--
INFO: Run Behavior\BuildLiteBehavior [ RunTime:0.000023s ]
INFO: [ app_init ] --END-- [ RunTime:0.000509s ]

[ 2017-09-17T20:56:38+08:00 ] 124.236.142.198 /Angelababy/index.php/Home/index/Public/images/banner_01.jpg
INFO: [ app_init ] --START--
INFO: Run Behavior\BuildLiteBehavior [ RunTime:0.000021s ]
INFO: [ app_init ] --END-- [ RunTime:0.000487s ]

[ 2017-09-17T20:56:42+08:00 ] 124.236.142.198 /Angelababy/index.php/Home/index/Public/images/banner_01.jpg
INFO: [ app_init ] --START--
INFO: Run Behavior\BuildLiteBehavior [ RunTime:0.000017s ]
INFO: [ app_init ] --END-- [ RunTime:0.000436s ]

[ 2017-09-17T20:56:45+08:00 ] 124.236.142.198 /Angelababy/
INFO: [ app_init ] --START--
INFO: Run Behavior\BuildLiteBehavior [ RunTime:0.000022s ]
INFO: [ app_init ] --END-- [ RunTime:0.000500s ]
INFO: [ app_begin ] --START--
INFO: Run Behavior\ReadHtmlCacheBehavior [ RunTime:0.000753s ]
INFO: [ app_begin ] --END-- [ RunTime:0.000810s ]
NOTIC: [8] Undefined index: uname /data/home/qxu1590220014/htdocs/Angelababy/Application/Home/Controller/BaseController.class.php 第 7 行.
NOTIC: [8] Undefined index: uname /data/home/qxu1590220014/htdocs/Angelababy/Application/Home/Controller/BaseController.class.php 第 7 行.
INFO: [ view_parse ] --START--
INFO: [ template_filter ] --START--
INFO: Run Behavior\ContentReplaceBehavior [ RunTime:0.000309s ]
INFO: [ template_filter ] --END-- [ RunTime:0.000364s ]
NOTIC: [8] Undefined variable: uname /data/home/qxu1590220014/htdocs/Angelababy/Application/Runtime/Cache/Home/2a94b8bda04ff446dcedd42276fc99ee.php 第 48 行.
NOTIC: [8] Undefined variable: arr /data/home/qxu1590220014/htdocs/Angelababy/Application/Runtime/Cache/Home/2a94b8bda04ff446dcedd42276fc99ee.php 第 67 行.
NOTIC: [8] Undefined variable: arr /data/home/qxu1590220014/htdocs/Angelababy/Application/Runtime/Cache/Home/2a94b8bda04ff446dcedd42276fc99ee.php 第 73 行.
INFO: Run Behavior\ParseTemplateBehavior [ RunTime:0.017824s ]
INFO: [ view_parse ] --END-- [ RunTime:0.017871s ]
INFO: [ view_filter ] --START--
INFO: Run Behavior\WriteHtmlCacheBehavior [ RunTime:0.000301s ]
INFO: [ view_filter ] --END-- [ RunTime:0.000342s ]
INFO: [ app_end ] --START--
INFO: Run Behavior\ShowPageTraceBehavior [ RunTime:0.000557s ]
INFO: [ app_end ] --END-- [ RunTime:0.000601s ]

[ 2017-09-17T20:56:57+08:00 ] 124.236.142.198 /Angelababy/index.php
INFO: [ app_init ] --START--
INFO: Run Behavior\BuildLiteBehavior [ RunTime:0.000021s ]
INFO: [ app_init ] --END-- [ RunTime:0.000456s ]
INFO: [ app_begin ] --START--
INFO: Run Behavior\ReadHtmlCacheBehavior [ RunTime:0.000734s ]
INFO: [ app_begin ] --END-- [ RunTime:0.000790s ]
NOTIC: [8] Undefined index: uname /data/home/qxu1590220014/htdocs/Angelababy/Application/Home/Controller/BaseController.class.php 第 7 行.
NOTIC: [8] Undefined index: uname /data/home/qxu1590220014/htdocs/Angelababy/Application/Home/Controller/BaseController.class.php 第 7 行.
INFO: [ view_parse ] --START--
INFO: [ template_filter ] --START--
INFO: Run Behavior\ContentReplaceBehavior [ RunTime:0.000320s ]
INFO: [ template_filter ] --END-- [ RunTime:0.000379s ]
NOTIC: [8] Undefined variable: uname /data/home/qxu1590220014/htdocs/Angelababy/Application/Runtime/Cache/Home/2a94b8bda04ff446dcedd42276fc99ee.php 第 48 行.
NOTIC: [8] Undefined variable: arr /data/home/qxu1590220014/htdocs/Angelababy/Application/Runtime/Cache/Home/2a94b8bda04ff446dcedd42276fc99ee.php 第 67 行.
NOTIC: [8] Undefined variable: arr /data/home/qxu1590220014/htdocs/Angelababy/Application/Runtime/Cache/Home/2a94b8bda04ff446dcedd42276fc99ee.php 第 73 行.
INFO: Run Behavior\ParseTemplateBehavior [ RunTime:0.020757s ]
INFO: [ view_parse ] --END-- [ RunTime:0.020809s ]
INFO: [ view_filter ] --START--
INFO: Run Behavior\WriteHtmlCacheBehavior [ RunTime:0.000378s ]
INFO: [ view_filter ] --END-- [ RunTime:0.000419s ]
INFO: [ app_end ] --START--
INFO: Run Behavior\ShowPageTraceBehavior [ RunTime:0.000864s ]
INFO: [ app_end ] --END-- [ RunTime:0.000963s ]

[ 2017-09-17T20:57:05+08:00 ] 124.236.142.198 /Angelababy/index.php/Home/index/index
INFO: [ app_init ] --START--
INFO: Run Behavior\BuildLiteBehavior [ RunTime:0.000018s ]
INFO: [ app_init ] --END-- [ RunTime:0.000434s ]
INFO: [ app_begin ] --START--
INFO: Run Behavior\ReadHtmlCacheBehavior [ RunTime:0.000683s ]
INFO: [ app_begin ] --END-- [ RunTime:0.000739s ]
NOTIC: [8] Undefined index: uname /data/home/qxu1590220014/htdocs/Angelababy/Application/Home/Controller/BaseController.class.php 第 7 行.
NOTIC: [8] Undefined index: uname /data/home/qxu1590220014/htdocs/Angelababy/Application/Home/Controller/BaseController.class.php 第 7 行.
INFO: [ view_parse ] --START--
INFO: [ template_filter ] --START--
INFO: Run Behavior\ContentReplaceBehavior [ RunTime:0.000303s ]
INFO: [ template_filter ] --END-- [ RunTime:0.000359s ]
NOTIC: [8] Undefined variable: uname /data/home/qxu1590220014/htdocs/Angelababy/Application/Runtime/Cache/Home/2a94b8bda04ff446dcedd42276fc99ee.php 第 48 行.
NOTIC: [8] Undefined variable: arr /data/home/qxu1590220014/htdocs/Angelababy/Application/Runtime/Cache/Home/2a94b8bda04ff446dcedd42276fc99ee.php 第 67 行.
NOTIC: [8] Undefined variable: arr /data/home/qxu1590220014/htdocs/Angelababy/Application/Runtime/Cache/Home/2a94b8bda04ff446dcedd42276fc99ee.php 第 73 行.
INFO: Run Behavior\ParseTemplateBehavior [ RunTime:0.018173s ]
INFO: [ view_parse ] --END-- [ RunTime:0.018220s ]
INFO: [ view_filter ] --START--
INFO: Run Behavior\WriteHtmlCacheBehavior [ RunTime:0.000274s ]
INFO: [ view_filter ] --END-- [ RunTime:0.000314s ]
INFO: [ app_end ] --START--
INFO: Run Behavior\ShowPageTraceBehavior [ RunTime:0.000570s ]
INFO: [ app_end ] --END-- [ RunTime:0.000615s ]

[ 2017-09-17T20:57:06+08:00 ] 124.236.142.198 /Angelababy/index.php/Home/index/Public/images/banner_01.jpg
INFO: [ app_init ] --START--
INFO: Run Behavior\BuildLiteBehavior [ RunTime:0.000021s ]
INFO: [ app_init ] --END-- [ RunTime:0.000514s ]

[ 2017-09-17T20:57:13+08:00 ] 124.236.142.198 /Angelababy/index.php/Home/index/Public/images/banner_01.jpg
INFO: [ app_init ] --START--
INFO: Run Behavior\BuildLiteBehavior [ RunTime:0.000017s ]
INFO: [ app_init ] --END-- [ RunTime:0.000431s ]

[ 2017-09-17T20:57:13+08:00 ] 124.236.142.198 /Angelababy/index.php/Home
INFO: [ app_init ] --START--
INFO: Run Behavior\BuildLiteBehavior [ RunTime:0.000018s ]
INFO: [ app_init ] --END-- [ RunTime:0.000426s ]
INFO: [ app_begin ] --START--
INFO: Run Behavior\ReadHtmlCacheBehavior [ RunTime:0.000733s ]
INFO: [ app_begin ] --END-- [ RunTime:0.000791s ]
NOTIC: [8] Undefined index: uname /data/home/qxu1590220014/htdocs/Angelababy/Application/Home/Controller/BaseController.class.php 第 7 行.
NOTIC: [8] Undefined index: uname /data/home/qxu1590220014/htdocs/Angelababy/Application/Home/Controller/BaseController.class.php 第 7 行.
INFO: [ view_parse ] --START--
INFO: [ template_filter ] --START--
INFO: Run Behavior\ContentReplaceBehavior [ RunTime:0.000312s ]
INFO: [ template_filter ] --END-- [ RunTime:0.000364s ]
NOTIC: [8] Undefined variable: uname /data/home/qxu1590220014/htdocs/Angelababy/Application/Runtime/Cache/Home/2a94b8bda04ff446dcedd42276fc99ee.php 第 48 行.
NOTIC: [8] Undefined variable: arr /data/home/qxu1590220014/htdocs/Angelababy/Application/Runtime/Cache/Home/2a94b8bda04ff446dcedd42276fc99ee.php 第 67 行.
NOTIC: [8] Undefined variable: arr /data/home/qxu1590220014/htdocs/Angelababy/Application/Runtime/Cache/Home/2a94b8bda04ff446dcedd42276fc99ee.php 第 73 行.
INFO: Run Behavior\ParseTemplateBehavior [ RunTime:0.017956s ]
INFO: [ view_parse ] --END-- [ RunTime:0.018002s ]
INFO: [ view_filter ] --START--
INFO: Run Behavior\WriteHtmlCacheBehavior [ RunTime:0.000301s ]
INFO: [ view_filter ] --END-- [ RunTime:0.000343s ]
INFO: [ app_end ] --START--
INFO: Run Behavior\ShowPageTraceBehavior [ RunTime:0.000556s ]
INFO: [ app_end ] --END-- [ RunTime:0.000600s ]

