[ 2017-09-16T15:59:05+08:00 ] 222.223.205.109 /Angelababy/
INFO: [ app_init ] --START--
INFO: Run Behavior\BuildLiteBehavior [ RunTime:0.000025s ]
INFO: [ app_init ] --END-- [ RunTime:0.000656s ]
INFO: [ app_begin ] --START--
INFO: Run Behavior\ReadHtmlCacheBehavior [ RunTime:0.000679s ]
INFO: [ app_begin ] --END-- [ RunTime:0.000737s ]
NOTIC: [8] Undefined index: uname /data/home/qxu1590220014/htdocs/Angelababy/Application/Home/Controller/BaseController.class.php 第 7 行.
NOTIC: [8] Undefined index: uname /data/home/qxu1590220014/htdocs/Angelababy/Application/Home/Controller/BaseController.class.php 第 7 行.
INFO: [ view_parse ] --START--
NOTIC: [2] file_get_contents(public/tpl/header.html): failed to open stream: No such file or directory /data/home/qxu1590220014/htdocs/Angelababy/ThinkPHP/Library/Think/Template.class.php 第 696 行.
NOTIC: [2] file_get_contents(public/tpl/footer.html): failed to open stream: No such file or directory /data/home/qxu1590220014/htdocs/Angelababy/ThinkPHP/Library/Think/Template.class.php 第 696 行.
INFO: [ template_filter ] --START--
INFO: Run Behavior\ContentReplaceBehavior [ RunTime:0.000224s ]
INFO: [ template_filter ] --END-- [ RunTime:0.000280s ]
INFO: Run Behavior\ParseTemplateBehavior [ RunTime:0.011830s ]
INFO: [ view_parse ] --END-- [ RunTime:0.011882s ]
INFO: [ view_filter ] --START--
INFO: Run Behavior\WriteHtmlCacheBehavior [ RunTime:0.000291s ]
INFO: [ view_filter ] --END-- [ RunTime:0.000332s ]
INFO: [ app_end ] --START--
INFO: Run Behavior\ShowPageTraceBehavior [ RunTime:0.000600s ]
INFO: [ app_end ] --END-- [ RunTime:0.000653s ]

[ 2017-09-16T15:59:22+08:00 ] 222.223.205.109 /Angelababy/
INFO: [ app_init ] --START--
INFO: Run Behavior\BuildLiteBehavior [ RunTime:0.000022s ]
INFO: [ app_init ] --END-- [ RunTime:0.000460s ]
INFO: [ app_begin ] --START--
INFO: Run Behavior\ReadHtmlCacheBehavior [ RunTime:0.000694s ]
INFO: [ app_begin ] --END-- [ RunTime:0.000749s ]
NOTIC: [8] Undefined index: uname /data/home/qxu1590220014/htdocs/Angelababy/Application/Home/Controller/BaseController.class.php 第 7 行.
NOTIC: [8] Undefined index: uname /data/home/qxu1590220014/htdocs/Angelababy/Application/Home/Controller/BaseController.class.php 第 7 行.
INFO: [ view_parse ] --START--
NOTIC: [2] file_get_contents(public/tpl/header.html): failed to open stream: No such file or directory /data/home/qxu1590220014/htdocs/Angelababy/ThinkPHP/Library/Think/Template.class.php 第 696 行.
NOTIC: [2] file_get_contents(public/tpl/footer.html): failed to open stream: No such file or directory /data/home/qxu1590220014/htdocs/Angelababy/ThinkPHP/Library/Think/Template.class.php 第 696 行.
INFO: [ template_filter ] --START--
INFO: Run Behavior\ContentReplaceBehavior [ RunTime:0.000277s ]
INFO: [ template_filter ] --END-- [ RunTime:0.000356s ]
INFO: Run Behavior\ParseTemplateBehavior [ RunTime:0.012205s ]
INFO: [ view_parse ] --END-- [ RunTime:0.012259s ]
INFO: [ view_filter ] --START--
INFO: Run Behavior\WriteHtmlCacheBehavior [ RunTime:0.000297s ]
INFO: [ view_filter ] --END-- [ RunTime:0.000338s ]
INFO: [ app_end ] --START--
INFO: Run Behavior\ShowPageTraceBehavior [ RunTime:0.000585s ]
INFO: [ app_end ] --END-- [ RunTime:0.000630s ]

[ 2017-09-16T16:01:06+08:00 ] 222.223.205.109 /Angelababy/
INFO: [ app_init ] --START--
INFO: Run Behavior\BuildLiteBehavior [ RunTime:0.000024s ]
INFO: [ app_init ] --END-- [ RunTime:0.000652s ]
INFO: [ app_begin ] --START--
INFO: Run Behavior\ReadHtmlCacheBehavior [ RunTime:0.000958s ]
INFO: [ app_begin ] --END-- [ RunTime:0.001038s ]
NOTIC: [8] Undefined index: uname /data/home/qxu1590220014/htdocs/Angelababy/Application/Home/Controller/BaseController.class.php 第 7 行.
NOTIC: [8] Undefined index: uname /data/home/qxu1590220014/htdocs/Angelababy/Application/Home/Controller/BaseController.class.php 第 7 行.
INFO: [ view_parse ] --START--
NOTIC: [2] file_get_contents(public/tpl/header.html): failed to open stream: No such file or directory /data/home/qxu1590220014/htdocs/Angelababy/ThinkPHP/Library/Think/Template.class.php 第 696 行.
NOTIC: [2] file_get_contents(public/tpl/footer.html): failed to open stream: No such file or directory /data/home/qxu1590220014/htdocs/Angelababy/ThinkPHP/Library/Think/Template.class.php 第 696 行.
INFO: [ template_filter ] --START--
INFO: Run Behavior\ContentReplaceBehavior [ RunTime:0.000201s ]
INFO: [ template_filter ] --END-- [ RunTime:0.000256s ]
INFO: Run Behavior\ParseTemplateBehavior [ RunTime:0.011968s ]
INFO: [ view_parse ] --END-- [ RunTime:0.012022s ]
INFO: [ view_filter ] --START--
INFO: Run Behavior\WriteHtmlCacheBehavior [ RunTime:0.000420s ]
INFO: [ view_filter ] --END-- [ RunTime:0.000477s ]
INFO: [ app_end ] --START--
INFO: Run Behavior\ShowPageTraceBehavior [ RunTime:0.000919s ]
INFO: [ app_end ] --END-- [ RunTime:0.000991s ]

[ 2017-09-16T16:01:42+08:00 ] 222.223.205.109 /Angelababy/
INFO: [ app_init ] --START--
INFO: Run Behavior\BuildLiteBehavior [ RunTime:0.000038s ]
INFO: [ app_init ] --END-- [ RunTime:0.000581s ]
INFO: [ app_begin ] --START--
INFO: Run Behavior\ReadHtmlCacheBehavior [ RunTime:0.000727s ]
INFO: [ app_begin ] --END-- [ RunTime:0.000800s ]
NOTIC: [8] Undefined index: uname /data/home/qxu1590220014/htdocs/Angelababy/Application/Home/Controller/BaseController.class.php 第 7 行.
NOTIC: [8] Undefined index: uname /data/home/qxu1590220014/htdocs/Angelababy/Application/Home/Controller/BaseController.class.php 第 7 行.
INFO: [ view_parse ] --START--
NOTIC: [2] file_get_contents(public/tpl/header.html): failed to open stream: No such file or directory /data/home/qxu1590220014/htdocs/Angelababy/ThinkPHP/Library/Think/Template.class.php 第 696 行.
NOTIC: [2] file_get_contents(public/tpl/footer.html): failed to open stream: No such file or directory /data/home/qxu1590220014/htdocs/Angelababy/ThinkPHP/Library/Think/Template.class.php 第 696 行.
INFO: [ template_filter ] --START--
INFO: Run Behavior\ContentReplaceBehavior [ RunTime:0.000212s ]
INFO: [ template_filter ] --END-- [ RunTime:0.000299s ]
INFO: Run Behavior\ParseTemplateBehavior [ RunTime:0.013492s ]
INFO: [ view_parse ] --END-- [ RunTime:0.013559s ]
INFO: [ view_filter ] --START--
INFO: Run Behavior\WriteHtmlCacheBehavior [ RunTime:0.000315s ]
INFO: [ view_filter ] --END-- [ RunTime:0.000358s ]
INFO: [ app_end ] --START--
INFO: Run Behavior\ShowPageTraceBehavior [ RunTime:0.001127s ]
INFO: [ app_end ] --END-- [ RunTime:0.001224s ]

[ 2017-09-16T16:02:26+08:00 ] 222.223.205.109 /Angelababy/
INFO: [ app_init ] --START--
INFO: Run Behavior\BuildLiteBehavior [ RunTime:0.000020s ]
INFO: [ app_init ] --END-- [ RunTime:0.000473s ]
INFO: [ app_begin ] --START--
INFO: Run Behavior\ReadHtmlCacheBehavior [ RunTime:0.000941s ]
INFO: [ app_begin ] --END-- [ RunTime:0.001042s ]
NOTIC: [8] Undefined index: uname /data/home/qxu1590220014/htdocs/Angelababy/Application/Home/Controller/BaseController.class.php 第 7 行.
NOTIC: [8] Undefined index: uname /data/home/qxu1590220014/htdocs/Angelababy/Application/Home/Controller/BaseController.class.php 第 7 行.
INFO: [ view_parse ] --START--
NOTIC: [2] file_get_contents(public/tpl/header.html): failed to open stream: No such file or directory /data/home/qxu1590220014/htdocs/Angelababy/ThinkPHP/Library/Think/Template.class.php 第 696 行.
NOTIC: [2] file_get_contents(public/tpl/footer.html): failed to open stream: No such file or directory /data/home/qxu1590220014/htdocs/Angelababy/ThinkPHP/Library/Think/Template.class.php 第 696 行.
INFO: [ template_filter ] --START--
INFO: Run Behavior\ContentReplaceBehavior [ RunTime:0.000276s ]
INFO: [ template_filter ] --END-- [ RunTime:0.000393s ]
INFO: Run Behavior\ParseTemplateBehavior [ RunTime:0.013086s ]
INFO: [ view_parse ] --END-- [ RunTime:0.013153s ]
INFO: [ view_filter ] --START--
INFO: Run Behavior\WriteHtmlCacheBehavior [ RunTime:0.000287s ]
INFO: [ view_filter ] --END-- [ RunTime:0.000330s ]
INFO: [ app_end ] --START--
INFO: Run Behavior\ShowPageTraceBehavior [ RunTime:0.000621s ]
INFO: [ app_end ] --END-- [ RunTime:0.000668s ]

[ 2017-09-16T16:17:46+08:00 ] 222.223.205.109 /Angelababy/
INFO: [ app_init ] --START--
INFO: Run Behavior\BuildLiteBehavior [ RunTime:0.000020s ]
INFO: [ app_init ] --END-- [ RunTime:0.000473s ]
INFO: [ app_begin ] --START--
INFO: Run Behavior\ReadHtmlCacheBehavior [ RunTime:0.000714s ]
INFO: [ app_begin ] --END-- [ RunTime:0.000769s ]
NOTIC: [8] Undefined index: uname /data/home/qxu1590220014/htdocs/Angelababy/Application/Home/Controller/BaseController.class.php 第 7 行.
NOTIC: [8] Undefined index: uname /data/home/qxu1590220014/htdocs/Angelababy/Application/Home/Controller/BaseController.class.php 第 7 行.
INFO: [ view_parse ] --START--
NOTIC: [2] file_get_contents(public/tpl/header.html): failed to open stream: No such file or directory /data/home/qxu1590220014/htdocs/Angelababy/ThinkPHP/Library/Think/Template.class.php 第 696 行.
NOTIC: [2] file_get_contents(public/tpl/footer.html): failed to open stream: No such file or directory /data/home/qxu1590220014/htdocs/Angelababy/ThinkPHP/Library/Think/Template.class.php 第 696 行.
INFO: [ template_filter ] --START--
INFO: Run Behavior\ContentReplaceBehavior [ RunTime:0.000226s ]
INFO: [ template_filter ] --END-- [ RunTime:0.000298s ]
INFO: Run Behavior\ParseTemplateBehavior [ RunTime:0.012807s ]
INFO: [ view_parse ] --END-- [ RunTime:0.012861s ]
INFO: [ view_filter ] --START--
INFO: Run Behavior\WriteHtmlCacheBehavior [ RunTime:0.000303s ]
INFO: [ view_filter ] --END-- [ RunTime:0.000345s ]
INFO: [ app_end ] --START--
INFO: Run Behavior\ShowPageTraceBehavior [ RunTime:0.000713s ]
INFO: [ app_end ] --END-- [ RunTime:0.000771s ]

[ 2017-09-16T16:22:10+08:00 ] 222.223.205.109 /Angelababy/
INFO: [ app_init ] --START--
INFO: Run Behavior\BuildLiteBehavior [ RunTime:0.000021s ]
INFO: [ app_init ] --END-- [ RunTime:0.000449s ]
INFO: [ app_begin ] --START--
INFO: Run Behavior\ReadHtmlCacheBehavior [ RunTime:0.001043s ]
INFO: [ app_begin ] --END-- [ RunTime:0.001130s ]
NOTIC: [8] Undefined index: uname /data/home/qxu1590220014/htdocs/Angelababy/Application/Home/Controller/BaseController.class.php 第 7 行.
NOTIC: [8] Undefined index: uname /data/home/qxu1590220014/htdocs/Angelababy/Application/Home/Controller/BaseController.class.php 第 7 行.
INFO: [ view_parse ] --START--
NOTIC: [2] file_get_contents(public/tpl/header.html): failed to open stream: No such file or directory /data/home/qxu1590220014/htdocs/Angelababy/ThinkPHP/Library/Think/Template.class.php 第 696 行.
NOTIC: [2] file_get_contents(public/tpl/footer.html): failed to open stream: No such file or directory /data/home/qxu1590220014/htdocs/Angelababy/ThinkPHP/Library/Think/Template.class.php 第 696 行.
INFO: [ template_filter ] --START--
INFO: Run Behavior\ContentReplaceBehavior [ RunTime:0.000222s ]
INFO: [ template_filter ] --END-- [ RunTime:0.000296s ]
INFO: Run Behavior\ParseTemplateBehavior [ RunTime:0.012822s ]
INFO: [ view_parse ] --END-- [ RunTime:0.012893s ]
INFO: [ view_filter ] --START--
INFO: Run Behavior\WriteHtmlCacheBehavior [ RunTime:0.000305s ]
INFO: [ view_filter ] --END-- [ RunTime:0.000349s ]
INFO: [ app_end ] --START--
INFO: Run Behavior\ShowPageTraceBehavior [ RunTime:0.000866s ]
INFO: [ app_end ] --END-- [ RunTime:0.000922s ]

[ 2017-09-16T16:22:31+08:00 ] 222.223.205.109 /Angelababy/
INFO: [ app_init ] --START--
INFO: Run Behavior\BuildLiteBehavior [ RunTime:0.000023s ]
INFO: [ app_init ] --END-- [ RunTime:0.000471s ]
INFO: [ app_begin ] --START--
INFO: Run Behavior\ReadHtmlCacheBehavior [ RunTime:0.000696s ]
INFO: [ app_begin ] --END-- [ RunTime:0.000754s ]
NOTIC: [8] Undefined index: uname /data/home/qxu1590220014/htdocs/Angelababy/Application/Home/Controller/BaseController.class.php 第 7 行.
NOTIC: [8] Undefined index: uname /data/home/qxu1590220014/htdocs/Angelababy/Application/Home/Controller/BaseController.class.php 第 7 行.
INFO: [ view_parse ] --START--
NOTIC: [2] file_get_contents(./public/tpl/header.html): failed to open stream: No such file or directory /data/home/qxu1590220014/htdocs/Angelababy/ThinkPHP/Library/Think/Template.class.php 第 696 行.
NOTIC: [2] file_get_contents(public/tpl/footer.html): failed to open stream: No such file or directory /data/home/qxu1590220014/htdocs/Angelababy/ThinkPHP/Library/Think/Template.class.php 第 696 行.
INFO: [ template_filter ] --START--
INFO: Run Behavior\ContentReplaceBehavior [ RunTime:0.000193s ]
INFO: [ template_filter ] --END-- [ RunTime:0.000247s ]
INFO: Run Behavior\ParseTemplateBehavior [ RunTime:0.012124s ]
INFO: [ view_parse ] --END-- [ RunTime:0.012179s ]
INFO: [ view_filter ] --START--
INFO: Run Behavior\WriteHtmlCacheBehavior [ RunTime:0.000294s ]
INFO: [ view_filter ] --END-- [ RunTime:0.000336s ]
INFO: [ app_end ] --START--
INFO: Run Behavior\ShowPageTraceBehavior [ RunTime:0.000579s ]
INFO: [ app_end ] --END-- [ RunTime:0.000626s ]

[ 2017-09-16T16:22:33+08:00 ] 222.223.205.109 /Angelababy/
INFO: [ app_init ] --START--
INFO: Run Behavior\BuildLiteBehavior [ RunTime:0.000022s ]
INFO: [ app_init ] --END-- [ RunTime:0.000445s ]
INFO: [ app_begin ] --START--
INFO: Run Behavior\ReadHtmlCacheBehavior [ RunTime:0.000684s ]
INFO: [ app_begin ] --END-- [ RunTime:0.000740s ]
NOTIC: [8] Undefined index: uname /data/home/qxu1590220014/htdocs/Angelababy/Application/Home/Controller/BaseController.class.php 第 7 行.
NOTIC: [8] Undefined index: uname /data/home/qxu1590220014/htdocs/Angelababy/Application/Home/Controller/BaseController.class.php 第 7 行.
INFO: [ view_parse ] --START--
NOTIC: [2] file_get_contents(./public/tpl/header.html): failed to open stream: No such file or directory /data/home/qxu1590220014/htdocs/Angelababy/ThinkPHP/Library/Think/Template.class.php 第 696 行.
NOTIC: [2] file_get_contents(public/tpl/footer.html): failed to open stream: No such file or directory /data/home/qxu1590220014/htdocs/Angelababy/ThinkPHP/Library/Think/Template.class.php 第 696 行.
INFO: [ template_filter ] --START--
INFO: Run Behavior\ContentReplaceBehavior [ RunTime:0.000212s ]
INFO: [ template_filter ] --END-- [ RunTime:0.000288s ]
INFO: Run Behavior\ParseTemplateBehavior [ RunTime:0.012220s ]
INFO: [ view_parse ] --END-- [ RunTime:0.012282s ]
INFO: [ view_filter ] --START--
INFO: Run Behavior\WriteHtmlCacheBehavior [ RunTime:0.000300s ]
INFO: [ view_filter ] --END-- [ RunTime:0.000342s ]
INFO: [ app_end ] --START--
INFO: Run Behavior\ShowPageTraceBehavior [ RunTime:0.000847s ]
INFO: [ app_end ] --END-- [ RunTime:0.000895s ]

[ 2017-09-16T16:22:33+08:00 ] 222.223.205.109 /Angelababy/
INFO: [ app_init ] --START--
INFO: Run Behavior\BuildLiteBehavior [ RunTime:0.000023s ]
INFO: [ app_init ] --END-- [ RunTime:0.000510s ]
INFO: [ app_begin ] --START--
INFO: Run Behavior\ReadHtmlCacheBehavior [ RunTime:0.000825s ]
INFO: [ app_begin ] --END-- [ RunTime:0.000882s ]
NOTIC: [8] Undefined index: uname /data/home/qxu1590220014/htdocs/Angelababy/Application/Home/Controller/BaseController.class.php 第 7 行.
NOTIC: [8] Undefined index: uname /data/home/qxu1590220014/htdocs/Angelababy/Application/Home/Controller/BaseController.class.php 第 7 行.
INFO: [ view_parse ] --START--
NOTIC: [2] file_get_contents(./public/tpl/header.html): failed to open stream: No such file or directory /data/home/qxu1590220014/htdocs/Angelababy/ThinkPHP/Library/Think/Template.class.php 第 696 行.
NOTIC: [2] file_get_contents(public/tpl/footer.html): failed to open stream: No such file or directory /data/home/qxu1590220014/htdocs/Angelababy/ThinkPHP/Library/Think/Template.class.php 第 696 行.
INFO: [ template_filter ] --START--
INFO: Run Behavior\ContentReplaceBehavior [ RunTime:0.000237s ]
INFO: [ template_filter ] --END-- [ RunTime:0.000320s ]
INFO: Run Behavior\ParseTemplateBehavior [ RunTime:0.013070s ]
INFO: [ view_parse ] --END-- [ RunTime:0.013122s ]
INFO: [ view_filter ] --START--
INFO: Run Behavior\WriteHtmlCacheBehavior [ RunTime:0.000345s ]
INFO: [ view_filter ] --END-- [ RunTime:0.000400s ]
INFO: [ app_end ] --START--
INFO: Run Behavior\ShowPageTraceBehavior [ RunTime:0.000672s ]
INFO: [ app_end ] --END-- [ RunTime:0.000721s ]

[ 2017-09-16T16:22:33+08:00 ] 222.223.205.109 /Angelababy/
INFO: [ app_init ] --START--
INFO: Run Behavior\BuildLiteBehavior [ RunTime:0.000017s ]
INFO: [ app_init ] --END-- [ RunTime:0.000429s ]
INFO: [ app_begin ] --START--
INFO: Run Behavior\ReadHtmlCacheBehavior [ RunTime:0.000691s ]
INFO: [ app_begin ] --END-- [ RunTime:0.000746s ]
NOTIC: [8] Undefined index: uname /data/home/qxu1590220014/htdocs/Angelababy/Application/Home/Controller/BaseController.class.php 第 7 行.
NOTIC: [8] Undefined index: uname /data/home/qxu1590220014/htdocs/Angelababy/Application/Home/Controller/BaseController.class.php 第 7 行.
INFO: [ view_parse ] --START--
NOTIC: [2] file_get_contents(./public/tpl/header.html): failed to open stream: No such file or directory /data/home/qxu1590220014/htdocs/Angelababy/ThinkPHP/Library/Think/Template.class.php 第 696 行.
NOTIC: [2] file_get_contents(public/tpl/footer.html): failed to open stream: No such file or directory /data/home/qxu1590220014/htdocs/Angelababy/ThinkPHP/Library/Think/Template.class.php 第 696 行.
INFO: [ template_filter ] --START--
INFO: Run Behavior\ContentReplaceBehavior [ RunTime:0.000229s ]
INFO: [ template_filter ] --END-- [ RunTime:0.000320s ]
INFO: Run Behavior\ParseTemplateBehavior [ RunTime:0.012853s ]
INFO: [ view_parse ] --END-- [ RunTime:0.012908s ]
INFO: [ view_filter ] --START--
INFO: Run Behavior\WriteHtmlCacheBehavior [ RunTime:0.000328s ]
INFO: [ view_filter ] --END-- [ RunTime:0.000373s ]
INFO: [ app_end ] --START--
INFO: Run Behavior\ShowPageTraceBehavior [ RunTime:0.000725s ]
INFO: [ app_end ] --END-- [ RunTime:0.000790s ]

[ 2017-09-16T16:25:42+08:00 ] 222.223.205.109 /Angelababy/
INFO: [ app_init ] --START--
INFO: Run Behavior\BuildLiteBehavior [ RunTime:0.000022s ]
INFO: [ app_init ] --END-- [ RunTime:0.000428s ]
INFO: [ app_begin ] --START--
INFO: Run Behavior\ReadHtmlCacheBehavior [ RunTime:0.000668s ]
INFO: [ app_begin ] --END-- [ RunTime:0.000724s ]
NOTIC: [8] Undefined index: uname /data/home/qxu1590220014/htdocs/Angelababy/Application/Home/Controller/BaseController.class.php 第 7 行.
NOTIC: [8] Undefined index: uname /data/home/qxu1590220014/htdocs/Angelababy/Application/Home/Controller/BaseController.class.php 第 7 行.
INFO: [ view_parse ] --START--
NOTIC: [2] file_get_contents(./public/tpl/header.html): failed to open stream: No such file or directory /data/home/qxu1590220014/htdocs/Angelababy/ThinkPHP/Library/Think/Template.class.php 第 696 行.
NOTIC: [2] file_get_contents(public/tpl/footer.html): failed to open stream: No such file or directory /data/home/qxu1590220014/htdocs/Angelababy/ThinkPHP/Library/Think/Template.class.php 第 696 行.
INFO: [ template_filter ] --START--
INFO: Run Behavior\ContentReplaceBehavior [ RunTime:0.000193s ]
INFO: [ template_filter ] --END-- [ RunTime:0.000246s ]
NOTIC: [2] require(./public/tpl/header.html): failed to open stream: No such file or directory /data/home/qxu1590220014/htdocs/Angelababy/Application/Runtime/Cache/Home/2a94b8bda04ff446dcedd42276fc99ee.php 第 13 行.

[ 2017-09-16T16:25:50+08:00 ] 222.223.205.109 /Angelababy/
INFO: [ app_init ] --START--
INFO: Run Behavior\BuildLiteBehavior [ RunTime:0.000018s ]
INFO: [ app_init ] --END-- [ RunTime:0.000477s ]
INFO: [ app_begin ] --START--
INFO: Run Behavior\ReadHtmlCacheBehavior [ RunTime:0.000704s ]
INFO: [ app_begin ] --END-- [ RunTime:0.000759s ]
NOTIC: [8] Undefined index: uname /data/home/qxu1590220014/htdocs/Angelababy/Application/Home/Controller/BaseController.class.php 第 7 行.
NOTIC: [8] Undefined index: uname /data/home/qxu1590220014/htdocs/Angelababy/Application/Home/Controller/BaseController.class.php 第 7 行.
INFO: [ view_parse ] --START--
NOTIC: [2] file_get_contents(./public/tpl/header.html): failed to open stream: No such file or directory /data/home/qxu1590220014/htdocs/Angelababy/ThinkPHP/Library/Think/Template.class.php 第 696 行.
NOTIC: [2] file_get_contents(public/tpl/footer.html): failed to open stream: No such file or directory /data/home/qxu1590220014/htdocs/Angelababy/ThinkPHP/Library/Think/Template.class.php 第 696 行.
INFO: [ template_filter ] --START--
INFO: Run Behavior\ContentReplaceBehavior [ RunTime:0.000198s ]
INFO: [ template_filter ] --END-- [ RunTime:0.000251s ]
NOTIC: [2] require(public/tpl/header.html): failed to open stream: No such file or directory /data/home/qxu1590220014/htdocs/Angelababy/Application/Runtime/Cache/Home/2a94b8bda04ff446dcedd42276fc99ee.php 第 13 行.

[ 2017-09-16T16:25:50+08:00 ] 222.223.205.109 /Angelababy/
INFO: [ app_init ] --START--
INFO: Run Behavior\BuildLiteBehavior [ RunTime:0.000018s ]
INFO: [ app_init ] --END-- [ RunTime:0.000447s ]
INFO: [ app_begin ] --START--
INFO: Run Behavior\ReadHtmlCacheBehavior [ RunTime:0.000677s ]
INFO: [ app_begin ] --END-- [ RunTime:0.000749s ]
NOTIC: [8] Undefined index: uname /data/home/qxu1590220014/htdocs/Angelababy/Application/Home/Controller/BaseController.class.php 第 7 行.
NOTIC: [8] Undefined index: uname /data/home/qxu1590220014/htdocs/Angelababy/Application/Home/Controller/BaseController.class.php 第 7 行.
INFO: [ view_parse ] --START--
NOTIC: [2] file_get_contents(./public/tpl/header.html): failed to open stream: No such file or directory /data/home/qxu1590220014/htdocs/Angelababy/ThinkPHP/Library/Think/Template.class.php 第 696 行.
NOTIC: [2] file_get_contents(public/tpl/footer.html): failed to open stream: No such file or directory /data/home/qxu1590220014/htdocs/Angelababy/ThinkPHP/Library/Think/Template.class.php 第 696 行.
INFO: [ template_filter ] --START--
INFO: Run Behavior\ContentReplaceBehavior [ RunTime:0.000201s ]
INFO: [ template_filter ] --END-- [ RunTime:0.000264s ]
NOTIC: [2] require(public/tpl/header.html): failed to open stream: No such file or directory /data/home/qxu1590220014/htdocs/Angelababy/Application/Runtime/Cache/Home/2a94b8bda04ff446dcedd42276fc99ee.php 第 13 行.

[ 2017-09-16T16:25:51+08:00 ] 222.223.205.109 /Angelababy/
INFO: [ app_init ] --START--
INFO: Run Behavior\BuildLiteBehavior [ RunTime:0.000023s ]
INFO: [ app_init ] --END-- [ RunTime:0.000472s ]
INFO: [ app_begin ] --START--
INFO: Run Behavior\ReadHtmlCacheBehavior [ RunTime:0.000690s ]
INFO: [ app_begin ] --END-- [ RunTime:0.000749s ]
NOTIC: [8] Undefined index: uname /data/home/qxu1590220014/htdocs/Angelababy/Application/Home/Controller/BaseController.class.php 第 7 行.
NOTIC: [8] Undefined index: uname /data/home/qxu1590220014/htdocs/Angelababy/Application/Home/Controller/BaseController.class.php 第 7 行.
INFO: [ view_parse ] --START--
NOTIC: [2] file_get_contents(./public/tpl/header.html): failed to open stream: No such file or directory /data/home/qxu1590220014/htdocs/Angelababy/ThinkPHP/Library/Think/Template.class.php 第 696 行.
NOTIC: [2] file_get_contents(public/tpl/footer.html): failed to open stream: No such file or directory /data/home/qxu1590220014/htdocs/Angelababy/ThinkPHP/Library/Think/Template.class.php 第 696 行.
INFO: [ template_filter ] --START--
INFO: Run Behavior\ContentReplaceBehavior [ RunTime:0.000201s ]
INFO: [ template_filter ] --END-- [ RunTime:0.000260s ]
NOTIC: [2] require(public/tpl/header.html): failed to open stream: No such file or directory /data/home/qxu1590220014/htdocs/Angelababy/Application/Runtime/Cache/Home/2a94b8bda04ff446dcedd42276fc99ee.php 第 13 行.

[ 2017-09-16T16:25:51+08:00 ] 222.223.205.109 /Angelababy/
INFO: [ app_init ] --START--
INFO: Run Behavior\BuildLiteBehavior [ RunTime:0.000018s ]
INFO: [ app_init ] --END-- [ RunTime:0.000432s ]
INFO: [ app_begin ] --START--
INFO: Run Behavior\ReadHtmlCacheBehavior [ RunTime:0.000696s ]
INFO: [ app_begin ] --END-- [ RunTime:0.000754s ]
NOTIC: [8] Undefined index: uname /data/home/qxu1590220014/htdocs/Angelababy/Application/Home/Controller/BaseController.class.php 第 7 行.
NOTIC: [8] Undefined index: uname /data/home/qxu1590220014/htdocs/Angelababy/Application/Home/Controller/BaseController.class.php 第 7 行.
INFO: [ view_parse ] --START--
NOTIC: [2] file_get_contents(./public/tpl/header.html): failed to open stream: No such file or directory /data/home/qxu1590220014/htdocs/Angelababy/ThinkPHP/Library/Think/Template.class.php 第 696 行.
NOTIC: [2] file_get_contents(public/tpl/footer.html): failed to open stream: No such file or directory /data/home/qxu1590220014/htdocs/Angelababy/ThinkPHP/Library/Think/Template.class.php 第 696 行.
INFO: [ template_filter ] --START--
INFO: Run Behavior\ContentReplaceBehavior [ RunTime:0.000197s ]
INFO: [ template_filter ] --END-- [ RunTime:0.000253s ]
NOTIC: [2] require(public/tpl/header.html): failed to open stream: No such file or directory /data/home/qxu1590220014/htdocs/Angelababy/Application/Runtime/Cache/Home/2a94b8bda04ff446dcedd42276fc99ee.php 第 13 行.

[ 2017-09-16T16:26:00+08:00 ] 222.223.205.109 /Angelababy/
INFO: [ app_init ] --START--
INFO: Run Behavior\BuildLiteBehavior [ RunTime:0.000021s ]
INFO: [ app_init ] --END-- [ RunTime:0.000454s ]
INFO: [ app_begin ] --START--
INFO: Run Behavior\ReadHtmlCacheBehavior [ RunTime:0.000699s ]
INFO: [ app_begin ] --END-- [ RunTime:0.000765s ]
NOTIC: [8] Undefined index: uname /data/home/qxu1590220014/htdocs/Angelababy/Application/Home/Controller/BaseController.class.php 第 7 行.
NOTIC: [8] Undefined index: uname /data/home/qxu1590220014/htdocs/Angelababy/Application/Home/Controller/BaseController.class.php 第 7 行.
INFO: [ view_parse ] --START--
NOTIC: [2] file_get_contents(public/tpl/footer.html): failed to open stream: No such file or directory /data/home/qxu1590220014/htdocs/Angelababy/ThinkPHP/Library/Think/Template.class.php 第 696 行.
INFO: [ template_filter ] --START--
INFO: Run Behavior\ContentReplaceBehavior [ RunTime:0.000283s ]
INFO: [ template_filter ] --END-- [ RunTime:0.000367s ]
NOTIC: [8] Undefined variable: uname /data/home/qxu1590220014/htdocs/Angelababy/Application/Runtime/Cache/Home/2a94b8bda04ff446dcedd42276fc99ee.php 第 48 行.
NOTIC: [8] Undefined variable: arr /data/home/qxu1590220014/htdocs/Angelababy/Application/Runtime/Cache/Home/2a94b8bda04ff446dcedd42276fc99ee.php 第 67 行.
NOTIC: [8] Undefined variable: arr /data/home/qxu1590220014/htdocs/Angelababy/Application/Runtime/Cache/Home/2a94b8bda04ff446dcedd42276fc99ee.php 第 73 行.
INFO: Run Behavior\ParseTemplateBehavior [ RunTime:0.016226s ]
INFO: [ view_parse ] --END-- [ RunTime:0.016275s ]
INFO: [ view_filter ] --START--
INFO: Run Behavior\WriteHtmlCacheBehavior [ RunTime:0.000310s ]
INFO: [ view_filter ] --END-- [ RunTime:0.000350s ]
INFO: [ app_end ] --START--
INFO: Run Behavior\ShowPageTraceBehavior [ RunTime:0.000681s ]
INFO: [ app_end ] --END-- [ RunTime:0.000753s ]

[ 2017-09-16T16:26:11+08:00 ] 222.223.205.109 /Angelababy/
INFO: [ app_init ] --START--
INFO: Run Behavior\BuildLiteBehavior [ RunTime:0.000064s ]
INFO: [ app_init ] --END-- [ RunTime:0.000626s ]
INFO: [ app_begin ] --START--
INFO: Run Behavior\ReadHtmlCacheBehavior [ RunTime:0.000990s ]
INFO: [ app_begin ] --END-- [ RunTime:0.001062s ]
NOTIC: [8] Undefined index: uname /data/home/qxu1590220014/htdocs/Angelababy/Application/Home/Controller/BaseController.class.php 第 7 行.
NOTIC: [8] Undefined index: uname /data/home/qxu1590220014/htdocs/Angelababy/Application/Home/Controller/BaseController.class.php 第 7 行.
INFO: [ view_parse ] --START--
INFO: [ template_filter ] --START--
INFO: Run Behavior\ContentReplaceBehavior [ RunTime:0.000304s ]
INFO: [ template_filter ] --END-- [ RunTime:0.000403s ]
NOTIC: [8] Undefined variable: uname /data/home/qxu1590220014/htdocs/Angelababy/Application/Runtime/Cache/Home/2a94b8bda04ff446dcedd42276fc99ee.php 第 48 行.
NOTIC: [8] Undefined variable: arr /data/home/qxu1590220014/htdocs/Angelababy/Application/Runtime/Cache/Home/2a94b8bda04ff446dcedd42276fc99ee.php 第 67 行.
NOTIC: [8] Undefined variable: arr /data/home/qxu1590220014/htdocs/Angelababy/Application/Runtime/Cache/Home/2a94b8bda04ff446dcedd42276fc99ee.php 第 73 行.
INFO: Run Behavior\ParseTemplateBehavior [ RunTime:0.019046s ]
INFO: [ view_parse ] --END-- [ RunTime:0.019096s ]
INFO: [ view_filter ] --START--
INFO: Run Behavior\WriteHtmlCacheBehavior [ RunTime:0.000451s ]
INFO: [ view_filter ] --END-- [ RunTime:0.000498s ]
INFO: [ app_end ] --START--
INFO: Run Behavior\ShowPageTraceBehavior [ RunTime:0.000868s ]
INFO: [ app_end ] --END-- [ RunTime:0.000985s ]

[ 2017-09-16T16:27:22+08:00 ] 222.223.205.109 /Angelababy/
INFO: [ app_init ] --START--
INFO: Run Behavior\BuildLiteBehavior [ RunTime:0.000025s ]
INFO: [ app_init ] --END-- [ RunTime:0.000501s ]
INFO: [ app_begin ] --START--
INFO: Run Behavior\ReadHtmlCacheBehavior [ RunTime:0.000704s ]
INFO: [ app_begin ] --END-- [ RunTime:0.000764s ]
NOTIC: [8] Undefined index: uname /data/home/qxu1590220014/htdocs/Angelababy/Application/Home/Controller/BaseController.class.php 第 7 行.
NOTIC: [8] Undefined index: uname /data/home/qxu1590220014/htdocs/Angelababy/Application/Home/Controller/BaseController.class.php 第 7 行.
INFO: [ view_parse ] --START--
INFO: [ template_filter ] --START--
INFO: Run Behavior\ContentReplaceBehavior [ RunTime:0.000326s ]
INFO: [ template_filter ] --END-- [ RunTime:0.000401s ]
NOTIC: [8] Undefined variable: uname /data/home/qxu1590220014/htdocs/Angelababy/Application/Runtime/Cache/Home/2a94b8bda04ff446dcedd42276fc99ee.php 第 48 行.
NOTIC: [8] Undefined variable: arr /data/home/qxu1590220014/htdocs/Angelababy/Application/Runtime/Cache/Home/2a94b8bda04ff446dcedd42276fc99ee.php 第 67 行.
NOTIC: [8] Undefined variable: arr /data/home/qxu1590220014/htdocs/Angelababy/Application/Runtime/Cache/Home/2a94b8bda04ff446dcedd42276fc99ee.php 第 73 行.
INFO: Run Behavior\ParseTemplateBehavior [ RunTime:0.018922s ]
INFO: [ view_parse ] --END-- [ RunTime:0.018971s ]
INFO: [ view_filter ] --START--
INFO: Run Behavior\WriteHtmlCacheBehavior [ RunTime:0.000314s ]
INFO: [ view_filter ] --END-- [ RunTime:0.000356s ]
INFO: [ app_end ] --START--
INFO: Run Behavior\ShowPageTraceBehavior [ RunTime:0.000630s ]
INFO: [ app_end ] --END-- [ RunTime:0.000691s ]

[ 2017-09-16T16:33:41+08:00 ] 222.223.205.109 /Angelababy/
INFO: [ app_init ] --START--
INFO: Run Behavior\BuildLiteBehavior [ RunTime:0.000023s ]
INFO: [ app_init ] --END-- [ RunTime:0.000498s ]
INFO: [ app_begin ] --START--
INFO: Run Behavior\ReadHtmlCacheBehavior [ RunTime:0.000771s ]
INFO: [ app_begin ] --END-- [ RunTime:0.000829s ]
NOTIC: [8] Undefined index: uname /data/home/qxu1590220014/htdocs/Angelababy/Application/Home/Controller/BaseController.class.php 第 7 行.
NOTIC: [8] Undefined index: uname /data/home/qxu1590220014/htdocs/Angelababy/Application/Home/Controller/BaseController.class.php 第 7 行.
INFO: [ view_parse ] --START--
INFO: [ template_filter ] --START--
INFO: Run Behavior\ContentReplaceBehavior [ RunTime:0.000335s ]
INFO: [ template_filter ] --END-- [ RunTime:0.000418s ]
NOTIC: [8] Undefined variable: uname /data/home/qxu1590220014/htdocs/Angelababy/Application/Runtime/Cache/Home/2a94b8bda04ff446dcedd42276fc99ee.php 第 48 行.
NOTIC: [8] Undefined variable: arr /data/home/qxu1590220014/htdocs/Angelababy/Application/Runtime/Cache/Home/2a94b8bda04ff446dcedd42276fc99ee.php 第 67 行.
NOTIC: [8] Undefined variable: arr /data/home/qxu1590220014/htdocs/Angelababy/Application/Runtime/Cache/Home/2a94b8bda04ff446dcedd42276fc99ee.php 第 73 行.
INFO: Run Behavior\ParseTemplateBehavior [ RunTime:0.020278s ]
INFO: [ view_parse ] --END-- [ RunTime:0.020338s ]
INFO: [ view_filter ] --START--
INFO: Run Behavior\WriteHtmlCacheBehavior [ RunTime:0.000317s ]
INFO: [ view_filter ] --END-- [ RunTime:0.000359s ]
INFO: [ app_end ] --START--
INFO: Run Behavior\ShowPageTraceBehavior [ RunTime:0.000655s ]
INFO: [ app_end ] --END-- [ RunTime:0.000703s ]

[ 2017-09-16T16:35:46+08:00 ] 222.223.205.109 /Angelababy/
INFO: [ app_init ] --START--
INFO: Run Behavior\BuildLiteBehavior [ RunTime:0.000023s ]
INFO: [ app_init ] --END-- [ RunTime:0.000466s ]
INFO: [ app_begin ] --START--
INFO: Run Behavior\ReadHtmlCacheBehavior [ RunTime:0.000717s ]
INFO: [ app_begin ] --END-- [ RunTime:0.000774s ]
NOTIC: [8] Undefined index: uname /data/home/qxu1590220014/htdocs/Angelababy/Application/Home/Controller/BaseController.class.php 第 7 行.
NOTIC: [8] Undefined index: uname /data/home/qxu1590220014/htdocs/Angelababy/Application/Home/Controller/BaseController.class.php 第 7 行.
INFO: [ view_parse ] --START--
INFO: [ template_filter ] --START--
INFO: Run Behavior\ContentReplaceBehavior [ RunTime:0.000387s ]
INFO: [ template_filter ] --END-- [ RunTime:0.000473s ]
NOTIC: [8] Undefined variable: uname /data/home/qxu1590220014/htdocs/Angelababy/Application/Runtime/Cache/Home/2a94b8bda04ff446dcedd42276fc99ee.php 第 48 行.
NOTIC: [8] Undefined variable: arr /data/home/qxu1590220014/htdocs/Angelababy/Application/Runtime/Cache/Home/2a94b8bda04ff446dcedd42276fc99ee.php 第 67 行.
NOTIC: [8] Undefined variable: arr /data/home/qxu1590220014/htdocs/Angelababy/Application/Runtime/Cache/Home/2a94b8bda04ff446dcedd42276fc99ee.php 第 73 行.
INFO: Run Behavior\ParseTemplateBehavior [ RunTime:0.018967s ]
INFO: [ view_parse ] --END-- [ RunTime:0.019015s ]
INFO: [ view_filter ] --START--
INFO: Run Behavior\WriteHtmlCacheBehavior [ RunTime:0.000330s ]
INFO: [ view_filter ] --END-- [ RunTime:0.000372s ]
INFO: [ app_end ] --START--
INFO: Run Behavior\ShowPageTraceBehavior [ RunTime:0.000647s ]
INFO: [ app_end ] --END-- [ RunTime:0.000701s ]

