[ 2017-09-14T16:10:36+08:00 ] ::1 /code/Angelababy/Public/image/575692160a7c882237.jpg!thumb220.jpg
INFO: [ app_init ] --START--
INFO: Run Behavior\BuildLiteBehavior [ RunTime:0.000026s ]
INFO: [ app_init ] --END-- [ RunTime:0.000700s ]

[ 2017-09-14T16:10:36+08:00 ] ::1 /code/Angelababy/Public/image/564acb7e6cf8474119.jpg!thumb220.jpg
INFO: [ app_init ] --START--
INFO: Run Behavior\BuildLiteBehavior [ RunTime:0.000023s ]
INFO: [ app_init ] --END-- [ RunTime:0.000622s ]

[ 2017-09-14T16:10:36+08:00 ] ::1 /code/Angelababy/Public/image/561e03a60e3cb47662.jpg!thumb220.jpg
INFO: [ app_init ] --START--
INFO: Run Behavior\BuildLiteBehavior [ RunTime:0.000022s ]
INFO: [ app_init ] --END-- [ RunTime:0.000652s ]

[ 2017-09-14T16:10:36+08:00 ] ::1 /code/Angelababy/Public/image/57a7ec157bbcc60544.jpg!thumb220.jpg
INFO: [ app_init ] --START--
INFO: Run Behavior\BuildLiteBehavior [ RunTime:0.000065s ]
INFO: [ app_init ] --END-- [ RunTime:0.002228s ]

[ 2017-09-14T16:10:36+08:00 ] ::1 /code/Angelababy/Public/image/56a1c5610604b12775.jpg!thumb220.jpg
INFO: [ app_init ] --START--
INFO: Run Behavior\BuildLiteBehavior [ RunTime:0.000022s ]
INFO: [ app_init ] --END-- [ RunTime:0.000622s ]

[ 2017-09-14T16:10:36+08:00 ] ::1 /code/Angelababy/Public/image/5795a7a49ed5238759.jpg!thumb220.jpg
INFO: [ app_init ] --START--
INFO: Run Behavior\BuildLiteBehavior [ RunTime:0.000032s ]
INFO: [ app_init ] --END-- [ RunTime:0.002096s ]

[ 2017-09-14T16:10:36+08:00 ] ::1 /code/Angelababy/Public/image/5621b24e25e6248824.jpg!thumb220.jpg
INFO: [ app_init ] --START--
INFO: Run Behavior\BuildLiteBehavior [ RunTime:0.000026s ]
INFO: [ app_init ] --END-- [ RunTime:0.000690s ]

[ 2017-09-14T16:10:36+08:00 ] ::1 /code/Angelababy/Public/image/570c92e64879a59695.jpg!thumb220.jpg
INFO: [ app_init ] --START--
INFO: Run Behavior\BuildLiteBehavior [ RunTime:0.000024s ]
INFO: [ app_init ] --END-- [ RunTime:0.000724s ]

[ 2017-09-14T16:10:36+08:00 ] ::1 /code/Angelababy/Public/image/56374099cdb9d66161.jpg!thumb220.jpg
INFO: [ app_init ] --START--
INFO: Run Behavior\BuildLiteBehavior [ RunTime:0.000023s ]
INFO: [ app_init ] --END-- [ RunTime:0.000710s ]

[ 2017-09-14T16:10:36+08:00 ] ::1 /code/Angelababy/Public/image/57a7ec1a861e266358.jpg
INFO: [ app_init ] --START--
INFO: Run Behavior\BuildLiteBehavior [ RunTime:0.000025s ]
INFO: [ app_init ] --END-- [ RunTime:0.000616s ]

[ 2017-09-14T16:10:36+08:00 ] ::1 /code/Angelababy/Public/image/54365f91e130911892.jpg
INFO: [ app_init ] --START--
INFO: Run Behavior\BuildLiteBehavior [ RunTime:0.000024s ]
INFO: [ app_init ] --END-- [ RunTime:0.000935s ]

[ 2017-09-14T16:10:36+08:00 ] ::1 /code/Angelababy/Public/image/576263b788bec69039.jpg
INFO: [ app_init ] --START--
INFO: Run Behavior\BuildLiteBehavior [ RunTime:0.000025s ]
INFO: [ app_init ] --END-- [ RunTime:0.000648s ]

[ 2017-09-14T16:10:36+08:00 ] ::1 /code/Angelababy/Public/image/5637446e2d5ee67837.jpg
INFO: [ app_init ] --START--
INFO: Run Behavior\BuildLiteBehavior [ RunTime:0.000022s ]
INFO: [ app_init ] --END-- [ RunTime:0.000672s ]

[ 2017-09-14T16:10:36+08:00 ] ::1 /code/Angelababy/Public/image/577b6c126884c98714.jpg
INFO: [ app_init ] --START--
INFO: Run Behavior\BuildLiteBehavior [ RunTime:0.000025s ]
INFO: [ app_init ] --END-- [ RunTime:0.000688s ]

[ 2017-09-14T16:10:36+08:00 ] ::1 /code/Angelababy/Public/image/546d95ada3e2084497.jpg
INFO: [ app_init ] --START--
INFO: Run Behavior\BuildLiteBehavior [ RunTime:0.000026s ]
INFO: [ app_init ] --END-- [ RunTime:0.000770s ]

[ 2017-09-14T16:10:36+08:00 ] ::1 /code/Angelababy/Public/image/5735403d0846721870.jpg!thumb220.jpg
INFO: [ app_init ] --START--
INFO: Run Behavior\BuildLiteBehavior [ RunTime:0.000131s ]
INFO: [ app_init ] --END-- [ RunTime:0.001524s ]

[ 2017-09-14T16:10:36+08:00 ] ::1 /code/Angelababy/Public/image/57ba9c0ec94f532807.jpg
INFO: [ app_init ] --START--
INFO: Run Behavior\BuildLiteBehavior [ RunTime:0.000022s ]
INFO: [ app_init ] --END-- [ RunTime:0.000599s ]

[ 2017-09-14T16:10:36+08:00 ] ::1 /code/Angelababy/Public/image/578c93155055245327.jpg!thumb220.jpg
INFO: [ app_init ] --START--
INFO: Run Behavior\BuildLiteBehavior [ RunTime:0.000022s ]
INFO: [ app_init ] --END-- [ RunTime:0.000652s ]

[ 2017-09-14T16:10:36+08:00 ] ::1 /code/Angelababy/Public/image/575d09b78457490925.jpg
INFO: [ app_init ] --START--
INFO: Run Behavior\BuildLiteBehavior [ RunTime:0.000022s ]
INFO: [ app_init ] --END-- [ RunTime:0.000613s ]

[ 2017-09-14T16:10:36+08:00 ] ::1 /code/Angelababy/Public/image/563745f67f45545765.jpg
INFO: [ app_init ] --START--
INFO: Run Behavior\BuildLiteBehavior [ RunTime:0.000025s ]
INFO: [ app_init ] --END-- [ RunTime:0.000677s ]

[ 2017-09-14T16:10:36+08:00 ] ::1 /code/Angelababy/Public/image/57a7ed6d65ca628543.jpg!thumb220.jpg
INFO: [ app_init ] --START--
INFO: Run Behavior\BuildLiteBehavior [ RunTime:0.000025s ]
INFO: [ app_init ] --END-- [ RunTime:0.000657s ]

[ 2017-09-14T16:10:36+08:00 ] ::1 /code/Angelababy/Public/image/56d80b511c3ce57438.jpg!thumb220.jpg
INFO: [ app_init ] --START--
INFO: Run Behavior\BuildLiteBehavior [ RunTime:0.000023s ]
INFO: [ app_init ] --END-- [ RunTime:0.000644s ]

[ 2017-09-14T16:10:36+08:00 ] ::1 /code/Angelababy/Public/image/57a06a2a9621c72275.jpg!thumb220.jpg
INFO: [ app_init ] --START--
INFO: Run Behavior\BuildLiteBehavior [ RunTime:0.000028s ]
INFO: [ app_init ] --END-- [ RunTime:0.000876s ]

[ 2017-09-14T16:10:36+08:00 ] ::1 /code/Angelababy/Public/image/572dd7f1e9cd873807.jpg
INFO: [ app_init ] --START--
INFO: Run Behavior\BuildLiteBehavior [ RunTime:0.000025s ]
INFO: [ app_init ] --END-- [ RunTime:0.000617s ]

[ 2017-09-14T16:10:36+08:00 ] ::1 /code/Angelababy/Public/image/56efc9c440cbd49231.jpg!thumb220.jpg
INFO: [ app_init ] --START--
INFO: Run Behavior\BuildLiteBehavior [ RunTime:0.000026s ]
INFO: [ app_init ] --END-- [ RunTime:0.002134s ]

[ 2017-09-14T16:10:36+08:00 ] ::1 /code/Angelababy/Public/image/579f0829b30f234760.jpg!thumb220.jpg
INFO: [ app_init ] --START--
INFO: Run Behavior\BuildLiteBehavior [ RunTime:0.000023s ]
INFO: [ app_init ] --END-- [ RunTime:0.001058s ]

[ 2017-09-14T16:10:36+08:00 ] ::1 /code/Angelababy/Public/image/57999e60595cc76713.jpg!thumb220.jpg
INFO: [ app_init ] --START--
INFO: Run Behavior\BuildLiteBehavior [ RunTime:0.000058s ]
INFO: [ app_init ] --END-- [ RunTime:0.001449s ]

[ 2017-09-14T16:10:36+08:00 ] ::1 /code/Angelababy/Public/image/57abedd5de18716300.jpg
INFO: [ app_init ] --START--
INFO: Run Behavior\BuildLiteBehavior [ RunTime:0.000106s ]
INFO: [ app_init ] --END-- [ RunTime:0.002688s ]

[ 2017-09-14T16:10:36+08:00 ] ::1 /code/Angelababy/Public/image/5640736873a2c18944.jpg!thumb220.jpg
INFO: [ app_init ] --START--
INFO: Run Behavior\BuildLiteBehavior [ RunTime:0.000023s ]
INFO: [ app_init ] --END-- [ RunTime:0.000687s ]

[ 2017-09-14T16:10:36+08:00 ] ::1 /code/Angelababy/Public/image/57b57aef8494e47741.jpg!thumb220.jpg
INFO: [ app_init ] --START--
INFO: Run Behavior\BuildLiteBehavior [ RunTime:0.000027s ]
INFO: [ app_init ] --END-- [ RunTime:0.000625s ]

[ 2017-09-14T16:10:36+08:00 ] ::1 /code/Angelababy/Public/image/5640735e3712687063.jpg!thumb220.jpg
INFO: [ app_init ] --START--
INFO: Run Behavior\BuildLiteBehavior [ RunTime:0.000109s ]
INFO: [ app_init ] --END-- [ RunTime:0.001668s ]

[ 2017-09-14T16:10:36+08:00 ] ::1 /code/Angelababy/Public/image/5791bd17030f814166.jpg!thumb220.jpg
INFO: [ app_init ] --START--
INFO: Run Behavior\BuildLiteBehavior [ RunTime:0.000026s ]
INFO: [ app_init ] --END-- [ RunTime:0.000734s ]

[ 2017-09-14T16:10:36+08:00 ] ::1 /code/Angelababy/Public/image/56373fa13b56c34127.png
INFO: [ app_init ] --START--
INFO: Run Behavior\BuildLiteBehavior [ RunTime:0.000024s ]
INFO: [ app_init ] --END-- [ RunTime:0.000697s ]

[ 2017-09-14T16:10:36+08:00 ] ::1 /code/Angelababy/Public/image/56373fb8003cd56580.png
INFO: [ app_init ] --START--
INFO: Run Behavior\BuildLiteBehavior [ RunTime:0.000027s ]
INFO: [ app_init ] --END-- [ RunTime:0.000709s ]

[ 2017-09-14T16:10:36+08:00 ] ::1 /code/Angelababy/Public/image/5735400e523ca84322.jpg!thumb220.jpg
INFO: [ app_init ] --START--
INFO: Run Behavior\BuildLiteBehavior [ RunTime:0.000022s ]
INFO: [ app_init ] --END-- [ RunTime:0.000649s ]

[ 2017-09-14T16:10:36+08:00 ] ::1 /code/Angelababy/Public/image/56373fabc52f380458.png
INFO: [ app_init ] --START--
INFO: Run Behavior\BuildLiteBehavior [ RunTime:0.000021s ]
INFO: [ app_init ] --END-- [ RunTime:0.000646s ]

[ 2017-09-14T16:10:36+08:00 ] ::1 /code/Angelababy/Public/image/56373f338aecd36882.png
INFO: [ app_init ] --START--
INFO: Run Behavior\BuildLiteBehavior [ RunTime:0.000024s ]
INFO: [ app_init ] --END-- [ RunTime:0.001542s ]

[ 2017-09-14T16:10:36+08:00 ] ::1 /code/Angelababy/Public/image/56373fdd10c0287862.png
INFO: [ app_init ] --START--
INFO: Run Behavior\BuildLiteBehavior [ RunTime:0.000021s ]
INFO: [ app_init ] --END-- [ RunTime:0.000895s ]

[ 2017-09-14T16:10:36+08:00 ] ::1 /code/Angelababy/Public/image/56373f0942efb91911.png
INFO: [ app_init ] --START--
INFO: Run Behavior\BuildLiteBehavior [ RunTime:0.000022s ]
INFO: [ app_init ] --END-- [ RunTime:0.000658s ]

[ 2017-09-14T16:10:36+08:00 ] ::1 /code/Angelababy/Public/image/56373fca146c696076.png
INFO: [ app_init ] --START--
INFO: Run Behavior\BuildLiteBehavior [ RunTime:0.000023s ]
INFO: [ app_init ] --END-- [ RunTime:0.000864s ]

[ 2017-09-14T16:10:36+08:00 ] ::1 /code/Angelababy/Public/image/56373ffa60d3c70098.png
INFO: [ app_init ] --START--
INFO: Run Behavior\BuildLiteBehavior [ RunTime:0.000026s ]
INFO: [ app_init ] --END-- [ RunTime:0.000743s ]

[ 2017-09-14T16:10:57+08:00 ] ::1 /code/Angelababy/Public/image/575692160a7c882237.jpg!thumb220.jpg
INFO: [ app_init ] --START--
INFO: Run Behavior\BuildLiteBehavior [ RunTime:0.000025s ]
INFO: [ app_init ] --END-- [ RunTime:0.000661s ]

[ 2017-09-14T16:10:57+08:00 ] ::1 /code/Angelababy/Public/image/564acb7e6cf8474119.jpg!thumb220.jpg
INFO: [ app_init ] --START--
INFO: Run Behavior\BuildLiteBehavior [ RunTime:0.000025s ]
INFO: [ app_init ] --END-- [ RunTime:0.000738s ]

[ 2017-09-14T16:10:57+08:00 ] ::1 /code/Angelababy/Public/image/57a7ec1a861e266358.jpg
INFO: [ app_init ] --START--
INFO: Run Behavior\BuildLiteBehavior [ RunTime:0.000024s ]
INFO: [ app_init ] --END-- [ RunTime:0.000716s ]

[ 2017-09-14T16:10:57+08:00 ] ::1 /code/Angelababy/Public/image/561e03a60e3cb47662.jpg!thumb220.jpg
INFO: [ app_init ] --START--
INFO: Run Behavior\BuildLiteBehavior [ RunTime:0.000022s ]
INFO: [ app_init ] --END-- [ RunTime:0.000640s ]

[ 2017-09-14T16:10:57+08:00 ] ::1 /code/Angelababy/Public/image/56a1c5610604b12775.jpg!thumb220.jpg
INFO: [ app_init ] --START--
INFO: Run Behavior\BuildLiteBehavior [ RunTime:0.000027s ]
INFO: [ app_init ] --END-- [ RunTime:0.000744s ]

[ 2017-09-14T16:10:57+08:00 ] ::1 /code/Angelababy/Public/image/5756a4257695257481.jpg!thumb220.jpg
INFO: [ app_init ] --START--
INFO: Run Behavior\BuildLiteBehavior [ RunTime:0.000022s ]
INFO: [ app_init ] --END-- [ RunTime:0.000620s ]

[ 2017-09-14T16:10:57+08:00 ] ::1 /code/Angelababy/Public/image/572dd7f1e9cd873807.jpg
INFO: [ app_init ] --START--
INFO: Run Behavior\BuildLiteBehavior [ RunTime:0.000026s ]
INFO: [ app_init ] --END-- [ RunTime:0.000675s ]

[ 2017-09-14T16:10:57+08:00 ] ::1 /code/Angelababy/Public/image/5640736873a2c18944.jpg!thumb220.jpg
INFO: [ app_init ] --START--
INFO: Run Behavior\BuildLiteBehavior [ RunTime:0.000043s ]
INFO: [ app_init ] --END-- [ RunTime:0.000842s ]

[ 2017-09-14T16:10:57+08:00 ] ::1 /code/Angelababy/Public/image/5795a7a49ed5238759.jpg!thumb220.jpg
INFO: [ app_init ] --START--
INFO: Run Behavior\BuildLiteBehavior [ RunTime:0.000030s ]
INFO: [ app_init ] --END-- [ RunTime:0.000673s ]

[ 2017-09-14T16:10:57+08:00 ] ::1 /code/Angelababy/Public/image/57a7ec157bbcc60544.jpg!thumb220.jpg
INFO: [ app_init ] --START--
INFO: Run Behavior\BuildLiteBehavior [ RunTime:0.000025s ]
INFO: [ app_init ] --END-- [ RunTime:0.000656s ]

[ 2017-09-14T16:10:57+08:00 ] ::1 /code/Angelababy/Public/image/57abedd5de18716300.jpg
INFO: [ app_init ] --START--
INFO: Run Behavior\BuildLiteBehavior [ RunTime:0.000022s ]
INFO: [ app_init ] --END-- [ RunTime:0.000627s ]

[ 2017-09-14T16:10:57+08:00 ] ::1 /code/Angelababy/Public/image/5640735e3712687063.jpg!thumb220.jpg
INFO: [ app_init ] --START--
INFO: Run Behavior\BuildLiteBehavior [ RunTime:0.000026s ]
INFO: [ app_init ] --END-- [ RunTime:0.000619s ]

[ 2017-09-14T16:10:57+08:00 ] ::1 /code/Angelababy/Public/image/5735400e523ca84322.jpg!thumb220.jpg
INFO: [ app_init ] --START--
INFO: Run Behavior\BuildLiteBehavior [ RunTime:0.000029s ]
INFO: [ app_init ] --END-- [ RunTime:0.000791s ]

[ 2017-09-14T16:10:57+08:00 ] ::1 /code/Angelababy/Public/image/57b57aef8494e47741.jpg!thumb220.jpg
INFO: [ app_init ] --START--
INFO: Run Behavior\BuildLiteBehavior [ RunTime:0.000023s ]
INFO: [ app_init ] --END-- [ RunTime:0.000655s ]

[ 2017-09-14T16:10:57+08:00 ] ::1 /code/Angelababy/Public/image/56374099cdb9d66161.jpg!thumb220.jpg
INFO: [ app_init ] --START--
INFO: Run Behavior\BuildLiteBehavior [ RunTime:0.000025s ]
INFO: [ app_init ] --END-- [ RunTime:0.000704s ]

[ 2017-09-14T16:10:57+08:00 ] ::1 /code/Angelababy/Public/image/5735403d0846721870.jpg!thumb220.jpg
INFO: [ app_init ] --START--
INFO: Run Behavior\BuildLiteBehavior [ RunTime:0.000146s ]
INFO: [ app_init ] --END-- [ RunTime:0.003975s ]

[ 2017-09-14T16:10:57+08:00 ] ::1 /code/Angelababy/Public/image/56efc9c440cbd49231.jpg!thumb220.jpg
INFO: [ app_init ] --START--
INFO: Run Behavior\BuildLiteBehavior [ RunTime:0.000088s ]
INFO: [ app_init ] --END-- [ RunTime:0.001443s ]

[ 2017-09-14T16:10:57+08:00 ] ::1 /code/Angelababy/Public/image/57a7ed6d65ca628543.jpg!thumb220.jpg
INFO: [ app_init ] --START--
INFO: Run Behavior\BuildLiteBehavior [ RunTime:0.000026s ]
INFO: [ app_init ] --END-- [ RunTime:0.000624s ]

[ 2017-09-14T16:10:57+08:00 ] ::1 /code/Angelababy/Public/image/56d80b511c3ce57438.jpg!thumb220.jpg
INFO: [ app_init ] --START--
INFO: Run Behavior\BuildLiteBehavior [ RunTime:0.000026s ]
INFO: [ app_init ] --END-- [ RunTime:0.000678s ]

[ 2017-09-14T16:10:57+08:00 ] ::1 /code/Angelababy/Public/image/579f0829b30f234760.jpg!thumb220.jpg
INFO: [ app_init ] --START--
INFO: Run Behavior\BuildLiteBehavior [ RunTime:0.000025s ]
INFO: [ app_init ] --END-- [ RunTime:0.000877s ]

[ 2017-09-14T16:10:57+08:00 ] ::1 /code/Angelababy/Public/image/5791bd17030f814166.jpg!thumb220.jpg
INFO: [ app_init ] --START--
INFO: Run Behavior\BuildLiteBehavior [ RunTime:0.000023s ]
INFO: [ app_init ] --END-- [ RunTime:0.000856s ]

[ 2017-09-14T16:10:57+08:00 ] ::1 /code/Angelababy/Public/image/57a06a2a9621c72275.jpg!thumb220.jpg
INFO: [ app_init ] --START--
INFO: Run Behavior\BuildLiteBehavior [ RunTime:0.000025s ]
INFO: [ app_init ] --END-- [ RunTime:0.000673s ]

[ 2017-09-14T16:10:57+08:00 ] ::1 /code/Angelababy/Public/image/5621b24e25e6248824.jpg!thumb220.jpg
INFO: [ app_init ] --START--
INFO: Run Behavior\BuildLiteBehavior [ RunTime:0.000024s ]
INFO: [ app_init ] --END-- [ RunTime:0.000647s ]

[ 2017-09-14T16:10:57+08:00 ] ::1 /code/Angelababy/Public/image/5637446e2d5ee67837.jpg
INFO: [ app_init ] --START--
INFO: Run Behavior\BuildLiteBehavior [ RunTime:0.000027s ]
INFO: [ app_init ] --END-- [ RunTime:0.000757s ]

[ 2017-09-14T16:10:58+08:00 ] ::1 /code/Angelababy/Public/image/54365f91e130911892.jpg
INFO: [ app_init ] --START--
INFO: Run Behavior\BuildLiteBehavior [ RunTime:0.000023s ]
INFO: [ app_init ] --END-- [ RunTime:0.000676s ]

[ 2017-09-14T16:10:58+08:00 ] ::1 /code/Angelababy/Public/image/570c92e64879a59695.jpg!thumb220.jpg
INFO: [ app_init ] --START--
INFO: Run Behavior\BuildLiteBehavior [ RunTime:0.000024s ]
INFO: [ app_init ] --END-- [ RunTime:0.001893s ]

[ 2017-09-14T16:10:58+08:00 ] ::1 /code/Angelababy/Public/image/577b6c126884c98714.jpg
INFO: [ app_init ] --START--
INFO: Run Behavior\BuildLiteBehavior [ RunTime:0.000018s ]
INFO: [ app_init ] --END-- [ RunTime:0.000603s ]

[ 2017-09-14T16:10:58+08:00 ] ::1 /code/Angelababy/Public/image/576263b788bec69039.jpg
INFO: [ app_init ] --START--
INFO: Run Behavior\BuildLiteBehavior [ RunTime:0.000022s ]
INFO: [ app_init ] --END-- [ RunTime:0.000627s ]

[ 2017-09-14T16:10:58+08:00 ] ::1 /code/Angelababy/Public/image/546d95ada3e2084497.jpg
INFO: [ app_init ] --START--
INFO: Run Behavior\BuildLiteBehavior [ RunTime:0.000023s ]
INFO: [ app_init ] --END-- [ RunTime:0.000735s ]

[ 2017-09-14T16:10:57+08:00 ] ::1 /code/Angelababy/Public/image/577f007c56ea942623.jpg
INFO: [ app_init ] --START--
INFO: Run Behavior\BuildLiteBehavior [ RunTime:0.000024s ]
INFO: [ app_init ] --END-- [ RunTime:0.008090s ]

[ 2017-09-14T16:10:58+08:00 ] ::1 /code/Angelababy/Public/image/575d09b78457490925.jpg
INFO: [ app_init ] --START--
INFO: Run Behavior\BuildLiteBehavior [ RunTime:0.000021s ]
INFO: [ app_init ] --END-- [ RunTime:0.000589s ]

[ 2017-09-14T16:10:58+08:00 ] ::1 /code/Angelababy/Public/image/578c93155055245327.jpg!thumb220.jpg
INFO: [ app_init ] --START--
INFO: Run Behavior\BuildLiteBehavior [ RunTime:0.000021s ]
INFO: [ app_init ] --END-- [ RunTime:0.000590s ]

[ 2017-09-14T16:10:58+08:00 ] ::1 /code/Angelababy/Public/image/56373fb8003cd56580.png
INFO: [ app_init ] --START--
INFO: Run Behavior\BuildLiteBehavior [ RunTime:0.000021s ]
INFO: [ app_init ] --END-- [ RunTime:0.000595s ]

[ 2017-09-14T16:10:58+08:00 ] ::1 /code/Angelababy/Public/image/56373fa13b56c34127.png
INFO: [ app_init ] --START--
INFO: Run Behavior\BuildLiteBehavior [ RunTime:0.000025s ]
INFO: [ app_init ] --END-- [ RunTime:0.000681s ]

[ 2017-09-14T16:10:58+08:00 ] ::1 /code/Angelababy/Public/image/563745f67f45545765.jpg
INFO: [ app_init ] --START--
INFO: Run Behavior\BuildLiteBehavior [ RunTime:0.000029s ]
INFO: [ app_init ] --END-- [ RunTime:0.000683s ]

[ 2017-09-14T16:10:58+08:00 ] ::1 /code/Angelababy/Public/image/56373f0942efb91911.png
INFO: [ app_init ] --START--
INFO: Run Behavior\BuildLiteBehavior [ RunTime:0.000021s ]
INFO: [ app_init ] --END-- [ RunTime:0.000648s ]

[ 2017-09-14T16:10:58+08:00 ] ::1 /code/Angelababy/Public/image/56373fca146c696076.png
INFO: [ app_init ] --START--
INFO: Run Behavior\BuildLiteBehavior [ RunTime:0.000021s ]
INFO: [ app_init ] --END-- [ RunTime:0.000615s ]

[ 2017-09-14T16:10:58+08:00 ] ::1 /code/Angelababy/Public/image/56373fabc52f380458.png
INFO: [ app_init ] --START--
INFO: Run Behavior\BuildLiteBehavior [ RunTime:0.000024s ]
INFO: [ app_init ] --END-- [ RunTime:0.000798s ]

[ 2017-09-14T16:10:58+08:00 ] ::1 /code/Angelababy/Public/image/56373f338aecd36882.png
INFO: [ app_init ] --START--
INFO: Run Behavior\BuildLiteBehavior [ RunTime:0.000026s ]
INFO: [ app_init ] --END-- [ RunTime:0.000827s ]

[ 2017-09-14T16:10:58+08:00 ] ::1 /code/Angelababy/Public/image/56373fdd10c0287862.png
INFO: [ app_init ] --START--
INFO: Run Behavior\BuildLiteBehavior [ RunTime:0.000017s ]
INFO: [ app_init ] --END-- [ RunTime:0.000474s ]

[ 2017-09-14T16:10:58+08:00 ] ::1 /code/Angelababy/Public/image/56373ffa60d3c70098.png
INFO: [ app_init ] --START--
INFO: Run Behavior\BuildLiteBehavior [ RunTime:0.000024s ]
INFO: [ app_init ] --END-- [ RunTime:0.000619s ]

[ 2017-09-14T16:10:59+08:00 ] ::1 /code/Angelababy/Public/image/57a7ec157bbcc60544.jpg!thumb220.jpg
INFO: [ app_init ] --START--
INFO: Run Behavior\BuildLiteBehavior [ RunTime:0.000025s ]
INFO: [ app_init ] --END-- [ RunTime:0.000603s ]

[ 2017-09-14T16:10:59+08:00 ] ::1 /code/Angelababy/Public/image/564acb7e6cf8474119.jpg!thumb220.jpg
INFO: [ app_init ] --START--
INFO: Run Behavior\BuildLiteBehavior [ RunTime:0.000023s ]
INFO: [ app_init ] --END-- [ RunTime:0.000656s ]

[ 2017-09-14T16:10:59+08:00 ] ::1 /code/Angelababy/Public/image/579f0829b30f234760.jpg!thumb220.jpg
INFO: [ app_init ] --START--
INFO: Run Behavior\BuildLiteBehavior [ RunTime:0.000031s ]
INFO: [ app_init ] --END-- [ RunTime:0.000746s ]

[ 2017-09-14T16:10:59+08:00 ] ::1 /code/Angelababy/Public/image/575692160a7c882237.jpg!thumb220.jpg
INFO: [ app_init ] --START--
INFO: Run Behavior\BuildLiteBehavior [ RunTime:0.000025s ]
INFO: [ app_init ] --END-- [ RunTime:0.000732s ]

[ 2017-09-14T16:10:59+08:00 ] ::1 /code/Angelababy/Public/image/57a7ec1a861e266358.jpg
INFO: [ app_init ] --START--
INFO: Run Behavior\BuildLiteBehavior [ RunTime:0.000024s ]
INFO: [ app_init ] --END-- [ RunTime:0.000720s ]

[ 2017-09-14T16:10:59+08:00 ] ::1 /code/Angelababy/Public/image/5756a4257695257481.jpg!thumb220.jpg
INFO: [ app_init ] --START--
INFO: Run Behavior\BuildLiteBehavior [ RunTime:0.000020s ]
INFO: [ app_init ] --END-- [ RunTime:0.000608s ]

[ 2017-09-14T16:10:59+08:00 ] ::1 /code/Angelababy/Public/image/572dd7f1e9cd873807.jpg
INFO: [ app_init ] --START--
INFO: Run Behavior\BuildLiteBehavior [ RunTime:0.000152s ]
INFO: [ app_init ] --END-- [ RunTime:0.003253s ]

[ 2017-09-14T16:10:59+08:00 ] ::1 /code/Angelababy/Public/image/5640736873a2c18944.jpg!thumb220.jpg
INFO: [ app_init ] --START--
INFO: Run Behavior\BuildLiteBehavior [ RunTime:0.000021s ]
INFO: [ app_init ] --END-- [ RunTime:0.000635s ]

[ 2017-09-14T16:11:00+08:00 ] ::1 /code/Angelababy/Public/image/57abedd5de18716300.jpg
INFO: [ app_init ] --START--
INFO: Run Behavior\BuildLiteBehavior [ RunTime:0.000027s ]
INFO: [ app_init ] --END-- [ RunTime:0.000857s ]

[ 2017-09-14T16:10:59+08:00 ] ::1 /code/Angelababy/Public/image/56a1c5610604b12775.jpg!thumb220.jpg
INFO: [ app_init ] --START--
INFO: Run Behavior\BuildLiteBehavior [ RunTime:0.000025s ]
INFO: [ app_init ] --END-- [ RunTime:0.000654s ]

[ 2017-09-14T16:11:00+08:00 ] ::1 /code/Angelababy/Public/image/5735403d0846721870.jpg!thumb220.jpg
INFO: [ app_init ] --START--
INFO: Run Behavior\BuildLiteBehavior [ RunTime:0.000022s ]
INFO: [ app_init ] --END-- [ RunTime:0.000636s ]

[ 2017-09-14T16:10:59+08:00 ] ::1 /code/Angelababy/Public/image/5735400e523ca84322.jpg!thumb220.jpg
INFO: [ app_init ] --START--
INFO: Run Behavior\BuildLiteBehavior [ RunTime:0.000023s ]
INFO: [ app_init ] --END-- [ RunTime:0.000623s ]

[ 2017-09-14T16:11:00+08:00 ] ::1 /code/Angelababy/Public/image/5640735e3712687063.jpg!thumb220.jpg
INFO: [ app_init ] --START--
INFO: Run Behavior\BuildLiteBehavior [ RunTime:0.000022s ]
INFO: [ app_init ] --END-- [ RunTime:0.000629s ]

[ 2017-09-14T16:11:00+08:00 ] ::1 /code/Angelababy/Public/image/56efc9c440cbd49231.jpg!thumb220.jpg
INFO: [ app_init ] --START--
INFO: Run Behavior\BuildLiteBehavior [ RunTime:0.000032s ]
INFO: [ app_init ] --END-- [ RunTime:0.000868s ]

[ 2017-09-14T16:11:00+08:00 ] ::1 /code/Angelababy/Public/image/57a7ed6d65ca628543.jpg!thumb220.jpg
INFO: [ app_init ] --START--
INFO: Run Behavior\BuildLiteBehavior [ RunTime:0.000024s ]
INFO: [ app_init ] --END-- [ RunTime:0.000684s ]

[ 2017-09-14T16:11:00+08:00 ] ::1 /code/Angelababy/Public/image/5791bd17030f814166.jpg!thumb220.jpg
INFO: [ app_init ] --START--
INFO: Run Behavior\BuildLiteBehavior [ RunTime:0.000023s ]
INFO: [ app_init ] --END-- [ RunTime:0.000601s ]

[ 2017-09-14T16:11:00+08:00 ] ::1 /code/Angelababy/Public/image/57b57aef8494e47741.jpg!thumb220.jpg
INFO: [ app_init ] --START--
INFO: Run Behavior\BuildLiteBehavior [ RunTime:0.000055s ]
INFO: [ app_init ] --END-- [ RunTime:0.001015s ]

[ 2017-09-14T16:11:00+08:00 ] ::1 /code/Angelababy/Public/image/56d80b511c3ce57438.jpg!thumb220.jpg
INFO: [ app_init ] --START--
INFO: Run Behavior\BuildLiteBehavior [ RunTime:0.000026s ]
INFO: [ app_init ] --END-- [ RunTime:0.019071s ]

[ 2017-09-14T16:11:00+08:00 ] ::1 /code/Angelababy/Public/image/5621b24e25e6248824.jpg!thumb220.jpg
INFO: [ app_init ] --START--
INFO: Run Behavior\BuildLiteBehavior [ RunTime:0.000026s ]
INFO: [ app_init ] --END-- [ RunTime:0.000617s ]

[ 2017-09-14T16:11:00+08:00 ] ::1 /code/Angelababy/Public/image/577f007c56ea942623.jpg
INFO: [ app_init ] --START--
INFO: Run Behavior\BuildLiteBehavior [ RunTime:0.000027s ]
INFO: [ app_init ] --END-- [ RunTime:0.001002s ]

[ 2017-09-14T16:11:00+08:00 ] ::1 /code/Angelababy/Public/image/561e03a60e3cb47662.jpg!thumb220.jpg
INFO: [ app_init ] --START--
INFO: Run Behavior\BuildLiteBehavior [ RunTime:0.000021s ]
INFO: [ app_init ] --END-- [ RunTime:0.000697s ]

[ 2017-09-14T16:11:00+08:00 ] ::1 /code/Angelababy/Public/image/577b6c126884c98714.jpg
INFO: [ app_init ] --START--
INFO: Run Behavior\BuildLiteBehavior [ RunTime:0.000023s ]
INFO: [ app_init ] --END-- [ RunTime:0.000714s ]

003041s ]

[ 2017-09-14T16:11:00+08:00 ] ::1 /code/Angelababy/Public/image/576263b788bec69039.jpg
INFO: [ app_init ] --START--
INFO: Run Behavior\BuildLiteBehavior [ RunTime:0.000024s ]
INFO: [ app_init ] --END-- [ RunTime:0.001101s ]

[ 2017-09-14T16:11:00+08:00 ] ::1 /code/Angelababy/Public/image/57ba9c0ec94f532807.jpg
INFO: [ app_init ] --START--
INFO: Run Behavior\BuildLiteBehavior [ RunTime:0.000024s ]
INFO: [ app_init ] --END-- [ RunTime:0.000637s ]

[ 2017-09-14T16:11:00+08:00 ] ::1 /code/Angelababy/Public/image/575d09b78457490925.jpg
INFO: [ app_init ] --START--
INFO: Run Behavior\BuildLiteBehavior [ RunTime:0.000024s ]
INFO: [ app_init ] --END-- [ RunTime:0.000865s ]

[ 2017-09-14T16:11:00+08:00 ] ::1 /code/Angelababy/Public/image/56373fabc52f380458.png
INFO: [ app_init ] --START--
INFO: Run Behavior\BuildLiteBehavior [ RunTime:0.000022s ]
INFO: [ app_init ] --END-- [ RunTime:0.000622s ]

[ 2017-09-14T16:11:00+08:00 ] ::1 /code/Angelababy/Public/image/563745f67f45545765.jpg
INFO: [ app_init ] --START--
INFO: Run Behavior\BuildLiteBehavior [ RunTime:0.000078s ]
INFO: [ app_init ] --END-- [ RunTime:0.001668s ]

[ 2017-09-14T16:11:00+08:00 ] ::1 /code/Angelababy/Public/image/578c93155055245327.jpg!thumb220.jpg
INFO: [ app_init ] --START--
INFO: Run Behavior\BuildLiteBehavior [ RunTime:0.000026s ]
INFO: [ app_init ] --END-- [ RunTime:0.000713s ]

[ 2017-09-14T16:11:00+08:00 ] ::1 /code/Angelababy/Public/image/56373f0942efb91911.png
INFO: [ app_init ] --START--
INFO: Run Behavior\BuildLiteBehavior [ RunTime:0.000023s ]
INFO: [ app_init ] --END-- [ RunTime:0.000630s ]

[ 2017-09-14T16:11:00+08:00 ] ::1 /code/Angelababy/Public/image/56373fa13b56c34127.png
INFO: [ app_init ] --START--
INFO: Run Behavior\BuildLiteBehavior [ RunTime:0.000022s ]
INFO: [ app_init ] --END-- [ RunTime:0.000609s ]

[ 2017-09-14T16:11:00+08:00 ] ::1 /code/Angelababy/Public/image/56373f338aecd36882.png
INFO: [ app_init ] --START--
INFO: Run Behavior\BuildLiteBehavior [ RunTime:0.000111s ]
INFO: [ app_init ] --END-- [ RunTime:0.000811s ]

[ 2017-09-14T16:11:00+08:00 ] ::1 /code/Angelababy/Public/image/56373ffa60d3c70098.png
INFO: [ app_init ] --START--
INFO: Run Behavior\BuildLiteBehavior [ RunTime:0.000025s ]
INFO: [ app_init ] --END-- [ RunTime:0.000621s ]

[ 2017-09-14T16:11:00+08:00 ] ::1 /code/Angelababy/Public/image/56373fdd10c0287862.png
INFO: [ app_init ] --START--
INFO: Run Behavior\BuildLiteBehavior [ RunTime:0.000029s ]
INFO: [ app_init ] --END-- [ RunTime:0.001533s ]

[ 2017-09-14T16:11:04+08:00 ] ::1 /code/Angelababy/Public/images/56373fb8003cd56580.png
INFO: [ app_init ] --START--
INFO: Run Behavior\BuildLiteBehavior [ RunTime:0.000028s ]
INFO: [ app_init ] --END-- [ RunTime:0.000716s ]

[ 2017-09-14T16:15:52+08:00 ] ::1 /code/Angelababy/Public/images/56373fb8003cd56580.png
INFO: [ app_init ] --START--
INFO: Run Behavior\BuildLiteBehavior [ RunTime:0.000025s ]
INFO: [ app_init ] --END-- [ RunTime:0.000838s ]

[ 2017-09-14T16:16:11+08:00 ] ::1 /code/Angelababy/Public/images/56373fb8003cd56580.png
INFO: [ app_init ] --START--
INFO: Run Behavior\BuildLiteBehavior [ RunTime:0.000028s ]
INFO: [ app_init ] --END-- [ RunTime:0.001125s ]

[ 2017-09-14T16:16:13+08:00 ] ::1 /code/Angelababy/Public/images/56373fb8003cd56580.png
INFO: [ app_init ] --START--
INFO: Run Behavior\BuildLiteBehavior [ RunTime:0.000021s ]
INFO: [ app_init ] --END-- [ RunTime:0.000599s ]

[ 2017-09-14T16:16:43+08:00 ] ::1 /code/Angelababy/Public/images/56373fb8003cd56580.png
INFO: [ app_init ] --START--
INFO: Run Behavior\BuildLiteBehavior [ RunTime:0.000031s ]
INFO: [ app_init ] --END-- [ RunTime:0.000786s ]

[ 2017-09-14T16:17:40+08:00 ] ::1 /code/Angelababy/Public/images/56373fb8003cd56580.png
INFO: [ app_init ] --START--
INFO: Run Behavior\BuildLiteBehavior [ RunTime:0.000025s ]
INFO: [ app_init ] --END-- [ RunTime:0.000755s ]

[ 2017-09-14T16:18:17+08:00 ] ::1 /code/Angelababy/Public/images/56373fb8003cd56580.png
INFO: [ app_init ] --START--
INFO: Run Behavior\BuildLiteBehavior [ RunTime:0.000072s ]
INFO: [ app_init ] --END-- [ RunTime:0.003334s ]

[ 2017-09-14T16:18:43+08:00 ] ::1 /code/Angelababy/Public/images/56373fb8003cd56580.png
INFO: [ app_init ] --START--
INFO: Run Behavior\BuildLiteBehavior [ RunTime:0.000032s ]
INFO: [ app_init ] --END-- [ RunTime:0.000886s ]

[ 2017-09-14T16:18:59+08:00 ] ::1 /code/Angelababy/Public/images/56373fb8003cd56580.png
INFO: [ app_init ] --START--
INFO: Run Behavior\BuildLiteBehavior [ RunTime:0.000025s ]
INFO: [ app_init ] --END-- [ RunTime:0.000816s ]

[ 2017-09-14T16:19:57+08:00 ] ::1 /code/Angelababy/Public/images/56373fb8003cd56580.png
INFO: [ app_init ] --START--
INFO: Run Behavior\BuildLiteBehavior [ RunTime:0.000032s ]
INFO: [ app_init ] --END-- [ RunTime:0.001988s ]

[ 2017-09-14T16:19:58+08:00 ] ::1 /code/angelababy/public/logo-single.png
INFO: [ app_init ] --START--
INFO: Run Behavior\BuildLiteBehavior [ RunTime:0.000025s ]
INFO: [ app_init ] --END-- [ RunTime:0.002413s ]

